{"D:\\faang\\pulsegrid\\src\\__tests__\\integration\\loadTest.js": {"path":"D:\\faang\\pulsegrid\\src\\__tests__\\integration\\loadTest.js","statementMap":{"0":{"start":{"line":1,"column":14},"end":{"line":1,"column":30}},"1":{"start":{"line":3,"column":12},"end":{"line":3,"column":59}},"2":{"start":{"line":5,"column":14},"end":{"line":5,"column":57}},"3":{"start":{"line":5,"column":22},"end":{"line":5,"column":57}},"4":{"start":{"line":5,"column":39},"end":{"line":5,"column":56}},"5":{"start":{"line":7,"column":19},"end":{"line":7,"column":20}},"6":{"start":{"line":8,"column":16},"end":{"line":8,"column":20}},"7":{"start":{"line":12,"column":14},"end":{"line":16,"column":4}},"8":{"start":{"line":18,"column":2},"end":{"line":18,"column":24}},"9":{"start":{"line":22,"column":18},"end":{"line":45,"column":1}},"10":{"start":{"line":23,"column":2},"end":{"line":44,"column":3}},"11":{"start":{"line":24,"column":4},"end":{"line":41,"column":6}},"12":{"start":{"line":43,"column":4},"end":{"line":43,"column":49}},"13":{"start":{"line":49,"column":2},"end":{"line":49,"column":35}},"14":{"start":{"line":51,"column":2},"end":{"line":51,"column":36}},"15":{"start":{"line":52,"column":2},"end":{"line":55,"column":3}},"16":{"start":{"line":52,"column":15},"end":{"line":52,"column":16}},"17":{"start":{"line":53,"column":4},"end":{"line":53,"column":22}},"18":{"start":{"line":54,"column":4},"end":{"line":54,"column":21}},"19":{"start":{"line":57,"column":2},"end":{"line":57,"column":34}},"20":{"start":{"line":58,"column":2},"end":{"line":60,"column":4}},"21":{"start":{"line":59,"column":37},"end":{"line":59,"column":48}},"22":{"start":{"line":62,"column":2},"end":{"line":62,"column":20}},"23":{"start":{"line":64,"column":2},"end":{"line":64,"column":32}},"24":{"start":{"line":65,"column":2},"end":{"line":68,"column":3}},"25":{"start":{"line":65,"column":15},"end":{"line":65,"column":16}},"26":{"start":{"line":66,"column":4},"end":{"line":66,"column":22}},"27":{"start":{"line":67,"column":4},"end":{"line":67,"column":21}},"28":{"start":{"line":70,"column":2},"end":{"line":70,"column":34}},"29":{"start":{"line":71,"column":2},"end":{"line":73,"column":4}},"30":{"start":{"line":72,"column":38},"end":{"line":72,"column":49}},"31":{"start":{"line":75,"column":2},"end":{"line":75,"column":35}},"32":{"start":{"line":78,"column":0},"end":{"line":78,"column":16}}},"fnMap":{"0":{"name":"(anonymous_0)","decl":{"start":{"line":5,"column":14},"end":{"line":5,"column":15}},"loc":{"start":{"line":5,"column":22},"end":{"line":5,"column":57}},"line":5},"1":{"name":"(anonymous_1)","decl":{"start":{"line":5,"column":34},"end":{"line":5,"column":35}},"loc":{"start":{"line":5,"column":39},"end":{"line":5,"column":56}},"line":5},"2":{"name":"getAuthToken","decl":{"start":{"line":11,"column":15},"end":{"line":11,"column":27}},"loc":{"start":{"line":11,"column":30},"end":{"line":19,"column":1}},"line":11},"3":{"name":"(anonymous_3)","decl":{"start":{"line":22,"column":18},"end":{"line":22,"column":19}},"loc":{"start":{"line":22,"column":30},"end":{"line":45,"column":1}},"line":22},"4":{"name":"runSimulation","decl":{"start":{"line":47,"column":15},"end":{"line":47,"column":28}},"loc":{"start":{"line":47,"column":31},"end":{"line":76,"column":1}},"line":47},"5":{"name":"(anonymous_5)","decl":{"start":{"line":59,"column":31},"end":{"line":59,"column":32}},"loc":{"start":{"line":59,"column":37},"end":{"line":59,"column":48}},"line":59},"6":{"name":"(anonymous_6)","decl":{"start":{"line":72,"column":32},"end":{"line":72,"column":33}},"loc":{"start":{"line":72,"column":38},"end":{"line":72,"column":49}},"line":72}},"branchMap":{},"s":{"0":0,"1":0,"2":0,"3":0,"4":0,"5":0,"6":0,"7":0,"8":0,"9":0,"10":0,"11":0,"12":0,"13":0,"14":0,"15":0,"16":0,"17":0,"18":0,"19":0,"20":0,"21":0,"22":0,"23":0,"24":0,"25":0,"26":0,"27":0,"28":0,"29":0,"30":0,"31":0,"32":0},"f":{"0":0,"1":0,"2":0,"3":0,"4":0,"5":0,"6":0},"b":{}}
,"D:\\faang\\pulsegrid\\src\\__tests__\\integration\\setup.js": {"path":"D:\\faang\\pulsegrid\\src\\__tests__\\integration\\setup.js","statementMap":{"0":{"start":{"line":2,"column":0},"end":{"line":2,"column":42}},"1":{"start":{"line":3,"column":0},"end":{"line":3,"column":58}},"2":{"start":{"line":4,"column":0},"end":{"line":4,"column":32}},"3":{"start":{"line":6,"column":16},"end":{"line":6,"column":31}},"4":{"start":{"line":7,"column":16},"end":{"line":7,"column":34}},"5":{"start":{"line":8,"column":16},"end":{"line":8,"column":31}},"6":{"start":{"line":9,"column":16},"end":{"line":9,"column":33}},"7":{"start":{"line":12,"column":0},"end":{"line":32,"column":4}},"8":{"start":{"line":12,"column":39},"end":{"line":32,"column":1}},"9":{"start":{"line":18,"column":29},"end":{"line":24,"column":5}},"10":{"start":{"line":34,"column":0},"end":{"line":41,"column":4}},"11":{"start":{"line":34,"column":27},"end":{"line":41,"column":1}},"12":{"start":{"line":35,"column":51},"end":{"line":38,"column":3}},"13":{"start":{"line":39,"column":51},"end":{"line":39,"column":68}},"14":{"start":{"line":40,"column":51},"end":{"line":40,"column":68}},"15":{"start":{"line":43,"column":18},"end":{"line":51,"column":1}},"16":{"start":{"line":44,"column":14},"end":{"line":44,"column":23}},"17":{"start":{"line":45,"column":2},"end":{"line":45,"column":20}},"18":{"start":{"line":46,"column":2},"end":{"line":46,"column":18}},"19":{"start":{"line":47,"column":2},"end":{"line":47,"column":26}},"20":{"start":{"line":48,"column":2},"end":{"line":48,"column":62}},"21":{"start":{"line":49,"column":2},"end":{"line":49,"column":63}},"22":{"start":{"line":50,"column":2},"end":{"line":50,"column":13}},"23":{"start":{"line":53,"column":0},"end":{"line":53,"column":31}}},"fnMap":{"0":{"name":"(anonymous_0)","decl":{"start":{"line":12,"column":32},"end":{"line":12,"column":33}},"loc":{"start":{"line":12,"column":39},"end":{"line":32,"column":1}},"line":12},"1":{"name":"(anonymous_1)","decl":{"start":{"line":18,"column":22},"end":{"line":18,"column":23}},"loc":{"start":{"line":18,"column":29},"end":{"line":24,"column":5}},"line":18},"2":{"name":"(anonymous_2)","decl":{"start":{"line":34,"column":20},"end":{"line":34,"column":21}},"loc":{"start":{"line":34,"column":27},"end":{"line":41,"column":1}},"line":34},"3":{"name":"(anonymous_3)","decl":{"start":{"line":35,"column":44},"end":{"line":35,"column":45}},"loc":{"start":{"line":35,"column":51},"end":{"line":38,"column":3}},"line":35},"4":{"name":"(anonymous_4)","decl":{"start":{"line":39,"column":44},"end":{"line":39,"column":45}},"loc":{"start":{"line":39,"column":51},"end":{"line":39,"column":68}},"line":39},"5":{"name":"(anonymous_5)","decl":{"start":{"line":40,"column":44},"end":{"line":40,"column":45}},"loc":{"start":{"line":40,"column":51},"end":{"line":40,"column":68}},"line":40},"6":{"name":"(anonymous_6)","decl":{"start":{"line":43,"column":18},"end":{"line":43,"column":19}},"loc":{"start":{"line":43,"column":24},"end":{"line":51,"column":1}},"line":43}},"branchMap":{},"s":{"0":5,"1":5,"2":5,"3":5,"4":5,"5":5,"6":5,"7":5,"8":5,"9":0,"10":5,"11":5,"12":15,"13":15,"14":0,"15":5,"16":5,"17":5,"18":5,"19":5,"20":5,"21":5,"22":5,"23":5},"f":{"0":5,"1":0,"2":5,"3":15,"4":15,"5":0,"6":5},"b":{},"_coverageSchema":"1a1c01bbd47fc00a2c39e90264f33305004495a9","hash":"5568dda763540c19128608d1d35b30c30aa60ed1"}
,"D:\\faang\\pulsegrid\\src\\config\\index.js": {"path":"D:\\faang\\pulsegrid\\src\\config\\index.js","statementMap":{"0":{"start":{"line":1,"column":0},"end":{"line":1,"column":27}},"1":{"start":{"line":17,"column":0},"end":{"line":45,"column":2}}},"fnMap":{},"branchMap":{"0":{"loc":{"start":{"line":18,"column":11},"end":{"line":18,"column":45}},"type":"binary-expr","locations":[{"start":{"line":18,"column":11},"end":{"line":18,"column":37}},{"start":{"line":18,"column":41},"end":{"line":18,"column":45}}],"line":18},"1":{"loc":{"start":{"line":19,"column":11},"end":{"line":19,"column":54}},"type":"binary-expr","locations":[{"start":{"line":19,"column":11},"end":{"line":19,"column":31}},{"start":{"line":19,"column":41},"end":{"line":19,"column":54}}],"line":19},"2":{"loc":{"start":{"line":22,"column":22},"end":{"line":22,"column":81}},"type":"binary-expr","locations":[{"start":{"line":22,"column":22},"end":{"line":22,"column":46}},{"start":{"line":22,"column":58},"end":{"line":22,"column":81}}],"line":22},"3":{"loc":{"start":{"line":23,"column":22},"end":{"line":23,"column":62}},"type":"binary-expr","locations":[{"start":{"line":23,"column":22},"end":{"line":23,"column":54}},{"start":{"line":23,"column":58},"end":{"line":23,"column":62}}],"line":23},"4":{"loc":{"start":{"line":27,"column":14},"end":{"line":27,"column":52}},"type":"binary-expr","locations":[{"start":{"line":27,"column":14},"end":{"line":27,"column":33}},{"start":{"line":27,"column":41},"end":{"line":27,"column":52}}],"line":27},"5":{"loc":{"start":{"line":28,"column":14},"end":{"line":28,"column":51}},"type":"binary-expr","locations":[{"start":{"line":28,"column":14},"end":{"line":28,"column":43}},{"start":{"line":28,"column":47},"end":{"line":28,"column":51}}],"line":28},"6":{"loc":{"start":{"line":29,"column":14},"end":{"line":29,"column":52}},"type":"binary-expr","locations":[{"start":{"line":29,"column":14},"end":{"line":29,"column":33}},{"start":{"line":29,"column":41},"end":{"line":29,"column":52}}],"line":29},"7":{"loc":{"start":{"line":30,"column":14},"end":{"line":30,"column":51}},"type":"binary-expr","locations":[{"start":{"line":30,"column":14},"end":{"line":30,"column":33}},{"start":{"line":30,"column":41},"end":{"line":30,"column":51}}],"line":30},"8":{"loc":{"start":{"line":31,"column":14},"end":{"line":31,"column":43}},"type":"binary-expr","locations":[{"start":{"line":31,"column":14},"end":{"line":31,"column":37}},{"start":{"line":31,"column":41},"end":{"line":31,"column":43}}],"line":31},"9":{"loc":{"start":{"line":36,"column":10},"end":{"line":36,"column":47}},"type":"binary-expr","locations":[{"start":{"line":36,"column":10},"end":{"line":36,"column":32}},{"start":{"line":36,"column":36},"end":{"line":36,"column":47}}],"line":36},"10":{"loc":{"start":{"line":37,"column":10},"end":{"line":37,"column":50}},"type":"binary-expr","locations":[{"start":{"line":37,"column":10},"end":{"line":37,"column":42}},{"start":{"line":37,"column":46},"end":{"line":37,"column":50}}],"line":37},"11":{"loc":{"start":{"line":42,"column":15},"end":{"line":42,"column":78}},"type":"binary-expr","locations":[{"start":{"line":42,"column":15},"end":{"line":42,"column":37}},{"start":{"line":42,"column":45},"end":{"line":42,"column":78}}],"line":42},"12":{"loc":{"start":{"line":43,"column":15},"end":{"line":43,"column":49}},"type":"binary-expr","locations":[{"start":{"line":43,"column":15},"end":{"line":43,"column":41}},{"start":{"line":43,"column":45},"end":{"line":43,"column":49}}],"line":43}},"s":{"0":7,"1":7},"f":{},"b":{"0":[7,0],"1":[7,0],"2":[7,7],"3":[7,7],"4":[7,0],"5":[7,0],"6":[7,0],"7":[7,0],"8":[7,0],"9":[7,0],"10":[7,0],"11":[7,0],"12":[7,0]},"_coverageSchema":"1a1c01bbd47fc00a2c39e90264f33305004495a9","hash":"e7f9432b1c1f6e7afa1fbb9f6283360d9aaf1648"}
,"D:\\faang\\pulsegrid\\src\\config\\redis.js": {"path":"D:\\faang\\pulsegrid\\src\\config\\redis.js","statementMap":{"0":{"start":{"line":1,"column":15},"end":{"line":1,"column":33}},"1":{"start":{"line":2,"column":15},"end":{"line":2,"column":33}},"2":{"start":{"line":11,"column":26},"end":{"line":56,"column":1}},"3":{"start":{"line":12,"column":24},"end":{"line":16,"column":3}},"4":{"start":{"line":13,"column":18},"end":{"line":13,"column":45}},"5":{"start":{"line":14,"column":4},"end":{"line":14,"column":87}},"6":{"start":{"line":15,"column":4},"end":{"line":15,"column":17}},"7":{"start":{"line":18,"column":17},"end":{"line":31,"column":8}},"8":{"start":{"line":33,"column":2},"end":{"line":37,"column":5}},"9":{"start":{"line":34,"column":4},"end":{"line":36,"column":5}},"10":{"start":{"line":35,"column":6},"end":{"line":35,"column":47}},"11":{"start":{"line":39,"column":2},"end":{"line":43,"column":5}},"12":{"start":{"line":40,"column":4},"end":{"line":42,"column":5}},"13":{"start":{"line":41,"column":6},"end":{"line":41,"column":43}},"14":{"start":{"line":45,"column":2},"end":{"line":47,"column":5}},"15":{"start":{"line":46,"column":4},"end":{"line":46,"column":57}},"16":{"start":{"line":49,"column":2},"end":{"line":53,"column":5}},"17":{"start":{"line":50,"column":4},"end":{"line":52,"column":5}},"18":{"start":{"line":51,"column":6},"end":{"line":51,"column":55}},"19":{"start":{"line":55,"column":2},"end":{"line":55,"column":16}},"20":{"start":{"line":59,"column":18},"end":{"line":59,"column":48}},"21":{"start":{"line":62,"column":19},"end":{"line":62,"column":50}},"22":{"start":{"line":65,"column":20},"end":{"line":65,"column":48}},"23":{"start":{"line":67,"column":19},"end":{"line":73,"column":1}},"24":{"start":{"line":68,"column":2},"end":{"line":72,"column":5}},"25":{"start":{"line":75,"column":0},"end":{"line":75,"column":68}}},"fnMap":{"0":{"name":"(anonymous_0)","decl":{"start":{"line":11,"column":26},"end":{"line":11,"column":27}},"loc":{"start":{"line":11,"column":36},"end":{"line":56,"column":1}},"line":11},"1":{"name":"(anonymous_1)","decl":{"start":{"line":12,"column":24},"end":{"line":12,"column":25}},"loc":{"start":{"line":12,"column":35},"end":{"line":16,"column":3}},"line":12},"2":{"name":"(anonymous_2)","decl":{"start":{"line":33,"column":23},"end":{"line":33,"column":24}},"loc":{"start":{"line":33,"column":29},"end":{"line":37,"column":3}},"line":33},"3":{"name":"(anonymous_3)","decl":{"start":{"line":39,"column":21},"end":{"line":39,"column":22}},"loc":{"start":{"line":39,"column":27},"end":{"line":43,"column":3}},"line":39},"4":{"name":"(anonymous_4)","decl":{"start":{"line":45,"column":21},"end":{"line":45,"column":22}},"loc":{"start":{"line":45,"column":30},"end":{"line":47,"column":3}},"line":45},"5":{"name":"(anonymous_5)","decl":{"start":{"line":49,"column":21},"end":{"line":49,"column":22}},"loc":{"start":{"line":49,"column":27},"end":{"line":53,"column":3}},"line":49},"6":{"name":"(anonymous_6)","decl":{"start":{"line":67,"column":19},"end":{"line":67,"column":20}},"loc":{"start":{"line":67,"column":31},"end":{"line":73,"column":1}},"line":67}},"branchMap":{"0":{"loc":{"start":{"line":18,"column":17},"end":{"line":31,"column":8}},"type":"cond-expr","locations":[{"start":{"line":19,"column":6},"end":{"line":24,"column":8}},{"start":{"line":25,"column":6},"end":{"line":31,"column":8}}],"line":18},"1":{"loc":{"start":{"line":34,"column":4},"end":{"line":36,"column":5}},"type":"if","locations":[{"start":{"line":34,"column":4},"end":{"line":36,"column":5}},{"start":{},"end":{}}],"line":34},"2":{"loc":{"start":{"line":40,"column":4},"end":{"line":42,"column":5}},"type":"if","locations":[{"start":{"line":40,"column":4},"end":{"line":42,"column":5}},{"start":{},"end":{}}],"line":40},"3":{"loc":{"start":{"line":50,"column":4},"end":{"line":52,"column":5}},"type":"if","locations":[{"start":{"line":50,"column":4},"end":{"line":52,"column":5}},{"start":{},"end":{}}],"line":50}},"s":{"0":1,"1":1,"2":1,"3":3,"4":0,"5":0,"6":0,"7":3,"8":3,"9":0,"10":0,"11":3,"12":0,"13":0,"14":3,"15":0,"16":3,"17":0,"18":0,"19":3,"20":1,"21":1,"22":1,"23":1,"24":1,"25":1},"f":{"0":3,"1":0,"2":0,"3":0,"4":0,"5":0,"6":1},"b":{"0":[0,3],"1":[0,0],"2":[0,0],"3":[0,0]},"_coverageSchema":"1a1c01bbd47fc00a2c39e90264f33305004495a9","hash":"f4720ac2b83e04b2187e4afa2e8d5036e6018ba7"}
,"D:\\faang\\pulsegrid\\src\\controllers\\analytics.controller.js": {"path":"D:\\faang\\pulsegrid\\src\\controllers\\analytics.controller.js","statementMap":{"0":{"start":{"line":103,"column":4},"end":{"line":103,"column":42}},"1":{"start":{"line":104,"column":53},"end":{"line":104,"column":92}},"2":{"start":{"line":105,"column":62},"end":{"line":105,"column":98}},"3":{"start":{"line":106,"column":53},"end":{"line":106,"column":94}},"4":{"start":{"line":107,"column":53},"end":{"line":107,"column":69}},"5":{"start":{"line":118,"column":20},"end":{"line":180,"column":1}},"6":{"start":{"line":119,"column":2},"end":{"line":179,"column":3}},"7":{"start":{"line":127,"column":8},"end":{"line":141,"column":6}},"8":{"start":{"line":144,"column":27},"end":{"line":150,"column":6}},"9":{"start":{"line":144,"column":40},"end":{"line":150,"column":5}},"10":{"start":{"line":152,"column":4},"end":{"line":175,"column":7}},"11":{"start":{"line":177,"column":4},"end":{"line":177,"column":57}},"12":{"start":{"line":178,"column":4},"end":{"line":178,"column":64}},"13":{"start":{"line":185,"column":26},"end":{"line":205,"column":1}},"14":{"start":{"line":186,"column":2},"end":{"line":204,"column":3}},"15":{"start":{"line":187,"column":20},"end":{"line":187,"column":69}},"16":{"start":{"line":188,"column":20},"end":{"line":188,"column":48}},"17":{"start":{"line":189,"column":20},"end":{"line":189,"column":57}},"18":{"start":{"line":189,"column":42},"end":{"line":189,"column":53}},"19":{"start":{"line":190,"column":20},"end":{"line":190,"column":58}},"20":{"start":{"line":190,"column":46},"end":{"line":190,"column":53}},"21":{"start":{"line":191,"column":20},"end":{"line":191,"column":69}},"22":{"start":{"line":193,"column":4},"end":{"line":200,"column":7}},"23":{"start":{"line":202,"column":4},"end":{"line":202,"column":63}},"24":{"start":{"line":203,"column":4},"end":{"line":203,"column":66}},"25":{"start":{"line":210,"column":23},"end":{"line":222,"column":1}},"26":{"start":{"line":211,"column":2},"end":{"line":221,"column":3}},"27":{"start":{"line":212,"column":24},"end":{"line":212,"column":53}},"28":{"start":{"line":213,"column":4},"end":{"line":217,"column":7}},"29":{"start":{"line":219,"column":4},"end":{"line":219,"column":60}},"30":{"start":{"line":220,"column":4},"end":{"line":220,"column":63}},"31":{"start":{"line":227,"column":21},"end":{"line":240,"column":1}},"32":{"start":{"line":228,"column":2},"end":{"line":239,"column":3}},"33":{"start":{"line":229,"column":22},"end":{"line":229,"column":68}},"34":{"start":{"line":230,"column":22},"end":{"line":230,"column":53}},"35":{"start":{"line":231,"column":4},"end":{"line":235,"column":7}},"36":{"start":{"line":237,"column":4},"end":{"line":237,"column":58}},"37":{"start":{"line":238,"column":4},"end":{"line":238,"column":65}},"38":{"start":{"line":245,"column":18},"end":{"line":257,"column":1}},"39":{"start":{"line":246,"column":2},"end":{"line":256,"column":3}},"40":{"start":{"line":247,"column":19},"end":{"line":247,"column":44}},"41":{"start":{"line":248,"column":4},"end":{"line":252,"column":7}},"42":{"start":{"line":254,"column":4},"end":{"line":254,"column":55}},"43":{"start":{"line":255,"column":4},"end":{"line":255,"column":62}},"44":{"start":{"line":259,"column":0},"end":{"line":265,"column":2}}},"fnMap":{"0":{"name":"(anonymous_0)","decl":{"start":{"line":118,"column":20},"end":{"line":118,"column":21}},"loc":{"start":{"line":118,"column":40},"end":{"line":180,"column":1}},"line":118},"1":{"name":"(anonymous_1)","decl":{"start":{"line":144,"column":27},"end":{"line":144,"column":28}},"loc":{"start":{"line":144,"column":40},"end":{"line":150,"column":5}},"line":144},"2":{"name":"(anonymous_2)","decl":{"start":{"line":185,"column":26},"end":{"line":185,"column":27}},"loc":{"start":{"line":185,"column":46},"end":{"line":205,"column":1}},"line":185},"3":{"name":"(anonymous_3)","decl":{"start":{"line":189,"column":32},"end":{"line":189,"column":33}},"loc":{"start":{"line":189,"column":42},"end":{"line":189,"column":53}},"line":189},"4":{"name":"(anonymous_4)","decl":{"start":{"line":190,"column":41},"end":{"line":190,"column":42}},"loc":{"start":{"line":190,"column":46},"end":{"line":190,"column":53}},"line":190},"5":{"name":"(anonymous_5)","decl":{"start":{"line":210,"column":23},"end":{"line":210,"column":24}},"loc":{"start":{"line":210,"column":43},"end":{"line":222,"column":1}},"line":210},"6":{"name":"(anonymous_6)","decl":{"start":{"line":227,"column":21},"end":{"line":227,"column":22}},"loc":{"start":{"line":227,"column":41},"end":{"line":240,"column":1}},"line":227},"7":{"name":"(anonymous_7)","decl":{"start":{"line":245,"column":18},"end":{"line":245,"column":19}},"loc":{"start":{"line":245,"column":38},"end":{"line":257,"column":1}},"line":245}},"branchMap":{"0":{"loc":{"start":{"line":145,"column":17},"end":{"line":145,"column":38}},"type":"binary-expr","locations":[{"start":{"line":145,"column":17},"end":{"line":145,"column":31}},{"start":{"line":145,"column":37},"end":{"line":145,"column":38}}],"line":145},"1":{"loc":{"start":{"line":146,"column":17},"end":{"line":146,"column":38}},"type":"binary-expr","locations":[{"start":{"line":146,"column":17},"end":{"line":146,"column":30}},{"start":{"line":146,"column":37},"end":{"line":146,"column":38}}],"line":146},"2":{"loc":{"start":{"line":147,"column":17},"end":{"line":147,"column":38}},"type":"binary-expr","locations":[{"start":{"line":147,"column":17},"end":{"line":147,"column":33}},{"start":{"line":147,"column":37},"end":{"line":147,"column":38}}],"line":147},"3":{"loc":{"start":{"line":148,"column":17},"end":{"line":148,"column":38}},"type":"binary-expr","locations":[{"start":{"line":148,"column":17},"end":{"line":148,"column":30}},{"start":{"line":148,"column":37},"end":{"line":148,"column":38}}],"line":148},"4":{"loc":{"start":{"line":149,"column":17},"end":{"line":149,"column":38}},"type":"binary-expr","locations":[{"start":{"line":149,"column":17},"end":{"line":149,"column":31}},{"start":{"line":149,"column":37},"end":{"line":149,"column":38}}],"line":149},"5":{"loc":{"start":{"line":187,"column":29},"end":{"line":187,"column":62}},"type":"binary-expr","locations":[{"start":{"line":187,"column":29},"end":{"line":187,"column":56}},{"start":{"line":187,"column":60},"end":{"line":187,"column":62}}],"line":187},"6":{"loc":{"start":{"line":191,"column":20},"end":{"line":191,"column":69}},"type":"cond-expr","locations":[{"start":{"line":191,"column":34},"end":{"line":191,"column":65}},{"start":{"line":191,"column":68},"end":{"line":191,"column":69}}],"line":191},"7":{"loc":{"start":{"line":229,"column":31},"end":{"line":229,"column":62}},"type":"binary-expr","locations":[{"start":{"line":229,"column":31},"end":{"line":229,"column":56}},{"start":{"line":229,"column":60},"end":{"line":229,"column":62}}],"line":229}},"s":{"0":0,"1":0,"2":0,"3":0,"4":0,"5":0,"6":0,"7":0,"8":0,"9":0,"10":0,"11":0,"12":0,"13":0,"14":0,"15":0,"16":0,"17":0,"18":0,"19":0,"20":0,"21":0,"22":0,"23":0,"24":0,"25":0,"26":0,"27":0,"28":0,"29":0,"30":0,"31":0,"32":0,"33":0,"34":0,"35":0,"36":0,"37":0,"38":0,"39":0,"40":0,"41":0,"42":0,"43":0,"44":0},"f":{"0":0,"1":0,"2":0,"3":0,"4":0,"5":0,"6":0,"7":0},"b":{"0":[0,0],"1":[0,0],"2":[0,0],"3":[0,0],"4":[0,0],"5":[0,0],"6":[0,0],"7":[0,0]}}
,"D:\\faang\\pulsegrid\\src\\controllers\\auth.controller.js": {"path":"D:\\faang\\pulsegrid\\src\\controllers\\auth.controller.js","statementMap":{"0":{"start":{"line":1,"column":57},"end":{"line":1,"column":92}},"1":{"start":{"line":2,"column":46},"end":{"line":2,"column":73}},"2":{"start":{"line":4,"column":17},"end":{"line":31,"column":1}},"3":{"start":{"line":5,"column":2},"end":{"line":30,"column":3}},"4":{"start":{"line":6,"column":42},"end":{"line":6,"column":50}},"5":{"start":{"line":8,"column":21},"end":{"line":8,"column":45}},"6":{"start":{"line":9,"column":4},"end":{"line":11,"column":5}},"7":{"start":{"line":10,"column":6},"end":{"line":10,"column":73}},"8":{"start":{"line":13,"column":25},"end":{"line":13,"column":53}},"9":{"start":{"line":14,"column":17},"end":{"line":14,"column":68}},"10":{"start":{"line":16,"column":18},"end":{"line":16,"column":67}},"11":{"start":{"line":18,"column":4},"end":{"line":26,"column":7}},"12":{"start":{"line":28,"column":4},"end":{"line":28,"column":42}},"13":{"start":{"line":29,"column":4},"end":{"line":29,"column":66}},"14":{"start":{"line":33,"column":14},"end":{"line":62,"column":1}},"15":{"start":{"line":34,"column":2},"end":{"line":61,"column":3}},"16":{"start":{"line":35,"column":32},"end":{"line":35,"column":40}},"17":{"start":{"line":37,"column":17},"end":{"line":37,"column":41}},"18":{"start":{"line":38,"column":4},"end":{"line":40,"column":5}},"19":{"start":{"line":39,"column":6},"end":{"line":39,"column":68}},"20":{"start":{"line":42,"column":18},"end":{"line":42,"column":69}},"21":{"start":{"line":43,"column":4},"end":{"line":45,"column":5}},"22":{"start":{"line":44,"column":6},"end":{"line":44,"column":68}},"23":{"start":{"line":47,"column":18},"end":{"line":47,"column":67}},"24":{"start":{"line":49,"column":4},"end":{"line":57,"column":7}},"25":{"start":{"line":59,"column":4},"end":{"line":59,"column":39}},"26":{"start":{"line":60,"column":4},"end":{"line":60,"column":59}},"27":{"start":{"line":64,"column":14},"end":{"line":75,"column":1}},"28":{"start":{"line":65,"column":2},"end":{"line":74,"column":3}},"29":{"start":{"line":66,"column":17},"end":{"line":66,"column":44}},"30":{"start":{"line":67,"column":4},"end":{"line":69,"column":5}},"31":{"start":{"line":68,"column":6},"end":{"line":68,"column":63}},"32":{"start":{"line":70,"column":4},"end":{"line":70,"column":30}},"33":{"start":{"line":72,"column":4},"end":{"line":72,"column":39}},"34":{"start":{"line":73,"column":4},"end":{"line":73,"column":67}},"35":{"start":{"line":77,"column":0},"end":{"line":77,"column":44}}},"fnMap":{"0":{"name":"(anonymous_0)","decl":{"start":{"line":4,"column":17},"end":{"line":4,"column":18}},"loc":{"start":{"line":4,"column":37},"end":{"line":31,"column":1}},"line":4},"1":{"name":"(anonymous_1)","decl":{"start":{"line":33,"column":14},"end":{"line":33,"column":15}},"loc":{"start":{"line":33,"column":34},"end":{"line":62,"column":1}},"line":33},"2":{"name":"(anonymous_2)","decl":{"start":{"line":64,"column":14},"end":{"line":64,"column":15}},"loc":{"start":{"line":64,"column":34},"end":{"line":75,"column":1}},"line":64}},"branchMap":{"0":{"loc":{"start":{"line":9,"column":4},"end":{"line":11,"column":5}},"type":"if","locations":[{"start":{"line":9,"column":4},"end":{"line":11,"column":5}},{"start":{},"end":{}}],"line":9},"1":{"loc":{"start":{"line":38,"column":4},"end":{"line":40,"column":5}},"type":"if","locations":[{"start":{"line":38,"column":4},"end":{"line":40,"column":5}},{"start":{},"end":{}}],"line":38},"2":{"loc":{"start":{"line":43,"column":4},"end":{"line":45,"column":5}},"type":"if","locations":[{"start":{"line":43,"column":4},"end":{"line":45,"column":5}},{"start":{},"end":{}}],"line":43},"3":{"loc":{"start":{"line":67,"column":4},"end":{"line":69,"column":5}},"type":"if","locations":[{"start":{"line":67,"column":4},"end":{"line":69,"column":5}},{"start":{},"end":{}}],"line":67}},"s":{"0":5,"1":5,"2":5,"3":8,"4":8,"5":8,"6":8,"7":1,"8":7,"9":7,"10":7,"11":7,"12":0,"13":0,"14":5,"15":4,"16":4,"17":4,"18":4,"19":1,"20":3,"21":3,"22":1,"23":2,"24":2,"25":0,"26":0,"27":5,"28":0,"29":0,"30":0,"31":0,"32":0,"33":0,"34":0,"35":5},"f":{"0":8,"1":4,"2":0},"b":{"0":[1,7],"1":[1,3],"2":[1,2],"3":[0,0]},"_coverageSchema":"1a1c01bbd47fc00a2c39e90264f33305004495a9","hash":"bb1bb09355822208146d974779656f1237933498"}
,"D:\\faang\\pulsegrid\\src\\controllers\\auth.profile.controller.js": {"path":"D:\\faang\\pulsegrid\\src\\controllers\\auth.profile.controller.js","statementMap":{"0":{"start":{"line":1,"column":11},"end":{"line":1,"column":27}},"1":{"start":{"line":2,"column":42},"end":{"line":2,"column":77}},"2":{"start":{"line":8,"column":22},"end":{"line":44,"column":1}},"3":{"start":{"line":9,"column":2},"end":{"line":43,"column":3}},"4":{"start":{"line":10,"column":25},"end":{"line":10,"column":33}},"5":{"start":{"line":12,"column":4},"end":{"line":14,"column":5}},"6":{"start":{"line":13,"column":6},"end":{"line":13,"column":87}},"7":{"start":{"line":16,"column":4},"end":{"line":18,"column":5}},"8":{"start":{"line":17,"column":6},"end":{"line":17,"column":85}},"9":{"start":{"line":20,"column":19},"end":{"line":26,"column":5}},"10":{"start":{"line":28,"column":4},"end":{"line":30,"column":5}},"11":{"start":{"line":29,"column":6},"end":{"line":29,"column":63}},"12":{"start":{"line":32,"column":4},"end":{"line":35,"column":7}},"13":{"start":{"line":38,"column":4},"end":{"line":40,"column":5}},"14":{"start":{"line":39,"column":6},"end":{"line":39,"column":71}},"15":{"start":{"line":41,"column":4},"end":{"line":41,"column":54}},"16":{"start":{"line":42,"column":4},"end":{"line":42,"column":71}},"17":{"start":{"line":50,"column":23},"end":{"line":90,"column":1}},"18":{"start":{"line":51,"column":2},"end":{"line":89,"column":3}},"19":{"start":{"line":52,"column":45},"end":{"line":52,"column":53}},"20":{"start":{"line":54,"column":4},"end":{"line":56,"column":5}},"21":{"start":{"line":55,"column":6},"end":{"line":55,"column":93}},"22":{"start":{"line":58,"column":4},"end":{"line":60,"column":5}},"23":{"start":{"line":59,"column":6},"end":{"line":59,"column":91}},"24":{"start":{"line":63,"column":19},"end":{"line":66,"column":5}},"25":{"start":{"line":68,"column":4},"end":{"line":70,"column":5}},"26":{"start":{"line":69,"column":6},"end":{"line":69,"column":63}},"27":{"start":{"line":73,"column":18},"end":{"line":73,"column":86}},"28":{"start":{"line":74,"column":4},"end":{"line":76,"column":5}},"29":{"start":{"line":75,"column":6},"end":{"line":75,"column":78}},"30":{"start":{"line":79,"column":20},"end":{"line":79,"column":51}},"31":{"start":{"line":80,"column":4},"end":{"line":83,"column":6}},"32":{"start":{"line":85,"column":4},"end":{"line":85,"column":66}},"33":{"start":{"line":87,"column":4},"end":{"line":87,"column":55}},"34":{"start":{"line":88,"column":4},"end":{"line":88,"column":72}},"35":{"start":{"line":92,"column":0},"end":{"line":92,"column":51}}},"fnMap":{"0":{"name":"(anonymous_0)","decl":{"start":{"line":8,"column":22},"end":{"line":8,"column":23}},"loc":{"start":{"line":8,"column":42},"end":{"line":44,"column":1}},"line":8},"1":{"name":"(anonymous_1)","decl":{"start":{"line":50,"column":23},"end":{"line":50,"column":24}},"loc":{"start":{"line":50,"column":43},"end":{"line":90,"column":1}},"line":50}},"branchMap":{"0":{"loc":{"start":{"line":12,"column":4},"end":{"line":14,"column":5}},"type":"if","locations":[{"start":{"line":12,"column":4},"end":{"line":14,"column":5}},{"start":{},"end":{}}],"line":12},"1":{"loc":{"start":{"line":12,"column":8},"end":{"line":12,"column":47}},"type":"binary-expr","locations":[{"start":{"line":12,"column":8},"end":{"line":12,"column":17}},{"start":{"line":12,"column":21},"end":{"line":12,"column":47}}],"line":12},"2":{"loc":{"start":{"line":16,"column":4},"end":{"line":18,"column":5}},"type":"if","locations":[{"start":{"line":16,"column":4},"end":{"line":18,"column":5}},{"start":{},"end":{}}],"line":16},"3":{"loc":{"start":{"line":28,"column":4},"end":{"line":30,"column":5}},"type":"if","locations":[{"start":{"line":28,"column":4},"end":{"line":30,"column":5}},{"start":{},"end":{}}],"line":28},"4":{"loc":{"start":{"line":38,"column":4},"end":{"line":40,"column":5}},"type":"if","locations":[{"start":{"line":38,"column":4},"end":{"line":40,"column":5}},{"start":{},"end":{}}],"line":38},"5":{"loc":{"start":{"line":54,"column":4},"end":{"line":56,"column":5}},"type":"if","locations":[{"start":{"line":54,"column":4},"end":{"line":56,"column":5}},{"start":{},"end":{}}],"line":54},"6":{"loc":{"start":{"line":54,"column":8},"end":{"line":54,"column":40}},"type":"binary-expr","locations":[{"start":{"line":54,"column":8},"end":{"line":54,"column":24}},{"start":{"line":54,"column":28},"end":{"line":54,"column":40}}],"line":54},"7":{"loc":{"start":{"line":58,"column":4},"end":{"line":60,"column":5}},"type":"if","locations":[{"start":{"line":58,"column":4},"end":{"line":60,"column":5}},{"start":{},"end":{}}],"line":58},"8":{"loc":{"start":{"line":68,"column":4},"end":{"line":70,"column":5}},"type":"if","locations":[{"start":{"line":68,"column":4},"end":{"line":70,"column":5}},{"start":{},"end":{}}],"line":68},"9":{"loc":{"start":{"line":74,"column":4},"end":{"line":76,"column":5}},"type":"if","locations":[{"start":{"line":74,"column":4},"end":{"line":76,"column":5}},{"start":{},"end":{}}],"line":74}},"s":{"0":5,"1":5,"2":5,"3":7,"4":7,"5":7,"6":2,"7":5,"8":1,"9":4,"10":3,"11":0,"12":3,"13":1,"14":1,"15":0,"16":0,"17":5,"18":6,"19":6,"20":6,"21":2,"22":4,"23":1,"24":3,"25":3,"26":0,"27":3,"28":3,"29":1,"30":2,"31":2,"32":2,"33":0,"34":0,"35":5},"f":{"0":7,"1":6},"b":{"0":[2,5],"1":[7,6],"2":[1,4],"3":[0,3],"4":[1,0],"5":[2,4],"6":[6,5],"7":[1,3],"8":[0,3],"9":[1,2]},"_coverageSchema":"1a1c01bbd47fc00a2c39e90264f33305004495a9","hash":"7704babf9034bf034b599f539a555f87df74b3b6"}
,"D:\\faang\\pulsegrid\\src\\controllers\\event.controller.js": {"path":"D:\\faang\\pulsegrid\\src\\controllers\\event.controller.js","statementMap":{"0":{"start":{"line":1,"column":25},"end":{"line":1,"column":61}},"1":{"start":{"line":3,"column":16},"end":{"line":30,"column":1}},"2":{"start":{"line":4,"column":2},"end":{"line":29,"column":3}},"3":{"start":{"line":5,"column":41},"end":{"line":5,"column":49}},"4":{"start":{"line":7,"column":4},"end":{"line":9,"column":5}},"5":{"start":{"line":8,"column":6},"end":{"line":8,"column":79}},"6":{"start":{"line":11,"column":19},"end":{"line":16,"column":6}},"7":{"start":{"line":18,"column":4},"end":{"line":25,"column":7}},"8":{"start":{"line":27,"column":4},"end":{"line":27,"column":41}},"9":{"start":{"line":28,"column":4},"end":{"line":28,"column":70}},"10":{"start":{"line":32,"column":0},"end":{"line":32,"column":29}}},"fnMap":{"0":{"name":"(anonymous_0)","decl":{"start":{"line":3,"column":16},"end":{"line":3,"column":17}},"loc":{"start":{"line":3,"column":36},"end":{"line":30,"column":1}},"line":3}},"branchMap":{"0":{"loc":{"start":{"line":7,"column":4},"end":{"line":9,"column":5}},"type":"if","locations":[{"start":{"line":7,"column":4},"end":{"line":9,"column":5}},{"start":{},"end":{}}],"line":7},"1":{"loc":{"start":{"line":7,"column":8},"end":{"line":7,"column":26}},"type":"binary-expr","locations":[{"start":{"line":7,"column":8},"end":{"line":7,"column":14}},{"start":{"line":7,"column":18},"end":{"line":7,"column":26}}],"line":7}},"s":{"0":5,"1":5,"2":4,"3":4,"4":4,"5":2,"6":2,"7":2,"8":0,"9":0,"10":5},"f":{"0":4},"b":{"0":[2,2],"1":[4,3]},"_coverageSchema":"1a1c01bbd47fc00a2c39e90264f33305004495a9","hash":"cfd05e2e7417b019b55a7d739dff87a65ed48ce1"}
,"D:\\faang\\pulsegrid\\src\\controllers\\events.list.controller.js": {"path":"D:\\faang\\pulsegrid\\src\\controllers\\events.list.controller.js","statementMap":{"0":{"start":{"line":1,"column":56},"end":{"line":1,"column":84}},"1":{"start":{"line":2,"column":25},"end":{"line":2,"column":61}},"2":{"start":{"line":8,"column":19},"end":{"line":39,"column":1}},"3":{"start":{"line":9,"column":2},"end":{"line":38,"column":3}},"4":{"start":{"line":10,"column":62},"end":{"line":10,"column":71}},"5":{"start":{"line":13,"column":28},"end":{"line":13,"column":55}},"6":{"start":{"line":14,"column":28},"end":{"line":14,"column":61}},"7":{"start":{"line":16,"column":4},"end":{"line":18,"column":5}},"8":{"start":{"line":17,"column":6},"end":{"line":17,"column":105}},"9":{"start":{"line":19,"column":4},"end":{"line":21,"column":5}},"10":{"start":{"line":20,"column":6},"end":{"line":20,"column":101}},"11":{"start":{"line":23,"column":24},"end":{"line":23,"column":60}},"12":{"start":{"line":24,"column":24},"end":{"line":24,"column":58}},"13":{"start":{"line":26,"column":19},"end":{"line":32,"column":6}},"14":{"start":{"line":34,"column":4},"end":{"line":34,"column":28}},"15":{"start":{"line":36,"column":4},"end":{"line":36,"column":53}},"16":{"start":{"line":37,"column":4},"end":{"line":37,"column":69}},"17":{"start":{"line":44,"column":17},"end":{"line":53,"column":1}},"18":{"start":{"line":45,"column":2},"end":{"line":52,"column":3}},"19":{"start":{"line":46,"column":18},"end":{"line":46,"column":51}},"20":{"start":{"line":47,"column":4},"end":{"line":47,"column":74}},"21":{"start":{"line":47,"column":16},"end":{"line":47,"column":74}},"22":{"start":{"line":48,"column":4},"end":{"line":48,"column":31}},"23":{"start":{"line":50,"column":4},"end":{"line":50,"column":51}},"24":{"start":{"line":51,"column":4},"end":{"line":51,"column":68}},"25":{"start":{"line":59,"column":19},"end":{"line":88,"column":1}},"26":{"start":{"line":60,"column":2},"end":{"line":87,"column":3}},"27":{"start":{"line":61,"column":18},"end":{"line":61,"column":57}},"28":{"start":{"line":62,"column":4},"end":{"line":64,"column":5}},"29":{"start":{"line":63,"column":6},"end":{"line":63,"column":87}},"30":{"start":{"line":67,"column":4},"end":{"line":76,"column":6}},"31":{"start":{"line":78,"column":4},"end":{"line":83,"column":7}},"32":{"start":{"line":85,"column":4},"end":{"line":85,"column":53}},"33":{"start":{"line":86,"column":4},"end":{"line":86,"column":68}},"34":{"start":{"line":90,"column":0},"end":{"line":90,"column":54}}},"fnMap":{"0":{"name":"(anonymous_0)","decl":{"start":{"line":8,"column":19},"end":{"line":8,"column":20}},"loc":{"start":{"line":8,"column":39},"end":{"line":39,"column":1}},"line":8},"1":{"name":"(anonymous_1)","decl":{"start":{"line":44,"column":17},"end":{"line":44,"column":18}},"loc":{"start":{"line":44,"column":37},"end":{"line":53,"column":1}},"line":44},"2":{"name":"(anonymous_2)","decl":{"start":{"line":59,"column":19},"end":{"line":59,"column":20}},"loc":{"start":{"line":59,"column":39},"end":{"line":88,"column":1}},"line":59}},"branchMap":{"0":{"loc":{"start":{"line":10,"column":37},"end":{"line":10,"column":45}},"type":"default-arg","locations":[{"start":{"line":10,"column":44},"end":{"line":10,"column":45}}],"line":10},"1":{"loc":{"start":{"line":10,"column":47},"end":{"line":10,"column":57}},"type":"default-arg","locations":[{"start":{"line":10,"column":55},"end":{"line":10,"column":57}}],"line":10},"2":{"loc":{"start":{"line":16,"column":4},"end":{"line":18,"column":5}},"type":"if","locations":[{"start":{"line":16,"column":4},"end":{"line":18,"column":5}},{"start":{},"end":{}}],"line":16},"3":{"loc":{"start":{"line":16,"column":8},"end":{"line":16,"column":55}},"type":"binary-expr","locations":[{"start":{"line":16,"column":8},"end":{"line":16,"column":16}},{"start":{"line":16,"column":20},"end":{"line":16,"column":55}}],"line":16},"4":{"loc":{"start":{"line":19,"column":4},"end":{"line":21,"column":5}},"type":"if","locations":[{"start":{"line":19,"column":4},"end":{"line":21,"column":5}},{"start":{},"end":{}}],"line":19},"5":{"loc":{"start":{"line":19,"column":8},"end":{"line":19,"column":49}},"type":"binary-expr","locations":[{"start":{"line":19,"column":8},"end":{"line":19,"column":14}},{"start":{"line":19,"column":18},"end":{"line":19,"column":49}}],"line":19},"6":{"loc":{"start":{"line":23,"column":33},"end":{"line":23,"column":54}},"type":"binary-expr","locations":[{"start":{"line":23,"column":33},"end":{"line":23,"column":48}},{"start":{"line":23,"column":52},"end":{"line":23,"column":54}}],"line":23},"7":{"loc":{"start":{"line":24,"column":33},"end":{"line":24,"column":53}},"type":"binary-expr","locations":[{"start":{"line":24,"column":33},"end":{"line":24,"column":47}},{"start":{"line":24,"column":52},"end":{"line":24,"column":53}}],"line":24},"8":{"loc":{"start":{"line":47,"column":4},"end":{"line":47,"column":74}},"type":"if","locations":[{"start":{"line":47,"column":4},"end":{"line":47,"column":74}},{"start":{},"end":{}}],"line":47},"9":{"loc":{"start":{"line":62,"column":4},"end":{"line":64,"column":5}},"type":"if","locations":[{"start":{"line":62,"column":4},"end":{"line":64,"column":5}},{"start":{},"end":{}}],"line":62}},"s":{"0":5,"1":5,"2":5,"3":13,"4":13,"5":13,"6":13,"7":13,"8":1,"9":12,"10":1,"11":11,"12":11,"13":11,"14":11,"15":0,"16":0,"17":5,"18":0,"19":0,"20":0,"21":0,"22":0,"23":0,"24":0,"25":5,"26":4,"27":4,"28":4,"29":2,"30":2,"31":2,"32":0,"33":0,"34":5},"f":{"0":13,"1":0,"2":4},"b":{"0":[9],"1":[7],"2":[1,12],"3":[13,3],"4":[1,11],"5":[12,3],"6":[11,0],"7":[11,0],"8":[0,0],"9":[2,2]},"_coverageSchema":"1a1c01bbd47fc00a2c39e90264f33305004495a9","hash":"111dd7290f5121b3cc271bceba7b066407084e46"}
,"D:\\faang\\pulsegrid\\src\\db\\event.model.js": {"path":"D:\\faang\\pulsegrid\\src\\db\\event.model.js","statementMap":{"0":{"start":{"line":1,"column":11},"end":{"line":1,"column":29}},"1":{"start":{"line":7,"column":18},"end":{"line":43,"column":1}},"2":{"start":{"line":8,"column":17},"end":{"line":8,"column":35}},"3":{"start":{"line":9,"column":21},"end":{"line":9,"column":23}},"4":{"start":{"line":10,"column":21},"end":{"line":10,"column":23}},"5":{"start":{"line":11,"column":21},"end":{"line":11,"column":22}},"6":{"start":{"line":13,"column":2},"end":{"line":13,"column":85}},"7":{"start":{"line":13,"column":18},"end":{"line":13,"column":57}},"8":{"start":{"line":13,"column":61},"end":{"line":13,"column":80}},"9":{"start":{"line":14,"column":2},"end":{"line":14,"column":85}},"10":{"start":{"line":14,"column":18},"end":{"line":14,"column":60}},"11":{"start":{"line":14,"column":61},"end":{"line":14,"column":83}},"12":{"start":{"line":15,"column":2},"end":{"line":15,"column":85}},"13":{"start":{"line":15,"column":18},"end":{"line":15,"column":58}},"14":{"start":{"line":15,"column":61},"end":{"line":15,"column":81}},"15":{"start":{"line":17,"column":16},"end":{"line":17,"column":76}},"16":{"start":{"line":19,"column":30},"end":{"line":35,"column":4}},"17":{"start":{"line":37,"column":2},"end":{"line":42,"column":4}},"18":{"start":{"line":48,"column":21},"end":{"line":55,"column":1}},"19":{"start":{"line":49,"column":17},"end":{"line":53,"column":3}},"20":{"start":{"line":54,"column":2},"end":{"line":54,"column":32}},"21":{"start":{"line":60,"column":27},"end":{"line":69,"column":1}},"22":{"start":{"line":61,"column":17},"end":{"line":67,"column":3}},"23":{"start":{"line":68,"column":2},"end":{"line":68,"column":32}},"24":{"start":{"line":71,"column":0},"end":{"line":71,"column":65}}},"fnMap":{"0":{"name":"(anonymous_0)","decl":{"start":{"line":7,"column":18},"end":{"line":7,"column":19}},"loc":{"start":{"line":7,"column":84},"end":{"line":43,"column":1}},"line":7},"1":{"name":"(anonymous_1)","decl":{"start":{"line":48,"column":21},"end":{"line":48,"column":22}},"loc":{"start":{"line":48,"column":35},"end":{"line":55,"column":1}},"line":48},"2":{"name":"(anonymous_2)","decl":{"start":{"line":60,"column":27},"end":{"line":60,"column":28}},"loc":{"start":{"line":60,"column":41},"end":{"line":69,"column":1}},"line":60}},"branchMap":{"0":{"loc":{"start":{"line":7,"column":25},"end":{"line":7,"column":79}},"type":"default-arg","locations":[{"start":{"line":7,"column":77},"end":{"line":7,"column":79}}],"line":7},"1":{"loc":{"start":{"line":7,"column":52},"end":{"line":7,"column":60}},"type":"default-arg","locations":[{"start":{"line":7,"column":59},"end":{"line":7,"column":60}}],"line":7},"2":{"loc":{"start":{"line":7,"column":62},"end":{"line":7,"column":72}},"type":"default-arg","locations":[{"start":{"line":7,"column":70},"end":{"line":7,"column":72}}],"line":7},"3":{"loc":{"start":{"line":13,"column":2},"end":{"line":13,"column":85}},"type":"if","locations":[{"start":{"line":13,"column":2},"end":{"line":13,"column":85}},{"start":{},"end":{}}],"line":13},"4":{"loc":{"start":{"line":14,"column":2},"end":{"line":14,"column":85}},"type":"if","locations":[{"start":{"line":14,"column":2},"end":{"line":14,"column":85}},{"start":{},"end":{}}],"line":14},"5":{"loc":{"start":{"line":15,"column":2},"end":{"line":15,"column":85}},"type":"if","locations":[{"start":{"line":15,"column":2},"end":{"line":15,"column":85}},{"start":{},"end":{}}],"line":15},"6":{"loc":{"start":{"line":17,"column":16},"end":{"line":17,"column":76}},"type":"cond-expr","locations":[{"start":{"line":17,"column":36},"end":{"line":17,"column":71}},{"start":{"line":17,"column":74},"end":{"line":17,"column":76}}],"line":17},"7":{"loc":{"start":{"line":54,"column":9},"end":{"line":54,"column":31}},"type":"binary-expr","locations":[{"start":{"line":54,"column":9},"end":{"line":54,"column":23}},{"start":{"line":54,"column":27},"end":{"line":54,"column":31}}],"line":54},"8":{"loc":{"start":{"line":68,"column":9},"end":{"line":68,"column":31}},"type":"binary-expr","locations":[{"start":{"line":68,"column":9},"end":{"line":68,"column":23}},{"start":{"line":68,"column":27},"end":{"line":68,"column":31}}],"line":68}},"s":{"0":5,"1":5,"2":11,"3":11,"4":11,"5":11,"6":11,"7":2,"8":2,"9":11,"10":2,"11":2,"12":11,"13":2,"14":2,"15":11,"16":11,"17":11,"18":5,"19":0,"20":0,"21":5,"22":4,"23":4,"24":5},"f":{"0":11,"1":0,"2":4},"b":{"0":[0],"1":[0],"2":[0],"3":[2,9],"4":[2,9],"5":[2,9],"6":[5,6],"7":[0,0],"8":[4,2]},"_coverageSchema":"1a1c01bbd47fc00a2c39e90264f33305004495a9","hash":"521fe25f6539aa019a0fbf33edf86f80e669cfd6"}
,"D:\\faang\\pulsegrid\\src\\db\\index.js": {"path":"D:\\faang\\pulsegrid\\src\\db\\index.js","statementMap":{"0":{"start":{"line":34,"column":17},"end":{"line":34,"column":30}},"1":{"start":{"line":35,"column":17},"end":{"line":35,"column":37}},"2":{"start":{"line":46,"column":19},"end":{"line":59,"column":5}},"3":{"start":{"line":63,"column":19},"end":{"line":78,"column":1}},"4":{"start":{"line":64,"column":18},"end":{"line":64,"column":38}},"5":{"start":{"line":66,"column":2},"end":{"line":70,"column":5}},"6":{"start":{"line":67,"column":4},"end":{"line":69,"column":5}},"7":{"start":{"line":68,"column":6},"end":{"line":68,"column":47}},"8":{"start":{"line":72,"column":2},"end":{"line":75,"column":5}},"9":{"start":{"line":73,"column":4},"end":{"line":73,"column":54}},"10":{"start":{"line":77,"column":2},"end":{"line":77,"column":17}},"11":{"start":{"line":80,"column":16},"end":{"line":85,"column":1}},"12":{"start":{"line":81,"column":2},"end":{"line":83,"column":3}},"13":{"start":{"line":82,"column":4},"end":{"line":82,"column":24}},"14":{"start":{"line":84,"column":2},"end":{"line":84,"column":14}},"15":{"start":{"line":87,"column":14},"end":{"line":92,"column":1}},"16":{"start":{"line":88,"column":2},"end":{"line":91,"column":3}},"17":{"start":{"line":89,"column":4},"end":{"line":89,"column":21}},"18":{"start":{"line":90,"column":4},"end":{"line":90,"column":16}},"19":{"start":{"line":94,"column":0},"end":{"line":101,"column":2}},"20":{"start":{"line":95,"column":31},"end":{"line":95,"column":60}},"21":{"start":{"line":96,"column":31},"end":{"line":96,"column":50}},"22":{"start":{"line":99,"column":4},"end":{"line":99,"column":21}}},"fnMap":{"0":{"name":"(anonymous_0)","decl":{"start":{"line":63,"column":19},"end":{"line":63,"column":20}},"loc":{"start":{"line":63,"column":25},"end":{"line":78,"column":1}},"line":63},"1":{"name":"(anonymous_1)","decl":{"start":{"line":66,"column":24},"end":{"line":66,"column":25}},"loc":{"start":{"line":66,"column":30},"end":{"line":70,"column":3}},"line":66},"2":{"name":"(anonymous_2)","decl":{"start":{"line":72,"column":22},"end":{"line":72,"column":23}},"loc":{"start":{"line":72,"column":31},"end":{"line":75,"column":3}},"line":72},"3":{"name":"(anonymous_3)","decl":{"start":{"line":80,"column":16},"end":{"line":80,"column":17}},"loc":{"start":{"line":80,"column":22},"end":{"line":85,"column":1}},"line":80},"4":{"name":"(anonymous_4)","decl":{"start":{"line":87,"column":14},"end":{"line":87,"column":15}},"loc":{"start":{"line":87,"column":26},"end":{"line":92,"column":1}},"line":87},"5":{"name":"(anonymous_5)","decl":{"start":{"line":95,"column":13},"end":{"line":95,"column":14}},"loc":{"start":{"line":95,"column":31},"end":{"line":95,"column":60}},"line":95},"6":{"name":"(anonymous_6)","decl":{"start":{"line":96,"column":13},"end":{"line":96,"column":14}},"loc":{"start":{"line":96,"column":31},"end":{"line":96,"column":50}},"line":96},"7":{"name":"(anonymous_7)","decl":{"start":{"line":98,"column":2},"end":{"line":98,"column":3}},"loc":{"start":{"line":98,"column":13},"end":{"line":100,"column":3}},"line":98}},"branchMap":{"0":{"loc":{"start":{"line":46,"column":19},"end":{"line":59,"column":5}},"type":"cond-expr","locations":[{"start":{"line":47,"column":4},"end":{"line":53,"column":5}},{"start":{"line":54,"column":4},"end":{"line":59,"column":5}}],"line":46},"1":{"loc":{"start":{"line":67,"column":4},"end":{"line":69,"column":5}},"type":"if","locations":[{"start":{"line":67,"column":4},"end":{"line":69,"column":5}},{"start":{},"end":{}}],"line":67},"2":{"loc":{"start":{"line":81,"column":2},"end":{"line":83,"column":3}},"type":"if","locations":[{"start":{"line":81,"column":2},"end":{"line":83,"column":3}},{"start":{},"end":{}}],"line":81},"3":{"loc":{"start":{"line":81,"column":6},"end":{"line":81,"column":25}},"type":"binary-expr","locations":[{"start":{"line":81,"column":6},"end":{"line":81,"column":11}},{"start":{"line":81,"column":15},"end":{"line":81,"column":25}}],"line":81},"4":{"loc":{"start":{"line":88,"column":2},"end":{"line":91,"column":3}},"type":"if","locations":[{"start":{"line":88,"column":2},"end":{"line":91,"column":3}},{"start":{},"end":{}}],"line":88}},"s":{"0":5,"1":5,"2":5,"3":5,"4":10,"5":10,"6":14,"7":0,"8":10,"9":0,"10":10,"11":5,"12":71,"13":10,"14":71,"15":5,"16":5,"17":5,"18":5,"19":5,"20":71,"21":0,"22":0},"f":{"0":10,"1":14,"2":0,"3":71,"4":5,"5":71,"6":0,"7":0},"b":{"0":[0,5],"1":[0,14],"2":[10,61],"3":[71,61],"4":[5,0]},"_coverageSchema":"1a1c01bbd47fc00a2c39e90264f33305004495a9","hash":"c75f18e21041c0aa1cc46f7a7d885bcd5bac28f1"}
,"D:\\faang\\pulsegrid\\src\\db\\offline.model.js": {"path":"D:\\faang\\pulsegrid\\src\\db\\offline.model.js","statementMap":{"0":{"start":{"line":1,"column":11},"end":{"line":1,"column":29}},"1":{"start":{"line":4,"column":28},"end":{"line":12,"column":1}},"2":{"start":{"line":6,"column":2},"end":{"line":11,"column":4}},"3":{"start":{"line":15,"column":25},"end":{"line":31,"column":1}},"4":{"start":{"line":16,"column":17},"end":{"line":29,"column":3}},"5":{"start":{"line":30,"column":2},"end":{"line":30,"column":21}},"6":{"start":{"line":34,"column":27},"end":{"line":40,"column":1}},"7":{"start":{"line":35,"column":17},"end":{"line":38,"column":3}},"8":{"start":{"line":39,"column":2},"end":{"line":39,"column":25}},"9":{"start":{"line":43,"column":27},"end":{"line":49,"column":1}},"10":{"start":{"line":44,"column":17},"end":{"line":47,"column":3}},"11":{"start":{"line":48,"column":2},"end":{"line":48,"column":40}},"12":{"start":{"line":51,"column":0},"end":{"line":56,"column":2}}},"fnMap":{"0":{"name":"(anonymous_0)","decl":{"start":{"line":4,"column":28},"end":{"line":4,"column":29}},"loc":{"start":{"line":4,"column":55},"end":{"line":12,"column":1}},"line":4},"1":{"name":"(anonymous_1)","decl":{"start":{"line":15,"column":25},"end":{"line":15,"column":26}},"loc":{"start":{"line":15,"column":43},"end":{"line":31,"column":1}},"line":15},"2":{"name":"(anonymous_2)","decl":{"start":{"line":34,"column":27},"end":{"line":34,"column":28}},"loc":{"start":{"line":34,"column":45},"end":{"line":40,"column":1}},"line":34},"3":{"name":"(anonymous_3)","decl":{"start":{"line":43,"column":27},"end":{"line":43,"column":28}},"loc":{"start":{"line":43,"column":45},"end":{"line":49,"column":1}},"line":43}},"branchMap":{},"s":{"0":5,"1":5,"2":0,"3":5,"4":0,"5":0,"6":5,"7":0,"8":0,"9":5,"10":0,"11":0,"12":5},"f":{"0":0,"1":0,"2":0,"3":0},"b":{},"_coverageSchema":"1a1c01bbd47fc00a2c39e90264f33305004495a9","hash":"fdf5205740e63bd109f913977e7f6f91b93cf50e"}
,"D:\\faang\\pulsegrid\\src\\db\\subscription.model.js": {"path":"D:\\faang\\pulsegrid\\src\\db\\subscription.model.js","statementMap":{"0":{"start":{"line":1,"column":11},"end":{"line":1,"column":29}},"1":{"start":{"line":3,"column":18},"end":{"line":12,"column":1}},"2":{"start":{"line":4,"column":17},"end":{"line":10,"column":3}},"3":{"start":{"line":11,"column":2},"end":{"line":11,"column":32}},"4":{"start":{"line":14,"column":20},"end":{"line":20,"column":1}},"5":{"start":{"line":15,"column":17},"end":{"line":18,"column":3}},"6":{"start":{"line":19,"column":2},"end":{"line":19,"column":29}},"7":{"start":{"line":22,"column":29},"end":{"line":28,"column":1}},"8":{"start":{"line":23,"column":17},"end":{"line":26,"column":3}},"9":{"start":{"line":27,"column":2},"end":{"line":27,"column":21}},"10":{"start":{"line":30,"column":0},"end":{"line":30,"column":66}}},"fnMap":{"0":{"name":"(anonymous_0)","decl":{"start":{"line":3,"column":18},"end":{"line":3,"column":19}},"loc":{"start":{"line":3,"column":43},"end":{"line":12,"column":1}},"line":3},"1":{"name":"(anonymous_1)","decl":{"start":{"line":14,"column":20},"end":{"line":14,"column":21}},"loc":{"start":{"line":14,"column":45},"end":{"line":20,"column":1}},"line":14},"2":{"name":"(anonymous_2)","decl":{"start":{"line":22,"column":29},"end":{"line":22,"column":30}},"loc":{"start":{"line":22,"column":47},"end":{"line":28,"column":1}},"line":22}},"branchMap":{"0":{"loc":{"start":{"line":11,"column":9},"end":{"line":11,"column":31}},"type":"binary-expr","locations":[{"start":{"line":11,"column":9},"end":{"line":11,"column":23}},{"start":{"line":11,"column":27},"end":{"line":11,"column":31}}],"line":11}},"s":{"0":0,"1":0,"2":0,"3":0,"4":0,"5":0,"6":0,"7":0,"8":0,"9":0,"10":0},"f":{"0":0,"1":0,"2":0},"b":{"0":[0,0]}}
,"D:\\faang\\pulsegrid\\src\\db\\user.model.js": {"path":"D:\\faang\\pulsegrid\\src\\db\\user.model.js","statementMap":{"0":{"start":{"line":1,"column":11},"end":{"line":1,"column":29}},"1":{"start":{"line":3,"column":19},"end":{"line":11,"column":1}},"2":{"start":{"line":4,"column":17},"end":{"line":9,"column":3}},"3":{"start":{"line":10,"column":2},"end":{"line":10,"column":24}},"4":{"start":{"line":13,"column":20},"end":{"line":20,"column":1}},"5":{"start":{"line":14,"column":17},"end":{"line":18,"column":3}},"6":{"start":{"line":19,"column":2},"end":{"line":19,"column":32}},"7":{"start":{"line":22,"column":17},"end":{"line":29,"column":1}},"8":{"start":{"line":23,"column":17},"end":{"line":27,"column":3}},"9":{"start":{"line":28,"column":2},"end":{"line":28,"column":32}},"10":{"start":{"line":31,"column":0},"end":{"line":31,"column":55}}},"fnMap":{"0":{"name":"(anonymous_0)","decl":{"start":{"line":3,"column":19},"end":{"line":3,"column":20}},"loc":{"start":{"line":3,"column":64},"end":{"line":11,"column":1}},"line":3},"1":{"name":"(anonymous_1)","decl":{"start":{"line":13,"column":20},"end":{"line":13,"column":21}},"loc":{"start":{"line":13,"column":37},"end":{"line":20,"column":1}},"line":13},"2":{"name":"(anonymous_2)","decl":{"start":{"line":22,"column":17},"end":{"line":22,"column":18}},"loc":{"start":{"line":22,"column":31},"end":{"line":29,"column":1}},"line":22}},"branchMap":{"0":{"loc":{"start":{"line":19,"column":9},"end":{"line":19,"column":31}},"type":"binary-expr","locations":[{"start":{"line":19,"column":9},"end":{"line":19,"column":23}},{"start":{"line":19,"column":27},"end":{"line":19,"column":31}}],"line":19},"1":{"loc":{"start":{"line":28,"column":9},"end":{"line":28,"column":31}},"type":"binary-expr","locations":[{"start":{"line":28,"column":9},"end":{"line":28,"column":23}},{"start":{"line":28,"column":27},"end":{"line":28,"column":31}}],"line":28}},"s":{"0":5,"1":5,"2":7,"3":7,"4":5,"5":12,"6":12,"7":5,"8":0,"9":0,"10":5},"f":{"0":7,"1":12,"2":0},"b":{"0":[12,8],"1":[0,0]},"_coverageSchema":"1a1c01bbd47fc00a2c39e90264f33305004495a9","hash":"5ccfc8ece7612fb8638f182840dc6fab4cc01897"}
,"D:\\faang\\pulsegrid\\src\\middleware\\auth.js": {"path":"D:\\faang\\pulsegrid\\src\\middleware\\auth.js","statementMap":{"0":{"start":{"line":1,"column":24},"end":{"line":1,"column":59}},"1":{"start":{"line":3,"column":21},"end":{"line":22,"column":1}},"2":{"start":{"line":4,"column":21},"end":{"line":4,"column":49}},"3":{"start":{"line":6,"column":2},"end":{"line":8,"column":3}},"4":{"start":{"line":7,"column":4},"end":{"line":7,"column":64}},"5":{"start":{"line":10,"column":16},"end":{"line":10,"column":40}},"6":{"start":{"line":12,"column":2},"end":{"line":21,"column":3}},"7":{"start":{"line":13,"column":20},"end":{"line":13,"column":38}},"8":{"start":{"line":14,"column":4},"end":{"line":14,"column":23}},"9":{"start":{"line":15,"column":4},"end":{"line":15,"column":11}},"10":{"start":{"line":17,"column":4},"end":{"line":19,"column":5}},"11":{"start":{"line":18,"column":6},"end":{"line":18,"column":62}},"12":{"start":{"line":20,"column":4},"end":{"line":20,"column":60}},"13":{"start":{"line":24,"column":0},"end":{"line":24,"column":34}}},"fnMap":{"0":{"name":"(anonymous_0)","decl":{"start":{"line":3,"column":21},"end":{"line":3,"column":22}},"loc":{"start":{"line":3,"column":41},"end":{"line":22,"column":1}},"line":3}},"branchMap":{"0":{"loc":{"start":{"line":6,"column":2},"end":{"line":8,"column":3}},"type":"if","locations":[{"start":{"line":6,"column":2},"end":{"line":8,"column":3}},{"start":{},"end":{}}],"line":6},"1":{"loc":{"start":{"line":6,"column":6},"end":{"line":6,"column":54}},"type":"binary-expr","locations":[{"start":{"line":6,"column":6},"end":{"line":6,"column":17}},{"start":{"line":6,"column":21},"end":{"line":6,"column":54}}],"line":6},"2":{"loc":{"start":{"line":17,"column":4},"end":{"line":19,"column":5}},"type":"if","locations":[{"start":{"line":17,"column":4},"end":{"line":19,"column":5}},{"start":{},"end":{}}],"line":17}},"s":{"0":5,"1":5,"2":42,"3":42,"4":5,"5":37,"6":37,"7":37,"8":34,"9":34,"10":3,"11":0,"12":3,"13":5},"f":{"0":42},"b":{"0":[5,37],"1":[42,37],"2":[0,3]},"_coverageSchema":"1a1c01bbd47fc00a2c39e90264f33305004495a9","hash":"fd1bd4603198cd00ab192f0a574a9a4b30255385"}
,"D:\\faang\\pulsegrid\\src\\middleware\\rate.limiter.js": {"path":"D:\\faang\\pulsegrid\\src\\middleware\\rate.limiter.js","statementMap":{"0":{"start":{"line":1,"column":18},"end":{"line":1,"column":47}},"1":{"start":{"line":2,"column":14},"end":{"line":2,"column":51}},"2":{"start":{"line":5,"column":19},"end":{"line":14,"column":2}},"3":{"start":{"line":17,"column":20},"end":{"line":26,"column":2}},"4":{"start":{"line":29,"column":23},"end":{"line":33,"column":2}},"5":{"start":{"line":35,"column":0},"end":{"line":35,"column":61}}},"fnMap":{},"branchMap":{"0":{"loc":{"start":{"line":10,"column":7},"end":{"line":10,"column":25}},"type":"cond-expr","locations":[{"start":{"line":10,"column":15},"end":{"line":10,"column":19}},{"start":{"line":10,"column":22},"end":{"line":10,"column":25}}],"line":10},"1":{"loc":{"start":{"line":22,"column":7},"end":{"line":22,"column":23}},"type":"cond-expr","locations":[{"start":{"line":22,"column":15},"end":{"line":22,"column":18}},{"start":{"line":22,"column":21},"end":{"line":22,"column":23}}],"line":22}},"s":{"0":0,"1":0,"2":0,"3":0,"4":0,"5":0},"f":{},"b":{"0":[0,0],"1":[0,0]}}
,"D:\\faang\\pulsegrid\\src\\middleware\\validate.js": {"path":"D:\\faang\\pulsegrid\\src\\middleware\\validate.js","statementMap":{"0":{"start":{"line":1,"column":25},"end":{"line":28,"column":1}},"1":{"start":{"line":2,"column":40},"end":{"line":2,"column":48}},"2":{"start":{"line":4,"column":2},"end":{"line":8,"column":3}},"3":{"start":{"line":5,"column":4},"end":{"line":7,"column":7}},"4":{"start":{"line":10,"column":21},"end":{"line":10,"column":49}},"5":{"start":{"line":11,"column":2},"end":{"line":13,"column":3}},"6":{"start":{"line":12,"column":4},"end":{"line":12,"column":67}},"7":{"start":{"line":15,"column":2},"end":{"line":19,"column":3}},"8":{"start":{"line":16,"column":4},"end":{"line":18,"column":7}},"9":{"start":{"line":21,"column":2},"end":{"line":25,"column":3}},"10":{"start":{"line":22,"column":4},"end":{"line":24,"column":7}},"11":{"start":{"line":27,"column":2},"end":{"line":27,"column":9}},"12":{"start":{"line":30,"column":22},"end":{"line":38,"column":1}},"13":{"start":{"line":31,"column":30},"end":{"line":31,"column":38}},"14":{"start":{"line":33,"column":2},"end":{"line":35,"column":3}},"15":{"start":{"line":34,"column":4},"end":{"line":34,"column":78}},"16":{"start":{"line":37,"column":2},"end":{"line":37,"column":9}},"17":{"start":{"line":40,"column":0},"end":{"line":40,"column":53}}},"fnMap":{"0":{"name":"(anonymous_0)","decl":{"start":{"line":1,"column":25},"end":{"line":1,"column":26}},"loc":{"start":{"line":1,"column":45},"end":{"line":28,"column":1}},"line":1},"1":{"name":"(anonymous_1)","decl":{"start":{"line":30,"column":22},"end":{"line":30,"column":23}},"loc":{"start":{"line":30,"column":42},"end":{"line":38,"column":1}},"line":30}},"branchMap":{"0":{"loc":{"start":{"line":4,"column":2},"end":{"line":8,"column":3}},"type":"if","locations":[{"start":{"line":4,"column":2},"end":{"line":8,"column":3}},{"start":{},"end":{}}],"line":4},"1":{"loc":{"start":{"line":4,"column":6},"end":{"line":4,"column":38}},"type":"binary-expr","locations":[{"start":{"line":4,"column":6},"end":{"line":4,"column":12}},{"start":{"line":4,"column":16},"end":{"line":4,"column":25}},{"start":{"line":4,"column":29},"end":{"line":4,"column":38}}],"line":4},"2":{"loc":{"start":{"line":11,"column":2},"end":{"line":13,"column":3}},"type":"if","locations":[{"start":{"line":11,"column":2},"end":{"line":13,"column":3}},{"start":{},"end":{}}],"line":11},"3":{"loc":{"start":{"line":15,"column":2},"end":{"line":19,"column":3}},"type":"if","locations":[{"start":{"line":15,"column":2},"end":{"line":19,"column":3}},{"start":{},"end":{}}],"line":15},"4":{"loc":{"start":{"line":15,"column":6},"end":{"line":15,"column":49}},"type":"binary-expr","locations":[{"start":{"line":15,"column":6},"end":{"line":15,"column":25}},{"start":{"line":15,"column":29},"end":{"line":15,"column":49}}],"line":15},"5":{"loc":{"start":{"line":21,"column":2},"end":{"line":25,"column":3}},"type":"if","locations":[{"start":{"line":21,"column":2},"end":{"line":25,"column":3}},{"start":{},"end":{}}],"line":21},"6":{"loc":{"start":{"line":33,"column":2},"end":{"line":35,"column":3}},"type":"if","locations":[{"start":{"line":33,"column":2},"end":{"line":35,"column":3}},{"start":{},"end":{}}],"line":33},"7":{"loc":{"start":{"line":33,"column":6},"end":{"line":33,"column":25}},"type":"binary-expr","locations":[{"start":{"line":33,"column":6},"end":{"line":33,"column":12}},{"start":{"line":33,"column":16},"end":{"line":33,"column":25}}],"line":33}},"s":{"0":5,"1":11,"2":11,"3":1,"4":10,"5":10,"6":1,"7":9,"8":0,"9":9,"10":1,"11":8,"12":5,"13":5,"14":5,"15":1,"16":4,"17":5},"f":{"0":11,"1":5},"b":{"0":[1,10],"1":[11,11,11],"2":[1,9],"3":[0,9],"4":[9,9],"5":[1,8],"6":[1,4],"7":[5,5]},"_coverageSchema":"1a1c01bbd47fc00a2c39e90264f33305004495a9","hash":"ad305a68e61f08f9438297d2aa43ad46be8ef28b"}
,"D:\\faang\\pulsegrid\\src\\routes\\analytics.routes.js": {"path":"D:\\faang\\pulsegrid\\src\\routes\\analytics.routes.js","statementMap":{"0":{"start":{"line":1,"column":16},"end":{"line":1,"column":34}},"1":{"start":{"line":2,"column":16},"end":{"line":2,"column":32}},"2":{"start":{"line":3,"column":25},"end":{"line":3,"column":54}},"3":{"start":{"line":10,"column":4},"end":{"line":10,"column":50}},"4":{"start":{"line":12,"column":0},"end":{"line":12,"column":54}},"5":{"start":{"line":13,"column":0},"end":{"line":13,"column":60}},"6":{"start":{"line":14,"column":0},"end":{"line":14,"column":57}},"7":{"start":{"line":15,"column":0},"end":{"line":15,"column":55}},"8":{"start":{"line":16,"column":0},"end":{"line":16,"column":52}},"9":{"start":{"line":18,"column":0},"end":{"line":18,"column":24}}},"fnMap":{},"branchMap":{},"s":{"0":0,"1":0,"2":0,"3":0,"4":0,"5":0,"6":0,"7":0,"8":0,"9":0},"f":{},"b":{}}
,"D:\\faang\\pulsegrid\\src\\routes\\auth.routes.js": {"path":"D:\\faang\\pulsegrid\\src\\routes\\auth.routes.js","statementMap":{"0":{"start":{"line":1,"column":19},"end":{"line":1,"column":37}},"1":{"start":{"line":2,"column":19},"end":{"line":2,"column":35}},"2":{"start":{"line":3,"column":45},"end":{"line":3,"column":86}},"3":{"start":{"line":4,"column":45},"end":{"line":4,"column":94}},"4":{"start":{"line":5,"column":45},"end":{"line":5,"column":74}},"5":{"start":{"line":6,"column":45},"end":{"line":6,"column":78}},"6":{"start":{"line":9,"column":0},"end":{"line":9,"column":53}},"7":{"start":{"line":10,"column":0},"end":{"line":10,"column":50}},"8":{"start":{"line":11,"column":0},"end":{"line":11,"column":50}},"9":{"start":{"line":14,"column":0},"end":{"line":14,"column":55}},"10":{"start":{"line":15,"column":0},"end":{"line":15,"column":56}},"11":{"start":{"line":17,"column":0},"end":{"line":17,"column":24}}},"fnMap":{},"branchMap":{},"s":{"0":5,"1":5,"2":5,"3":5,"4":5,"5":5,"6":5,"7":5,"8":5,"9":5,"10":5,"11":5},"f":{},"b":{},"_coverageSchema":"1a1c01bbd47fc00a2c39e90264f33305004495a9","hash":"8a959163f2d861b5e3e5d09cd574fc30e17c9f89"}
,"D:\\faang\\pulsegrid\\src\\routes\\event.routes.js": {"path":"D:\\faang\\pulsegrid\\src\\routes\\event.routes.js","statementMap":{"0":{"start":{"line":1,"column":19},"end":{"line":1,"column":37}},"1":{"start":{"line":2,"column":19},"end":{"line":2,"column":35}},"2":{"start":{"line":3,"column":25},"end":{"line":3,"column":54}},"3":{"start":{"line":4,"column":20},"end":{"line":4,"column":62}},"4":{"start":{"line":5,"column":45},"end":{"line":5,"column":93}},"5":{"start":{"line":8,"column":0},"end":{"line":8,"column":47}},"6":{"start":{"line":11,"column":0},"end":{"line":11,"column":42}},"7":{"start":{"line":14,"column":0},"end":{"line":14,"column":43}},"8":{"start":{"line":17,"column":0},"end":{"line":17,"column":52}},"9":{"start":{"line":19,"column":0},"end":{"line":19,"column":24}}},"fnMap":{},"branchMap":{},"s":{"0":5,"1":5,"2":5,"3":5,"4":5,"5":5,"6":5,"7":5,"8":5,"9":5},"f":{},"b":{},"_coverageSchema":"1a1c01bbd47fc00a2c39e90264f33305004495a9","hash":"e68c924703d651c90e7f6857ad0f5e4c2880c09f"}
,"D:\\faang\\pulsegrid\\src\\routes\\subscription.routes.js": {"path":"D:\\faang\\pulsegrid\\src\\routes\\subscription.routes.js","statementMap":{"0":{"start":{"line":1,"column":16},"end":{"line":1,"column":34}},"1":{"start":{"line":2,"column":15},"end":{"line":2,"column":31}},"2":{"start":{"line":3,"column":25},"end":{"line":3,"column":54}},"3":{"start":{"line":4,"column":57},"end":{"line":4,"column":92}},"4":{"start":{"line":6,"column":0},"end":{"line":11,"column":3}},"5":{"start":{"line":7,"column":20},"end":{"line":7,"column":28}},"6":{"start":{"line":8,"column":2},"end":{"line":8,"column":74}},"7":{"start":{"line":8,"column":14},"end":{"line":8,"column":74}},"8":{"start":{"line":9,"column":14},"end":{"line":9,"column":49}},"9":{"start":{"line":10,"column":2},"end":{"line":10,"column":86}},"10":{"start":{"line":13,"column":0},"end":{"line":18,"column":3}},"11":{"start":{"line":14,"column":20},"end":{"line":14,"column":28}},"12":{"start":{"line":15,"column":2},"end":{"line":15,"column":74}},"13":{"start":{"line":15,"column":14},"end":{"line":15,"column":74}},"14":{"start":{"line":16,"column":18},"end":{"line":16,"column":55}},"15":{"start":{"line":17,"column":2},"end":{"line":17,"column":76}},"16":{"start":{"line":20,"column":0},"end":{"line":23,"column":3}},"17":{"start":{"line":21,"column":15},"end":{"line":21,"column":54}},"18":{"start":{"line":22,"column":2},"end":{"line":22,"column":36}},"19":{"start":{"line":25,"column":0},"end":{"line":25,"column":24}}},"fnMap":{"0":{"name":"(anonymous_0)","decl":{"start":{"line":6,"column":40},"end":{"line":6,"column":41}},"loc":{"start":{"line":6,"column":60},"end":{"line":11,"column":1}},"line":6},"1":{"name":"(anonymous_1)","decl":{"start":{"line":13,"column":44},"end":{"line":13,"column":45}},"loc":{"start":{"line":13,"column":64},"end":{"line":18,"column":1}},"line":13},"2":{"name":"(anonymous_2)","decl":{"start":{"line":20,"column":32},"end":{"line":20,"column":33}},"loc":{"start":{"line":20,"column":52},"end":{"line":23,"column":1}},"line":20}},"branchMap":{"0":{"loc":{"start":{"line":8,"column":2},"end":{"line":8,"column":74}},"type":"if","locations":[{"start":{"line":8,"column":2},"end":{"line":8,"column":74}},{"start":{},"end":{}}],"line":8},"1":{"loc":{"start":{"line":10,"column":34},"end":{"line":10,"column":75}},"type":"cond-expr","locations":[{"start":{"line":10,"column":40},"end":{"line":10,"column":52}},{"start":{"line":10,"column":55},"end":{"line":10,"column":75}}],"line":10},"2":{"loc":{"start":{"line":15,"column":2},"end":{"line":15,"column":74}},"type":"if","locations":[{"start":{"line":15,"column":2},"end":{"line":15,"column":74}},{"start":{},"end":{}}],"line":15},"3":{"loc":{"start":{"line":17,"column":22},"end":{"line":17,"column":65}},"type":"cond-expr","locations":[{"start":{"line":17,"column":32},"end":{"line":17,"column":46}},{"start":{"line":17,"column":49},"end":{"line":17,"column":65}}],"line":17}},"s":{"0":0,"1":0,"2":0,"3":0,"4":0,"5":0,"6":0,"7":0,"8":0,"9":0,"10":0,"11":0,"12":0,"13":0,"14":0,"15":0,"16":0,"17":0,"18":0,"19":0},"f":{"0":0,"1":0,"2":0},"b":{"0":[0,0],"1":[0,0],"2":[0,0],"3":[0,0]}}
,"D:\\faang\\pulsegrid\\src\\services\\anomaly.detector.js": {"path":"D:\\faang\\pulsegrid\\src\\services\\anomaly.detector.js","statementMap":{"0":{"start":{"line":1,"column":14},"end":{"line":1,"column":40}},"1":{"start":{"line":2,"column":26},"end":{"line":2,"column":54}},"2":{"start":{"line":3,"column":23},"end":{"line":3,"column":54}},"3":{"start":{"line":4,"column":29},"end":{"line":4,"column":60}},"4":{"start":{"line":6,"column":26},"end":{"line":6,"column":29}},"5":{"start":{"line":7,"column":25},"end":{"line":7,"column":26}},"6":{"start":{"line":8,"column":25},"end":{"line":8,"column":32}},"7":{"start":{"line":15,"column":24},"end":{"line":29,"column":1}},"8":{"start":{"line":16,"column":2},"end":{"line":16,"column":76}},"9":{"start":{"line":16,"column":35},"end":{"line":16,"column":76}},"10":{"start":{"line":18,"column":15},"end":{"line":18,"column":64}},"11":{"start":{"line":18,"column":39},"end":{"line":18,"column":44}},"12":{"start":{"line":19,"column":19},"end":{"line":19,"column":88}},"13":{"start":{"line":19,"column":43},"end":{"line":19,"column":68}},"14":{"start":{"line":20,"column":17},"end":{"line":20,"column":36}},"15":{"start":{"line":23,"column":2},"end":{"line":23,"column":58}},"16":{"start":{"line":23,"column":20},"end":{"line":23,"column":58}},"17":{"start":{"line":25,"column":17},"end":{"line":25,"column":42}},"18":{"start":{"line":26,"column":17},"end":{"line":26,"column":41}},"19":{"start":{"line":28,"column":2},"end":{"line":28,"column":125}},"20":{"start":{"line":35,"column":21},"end":{"line":73,"column":1}},"21":{"start":{"line":37,"column":21},"end":{"line":37,"column":44}},"22":{"start":{"line":38,"column":17},"end":{"line":38,"column":45}},"23":{"start":{"line":38,"column":37},"end":{"line":38,"column":44}},"24":{"start":{"line":40,"column":35},"end":{"line":40,"column":58}},"25":{"start":{"line":42,"column":2},"end":{"line":42,"column":46}},"26":{"start":{"line":42,"column":34},"end":{"line":42,"column":46}},"27":{"start":{"line":45,"column":18},"end":{"line":54,"column":3}},"28":{"start":{"line":57,"column":2},"end":{"line":57,"column":74}},"29":{"start":{"line":58,"column":2},"end":{"line":58,"column":56}},"30":{"start":{"line":59,"column":2},"end":{"line":59,"column":63}},"31":{"start":{"line":62,"column":22},"end":{"line":62,"column":40}},"32":{"start":{"line":63,"column":2},"end":{"line":68,"column":5}},"33":{"start":{"line":64,"column":4},"end":{"line":67,"column":7}},"34":{"start":{"line":70,"column":2},"end":{"line":70,"column":126}},"35":{"start":{"line":72,"column":2},"end":{"line":72,"column":17}},"36":{"start":{"line":78,"column":27},"end":{"line":81,"column":1}},"37":{"start":{"line":79,"column":14},"end":{"line":79,"column":75}},"38":{"start":{"line":80,"column":2},"end":{"line":80,"column":37}},"39":{"start":{"line":80,"column":22},"end":{"line":80,"column":35}},"40":{"start":{"line":83,"column":0},"end":{"line":83,"column":71}}},"fnMap":{"0":{"name":"(anonymous_0)","decl":{"start":{"line":15,"column":24},"end":{"line":15,"column":25}},"loc":{"start":{"line":15,"column":36},"end":{"line":29,"column":1}},"line":15},"1":{"name":"(anonymous_1)","decl":{"start":{"line":18,"column":29},"end":{"line":18,"column":30}},"loc":{"start":{"line":18,"column":39},"end":{"line":18,"column":44}},"line":18},"2":{"name":"(anonymous_2)","decl":{"start":{"line":19,"column":33},"end":{"line":19,"column":34}},"loc":{"start":{"line":19,"column":43},"end":{"line":19,"column":68}},"line":19},"3":{"name":"(anonymous_3)","decl":{"start":{"line":35,"column":21},"end":{"line":35,"column":22}},"loc":{"start":{"line":35,"column":38},"end":{"line":73,"column":1}},"line":35},"4":{"name":"(anonymous_4)","decl":{"start":{"line":38,"column":32},"end":{"line":38,"column":33}},"loc":{"start":{"line":38,"column":37},"end":{"line":38,"column":44}},"line":38},"5":{"name":"(anonymous_5)","decl":{"start":{"line":63,"column":22},"end":{"line":63,"column":23}},"loc":{"start":{"line":63,"column":32},"end":{"line":68,"column":3}},"line":63},"6":{"name":"(anonymous_6)","decl":{"start":{"line":78,"column":27},"end":{"line":78,"column":28}},"loc":{"start":{"line":78,"column":49},"end":{"line":81,"column":1}},"line":78},"7":{"name":"(anonymous_7)","decl":{"start":{"line":80,"column":17},"end":{"line":80,"column":18}},"loc":{"start":{"line":80,"column":22},"end":{"line":80,"column":35}},"line":80}},"branchMap":{"0":{"loc":{"start":{"line":16,"column":2},"end":{"line":16,"column":76}},"type":"if","locations":[{"start":{"line":16,"column":2},"end":{"line":16,"column":76}},{"start":{},"end":{}}],"line":16},"1":{"loc":{"start":{"line":23,"column":2},"end":{"line":23,"column":58}},"type":"if","locations":[{"start":{"line":23,"column":2},"end":{"line":23,"column":58}},{"start":{},"end":{}}],"line":23},"2":{"loc":{"start":{"line":42,"column":2},"end":{"line":42,"column":46}},"type":"if","locations":[{"start":{"line":42,"column":2},"end":{"line":42,"column":46}},{"start":{},"end":{}}],"line":42},"3":{"loc":{"start":{"line":52,"column":15},"end":{"line":52,"column":53}},"type":"cond-expr","locations":[{"start":{"line":52,"column":31},"end":{"line":52,"column":41}},{"start":{"line":52,"column":44},"end":{"line":52,"column":53}}],"line":52},"4":{"loc":{"start":{"line":78,"column":34},"end":{"line":78,"column":44}},"type":"default-arg","locations":[{"start":{"line":78,"column":42},"end":{"line":78,"column":44}}],"line":78}},"s":{"0":6,"1":6,"2":6,"3":6,"4":6,"5":6,"6":6,"7":6,"8":8,"9":2,"10":6,"11":50,"12":6,"13":50,"14":6,"15":6,"16":1,"17":5,"18":5,"19":5,"20":6,"21":0,"22":0,"23":0,"24":0,"25":0,"26":0,"27":0,"28":0,"29":0,"30":0,"31":0,"32":0,"33":0,"34":0,"35":0,"36":6,"37":0,"38":0,"39":0,"40":6},"f":{"0":8,"1":50,"2":50,"3":0,"4":0,"5":0,"6":0,"7":0},"b":{"0":[2,6],"1":[1,5],"2":[0,0],"3":[0,0],"4":[0]},"_coverageSchema":"1a1c01bbd47fc00a2c39e90264f33305004495a9","hash":"d7fed2ba881651c3de7c3117dbc7d4a40781341b"}
,"D:\\faang\\pulsegrid\\src\\services\\auth.service.js": {"path":"D:\\faang\\pulsegrid\\src\\services\\auth.service.js","statementMap":{"0":{"start":{"line":1,"column":15},"end":{"line":1,"column":34}},"1":{"start":{"line":2,"column":12},"end":{"line":2,"column":35}},"2":{"start":{"line":3,"column":15},"end":{"line":3,"column":35}},"3":{"start":{"line":5,"column":20},"end":{"line":5,"column":22}},"4":{"start":{"line":7,"column":21},"end":{"line":9,"column":1}},"5":{"start":{"line":8,"column":2},"end":{"line":8,"column":44}},"6":{"start":{"line":11,"column":24},"end":{"line":13,"column":1}},"7":{"start":{"line":12,"column":2},"end":{"line":12,"column":39}},"8":{"start":{"line":15,"column":22},"end":{"line":19,"column":1}},"9":{"start":{"line":16,"column":2},"end":{"line":18,"column":5}},"10":{"start":{"line":21,"column":20},"end":{"line":23,"column":1}},"11":{"start":{"line":22,"column":2},"end":{"line":22,"column":46}},"12":{"start":{"line":25,"column":0},"end":{"line":25,"column":79}}},"fnMap":{"0":{"name":"(anonymous_0)","decl":{"start":{"line":7,"column":21},"end":{"line":7,"column":22}},"loc":{"start":{"line":7,"column":41},"end":{"line":9,"column":1}},"line":7},"1":{"name":"(anonymous_1)","decl":{"start":{"line":11,"column":24},"end":{"line":11,"column":25}},"loc":{"start":{"line":11,"column":49},"end":{"line":13,"column":1}},"line":11},"2":{"name":"(anonymous_2)","decl":{"start":{"line":15,"column":22},"end":{"line":15,"column":23}},"loc":{"start":{"line":15,"column":35},"end":{"line":19,"column":1}},"line":15},"3":{"name":"(anonymous_3)","decl":{"start":{"line":21,"column":20},"end":{"line":21,"column":21}},"loc":{"start":{"line":21,"column":31},"end":{"line":23,"column":1}},"line":21}},"branchMap":{},"s":{"0":6,"1":6,"2":6,"3":6,"4":6,"5":14,"6":6,"7":8,"8":6,"9":12,"10":6,"11":40,"12":6},"f":{"0":14,"1":8,"2":12,"3":40},"b":{},"_coverageSchema":"1a1c01bbd47fc00a2c39e90264f33305004495a9","hash":"71c39399a394eabc07b30a9c794c3f31e8b9b6d0"}
,"D:\\faang\\pulsegrid\\src\\services\\connection.manager.js": {"path":"D:\\faang\\pulsegrid\\src\\services\\connection.manager.js","statementMap":{"0":{"start":{"line":1,"column":14},"end":{"line":1,"column":40}},"1":{"start":{"line":4,"column":20},"end":{"line":4,"column":29}},"2":{"start":{"line":6,"column":22},"end":{"line":15,"column":1}},"3":{"start":{"line":7,"column":2},"end":{"line":9,"column":3}},"4":{"start":{"line":8,"column":4},"end":{"line":8,"column":39}},"5":{"start":{"line":10,"column":2},"end":{"line":10,"column":34}},"6":{"start":{"line":13,"column":2},"end":{"line":13,"column":68}},"7":{"start":{"line":14,"column":2},"end":{"line":14,"column":92}},"8":{"start":{"line":17,"column":25},"end":{"line":27,"column":1}},"9":{"start":{"line":18,"column":20},"end":{"line":18,"column":43}},"10":{"start":{"line":19,"column":2},"end":{"line":26,"column":3}},"11":{"start":{"line":20,"column":4},"end":{"line":20,"column":25}},"12":{"start":{"line":21,"column":4},"end":{"line":25,"column":5}},"13":{"start":{"line":22,"column":6},"end":{"line":22,"column":33}},"14":{"start":{"line":23,"column":6},"end":{"line":23,"column":56}},"15":{"start":{"line":24,"column":6},"end":{"line":24,"column":60}},"16":{"start":{"line":29,"column":19},"end":{"line":44,"column":1}},"17":{"start":{"line":30,"column":20},"end":{"line":30,"column":43}},"18":{"start":{"line":31,"column":2},"end":{"line":31,"column":31}},"19":{"start":{"line":31,"column":18},"end":{"line":31,"column":31}},"20":{"start":{"line":33,"column":18},"end":{"line":33,"column":41}},"21":{"start":{"line":34,"column":18},"end":{"line":34,"column":23}},"22":{"start":{"line":36,"column":2},"end":{"line":41,"column":5}},"23":{"start":{"line":37,"column":4},"end":{"line":40,"column":5}},"24":{"start":{"line":38,"column":6},"end":{"line":38,"column":23}},"25":{"start":{"line":39,"column":6},"end":{"line":39,"column":23}},"26":{"start":{"line":43,"column":2},"end":{"line":43,"column":19}},"27":{"start":{"line":46,"column":17},"end":{"line":46,"column":52}},"28":{"start":{"line":46,"column":29},"end":{"line":46,"column":52}},"29":{"start":{"line":48,"column":28},"end":{"line":52,"column":1}},"30":{"start":{"line":49,"column":14},"end":{"line":49,"column":15}},"31":{"start":{"line":50,"column":2},"end":{"line":50,"column":56}},"32":{"start":{"line":50,"column":34},"end":{"line":50,"column":53}},"33":{"start":{"line":51,"column":2},"end":{"line":51,"column":15}},"34":{"start":{"line":54,"column":25},"end":{"line":54,"column":61}},"35":{"start":{"line":54,"column":31},"end":{"line":54,"column":61}},"36":{"start":{"line":56,"column":0},"end":{"line":63,"column":2}}},"fnMap":{"0":{"name":"(anonymous_0)","decl":{"start":{"line":6,"column":22},"end":{"line":6,"column":23}},"loc":{"start":{"line":6,"column":44},"end":{"line":15,"column":1}},"line":6},"1":{"name":"(anonymous_1)","decl":{"start":{"line":17,"column":25},"end":{"line":17,"column":26}},"loc":{"start":{"line":17,"column":47},"end":{"line":27,"column":1}},"line":17},"2":{"name":"(anonymous_2)","decl":{"start":{"line":29,"column":19},"end":{"line":29,"column":20}},"loc":{"start":{"line":29,"column":40},"end":{"line":44,"column":1}},"line":29},"3":{"name":"(anonymous_3)","decl":{"start":{"line":36,"column":20},"end":{"line":36,"column":21}},"loc":{"start":{"line":36,"column":28},"end":{"line":41,"column":3}},"line":36},"4":{"name":"(anonymous_4)","decl":{"start":{"line":46,"column":17},"end":{"line":46,"column":18}},"loc":{"start":{"line":46,"column":29},"end":{"line":46,"column":52}},"line":46},"5":{"name":"(anonymous_5)"
[...]
umn":9},"end":{"line":45,"column":3}},{"start":{},"end":{}}],"line":43},"7":{"loc":{"start":{"line":43,"column":13},"end":{"line":43,"column":52}},"type":"binary-expr","locations":[{"start":{"line":43,"column":13},"end":{"line":43,"column":27}},{"start":{"line":43,"column":31},"end":{"line":43,"column":52}}],"line":43},"8":{"loc":{"start":{"line":48,"column":2},"end":{"line":48,"column":54}},"type":"if","locations":[{"start":{"line":48,"column":2},"end":{"line":48,"column":54}},{"start":{},"end":{}}],"line":48},"9":{"loc":{"start":{"line":49,"column":2},"end":{"line":49,"column":53}},"type":"if","locations":[{"start":{"line":49,"column":2},"end":{"line":49,"column":53}},{"start":{},"end":{}}],"line":49},"10":{"loc":{"start":{"line":50,"column":2},"end":{"line":50,"column":54}},"type":"if","locations":[{"start":{"line":50,"column":2},"end":{"line":50,"column":54}},{"start":{},"end":{}}],"line":50},"11":{"loc":{"start":{"line":55,"column":26},"end":{"line":55,"column":36}},"type":"default-arg","locations":[{"start":{"line":55,"column":34},"end":{"line":55,"column":36}}],"line":55},"12":{"loc":{"start":{"line":55,"column":38},"end":{"line":55,"column":50}},"type":"default-arg","locations":[{"start":{"line":55,"column":48},"end":{"line":55,"column":50}}],"line":55},"13":{"loc":{"start":{"line":55,"column":52},"end":{"line":55,"column":73}},"type":"default-arg","locations":[{"start":{"line":55,"column":69},"end":{"line":55,"column":73}}],"line":55},"14":{"loc":{"start":{"line":57,"column":2},"end":{"line":59,"column":3}},"type":"if","locations":[{"start":{"line":57,"column":2},"end":{"line":59,"column":3}},{"start":{},"end":{}}],"line":57},"15":{"loc":{"start":{"line":57,"column":6},"end":{"line":57,"column":76}},"type":"binary-expr","locations":[{"start":{"line":57,"column":6},"end":{"line":57,"column":20}},{"start":{"line":57,"column":24},"end":{"line":57,"column":76}}],"line":57},"16":{"loc":{"start":{"line":63,"column":2},"end":{"line":65,"column":3}},"type":"if","locations":[{"start":{"line":63,"column":2},"end":{"line":65,"column":3}},{"start":{},"end":{}}],"line":63},"17":{"loc":{"start":{"line":66,"column":2},"end":{"line":68,"column":3}},"type":"if","locations":[{"start":{"line":66,"column":2},"end":{"line":68,"column":3}},{"start":{},"end":{}}],"line":66},"18":{"loc":{"start":{"line":73,"column":2},"end":{"line":73,"column":108}},"type":"if","locations":[{"start":{"line":73,"column":2},"end":{"line":73,"column":108}},{"start":{},"end":{}}],"line":73},"19":{"loc":{"start":{"line":74,"column":2},"end":{"line":74,"column":85}},"type":"if","locations":[{"start":{"line":74,"column":2},"end":{"line":74,"column":85}},{"start":{},"end":{}}],"line":74}},"s":{"0":6,"1":6,"2":6,"3":6,"4":6,"5":8,"6":8,"7":8,"8":120,"9":3,"10":8,"11":80,"12":3,"13":8,"14":1,"15":7,"16":0,"17":7,"18":0,"19":8,"20":1,"21":8,"22":0,"23":8,"24":0,"25":8,"26":6,"27":17,"28":3,"29":14,"30":14,"31":55,"32":4,"33":10,"34":43,"35":2,"36":8,"37":8,"38":3,"39":5,"40":1,"41":4,"42":6},"f":{"0":8,"1":120,"2":80,"3":17,"4":55,"5":43},"b":{"0":[3,117],"1":[3,77],"2":[1,7],"3":[8,2],"4":[0,7],"5":[7,1],"6":[0,7],"7":[7,1],"8":[1,7],"9":[0,8],"10":[0,8],"11":[0],"12":[0],"13":[13],"14":[3,14],"15":[17,4],"16":[4,10],"17":[2,8],"18":[3,5],"19":[1,4]},"_coverageSchema":"1a1c01bbd47fc00a2c39e90264f33305004495a9","hash":"06c54608da1bda617a7b476da092f86bc6a883bf"}
,"D:\\faang\\pulsegrid\\src\\services\\queue.manager.js": {"path":"D:\\faang\\pulsegrid\\src\\services\\queue.manager.js","statementMap":{"0":{"start":{"line":1,"column":31},"end":{"line":1,"column":64}},"1":{"start":{"line":2,"column":26},"end":{"line":2,"column":43}},"2":{"start":{"line":3,"column":14},"end":{"line":3,"column":40}},"3":{"start":{"line":4,"column":11},"end":{"line":4,"column":27}},"4":{"start":{"line":6,"column":25},"end":{"line":6,"column":53}},"5":{"start":{"line":7,"column":25},"end":{"line":7,"column":54}},"6":{"start":{"line":10,"column":24},"end":{"line":13,"column":1}},"7":{"start":{"line":15,"column":15},"end":{"line":19,"column":1}},"8":{"start":{"line":22,"column":20},"end":{"line":22,"column":77}},"9":{"start":{"line":23,"column":20},"end":{"line":23,"column":77}},"10":{"start":{"line":24,"column":17},"end":{"line":24,"column":71}},"11":{"start":{"line":27,"column":21},"end":{"line":27,"column":54}},"12":{"start":{"line":30,"column":21},"end":{"line":60,"column":1}},"13":{"start":{"line":31,"column":63},"end":{"line":31,"column":72}},"14":{"start":{"line":33,"column":20},"end":{"line":40,"column":5}},"15":{"start":{"line":42,"column":17},"end":{"line":48,"column":5}},"16":{"start":{"line":50,"column":20},"end":{"line":50,"column":36}},"17":{"start":{"line":52,"column":4},"end":{"line":59,"column":5}},"18":{"start":{"line":54,"column":12},"end":{"line":54,"column":59}},"19":{"start":{"line":56,"column":12},"end":{"line":56,"column":56}},"20":{"start":{"line":58,"column":12},"end":{"line":58,"column":59}},"21":{"start":{"line":63,"column":19},"end":{"line":95,"column":1}},"22":{"start":{"line":64,"column":59},"end":{"line":64,"column":67}},"23":{"start":{"line":65,"column":20},"end":{"line":65,"column":30}},"24":{"start":{"line":68,"column":2},"end":{"line":70,"column":6}},"25":{"start":{"line":73,"column":2},"end":{"line":73,"column":43}},"26":{"start":{"line":76,"column":21},"end":{"line":76,"column":43}},"27":{"start":{"line":79,"column":2},"end":{"line":81,"column":4}},"28":{"start":{"line":80,"column":4},"end":{"line":80,"column":55}},"29":{"start":{"line":84,"column":2},"end":{"line":86,"column":4}},"30":{"start":{"line":85,"column":4},"end":{"line":85,"column":56}},"31":{"start":{"line":89,"column":2},"end":{"line":92,"column":4}},"32":{"start":{"line":94,"column":2},"end":{"line":94,"column":50}},"33":{"start":{"line":98,"column":21},"end":{"line":101,"column":2}},"34":{"start":{"line":103,"column":21},"end":{"line":106,"column":2}},"35":{"start":{"line":108,"column":18},"end":{"line":111,"column":2}},"36":{"start":{"line":114,"column":0},"end":{"line":122,"column":3}},"37":{"start":{"line":115,"column":4},"end":{"line":117,"column":7}},"38":{"start":{"line":116,"column":8},"end":{"line":116,"column":78}},"39":{"start":{"line":119,"column":4},"end":{"line":121,"column":7}},"40":{"start":{"line":120,"column":8},"end":{"line":120,"column":69}},"41":{"start":{"line":125,"column":22},"end":{"line":137,"column":1}},"42":{"start":{"line":126,"column":40},"end":{"line":130,"column":6}},"43":{"start":{"line":132,"column":4},"end":{"line":136,"column":6}},"44":{"start":{"line":139,"column":14},"end":{"line":148,"column":1}},"45":{"start":{"line":140,"column":4},"end":{"line":147,"column":7}},"46":{"start":{"line":150,"column":0},"end":{"line":157,"column":2}}},"fnMap":{"0":{"name":"(anonymous_0)","decl":{"start":{"line":30,"column":21},"end":{"line":30,"column":22}},"loc":{"start":{"line":30,"column":63},"end":{"line":60,"column":1}},"line":30},"1":{"name":"(anonymous_1)","decl":{"start":{"line":63,"column":19},"end":{"line":63,"column":20}},"loc":{"start":{"line":63,"column":34},"end":{"line":95,"column":1}},"line":63},"2":{"name":"(anonymous_2)","decl":{"start":{"line":79,"column":58},"end":{"line":79,"column":59}},"loc":{"start":{"line":80,"column":4},"end":{"line":80,"column":55}},"line":80},"3":{"name":"(anonymous_3)","decl":{"start":{"line":84,"column":28},"end":{"line":84,"column":29}},"loc":{"start":{"line":85,"column":4},"end":{"line":85,"column":56}},"line":85},"4":{"name":"(anonymous_4)","decl":{"start":{"line":114,"column":48},"end":{"line":114,"column":49}},"loc":{"start":{"line":114,"column":60},"end":{"line":122,"column":1}},"line":114},"5":{"name":"(anonymous_5)","decl":{"start":{"line":115,"column":27},"end":{"line":115,"column":28}},"loc":{"start":{"line":115,"column":36},"end":{"line":117,"column":5}},"line":115},"6":{"name":"(anonymous_6)","decl":{"start":{"line":119,"column":24},"end":{"line":119,"column":25}},"loc":{"start":{"line":119,"column":38},"end":{"line":121,"column":5}},"line":119},"7":{"name":"(anonymous_7)","decl":{"start":{"line":125,"column":22},"end":{"line":125,"column":23}},"loc":{"start":{"line":125,"column":34},"end":{"line":137,"column":1}},"line":125},"8":{"name":"(anonymous_8)","decl":{"start":{"line":139,"column":14},"end":{"line":139,"column":15}},"loc":{"start":{"line":139,"column":26},"end":{"line":148,"column":1}},"line":139}},"branchMap":{"0":{"loc":{"start":{"line":11,"column":10},"end":{"line":11,"column":47}},"type":"binary-expr","locations":[{"start":{"line":11,"column":10},"end":{"line":11,"column":32}},{"start":{"line":11,"column":36},"end":{"line":11,"column":47}}],"line":11},"1":{"loc":{"start":{"line":12,"column":10},"end":{"line":12,"column":54}},"type":"binary-expr","locations":[{"start":{"line":12,"column":10},"end":{"line":12,"column":46}},{"start":{"line":12,"column":50},"end":{"line":12,"column":54}}],"line":12},"2":{"loc":{"start":{"line":30,"column":39},"end":{"line":30,"column":58}},"type":"default-arg","locations":[{"start":{"line":30,"column":50},"end":{"line":30,"column":58}}],"line":30},"3":{"loc":{"start":{"line":43,"column":18},"end":{"line":43,"column":45}},"type":"binary-expr","locations":[{"start":{"line":43,"column":18},"end":{"line":43,"column":40}},{"start":{"line":43,"column":44},"end":{"line":43,"column":45}}],"line":43},"4":{"loc":{"start":{"line":52,"column":4},"end":{"line":59,"column":5}},"type":"switch","locations":[{"start":{"line":53,"column":8},"end":{"line":54,"column":59}},{"start":{"line":55,"column":8},"end":{"line":56,"column":56}},{"start":{"line":57,"column":8},"end":{"line":58,"column":59}}],"line":52}},"s":{"0":5,"1":5,"2":5,"3":5,"4":5,"5":5,"6":5,"7":5,"8":5,"9":5,"10":5,"11":5,"12":5,"13":4,"14":4,"15":4,"16":4,"17":4,"18":2,"19":1,"20":1,"21":5,"22":0,"23":0,"24":0,"25":0,"26":0,"27":0,"28":0,"29":0,"30":0,"31":0,"32":0,"33":5,"34":5,"35":5,"36":5,"37":15,"38":0,"39":15,"40":0,"41":5,"42":0,"43":0,"44":5,"45":5,"46":5},"f":{"0":4,"1":0,"2":0,"3":0,"4":15,"5":0,"6":0,"7":0,"8":5},"b":{"0":[5,0],"1":[5,0],"2":[0],"3":[4,0],"4":[2,1,1]},"_coverageSchema":"1a1c01bbd47fc00a2c39e90264f33305004495a9","hash":"17184970935ea7277d1d69cb808499f96866345a"}
,"D:\\faang\\pulsegrid\\src\\services\\websocket.server.js": {"path":"D:\\faang\\pulsegrid\\src\\services\\websocket.server.js","statementMap":{"0":{"start":{"line":1,"column":18},"end":{"line":1,"column":31}},"1":{"start":{"line":2,"column":24},"end":{"line":2,"column":49}},"2":{"start":{"line":3,"column":28},"end":{"line":3,"column":61}},"3":{"start":{"line":4,"column":77},"end":{"line":4,"column":108}},"4":{"start":{"line":5,"column":14},"end":{"line":5,"column":40}},"5":{"start":{"line":6,"column":11},"end":{"line":6,"column":27}},"6":{"start":{"line":8,"column":10},"end":{"line":8,"column":14}},"7":{"start":{"line":9,"column":24},"end":{"line":9,"column":28}},"8":{"start":{"line":11,"column":28},"end":{"line":117,"column":1}},"9":{"start":{"line":12,"column":2},"end":{"line":12,"column":53}},"10":{"start":{"line":15,"column":2},"end":{"line":18,"column":5}},"11":{"start":{"line":16,"column":4},"end":{"line":17,"column":59}},"12":{"start":{"line":16,"column":13},"end":{"line":16,"column":64}},"13":{"start":{"line":17,"column":9},"end":{"line":17,"column":59}},"14":{"start":{"line":21,"column":2},"end":{"line":45,"column":5}},"15":{"start":{"line":22,"column":4},"end":{"line":44,"column":5}},"16":{"start":{"line":23,"column":19},"end":{"line":23,"column":38}},"17":{"start":{"line":24,"column":20},"end":{"line":24,"column":49}},"18":{"start":{"line":27,"column":21},"end":{"line":30,"column":7}},"19":{"start":{"line":32,"column":6},"end":{"line":41,"column":9}},"20":{"start":{"line":33,"column":8},"end":{"line":40,"column":11}},"21":{"start":{"line":43,"column":6},"end":{"line":43,"column":57}},"22":{"start":{"line":47,"column":2},"end":{"line":101,"column":5}},"23":{"start":{"line":49,"column":16},"end":{"line":49,"column":52}},"24":{"start":{"line":50,"column":18},"end":{"line":50,"column":47}},"25":{"start":{"line":52,"column":4},"end":{"line":55,"column":5}},"26":{"start":{"line":53,"column":6},"end":{"line":53,"column":42}},"27":{"start":{"line":54,"column":6},"end":{"line":54,"column":13}},"28":{"start":{"line":58,"column":4},"end":{"line":63,"column":5}},"29":{"start":{"line":59,"column":6},"end":{"line":59,"column":32}},"30":{"start":{"line":61,"column":6},"end":{"line":61,"column":38}},"31":{"start":{"line":62,"column":6},"end":{"line":62,"column":13}},"32":{"start":{"line":65,"column":4},"end":{"line":65,"column":24}},"33":{"start":{"line":66,"column":4},"end":{"line":66,"column":37}},"34":{"start":{"line":69,"column":4},"end":{"line":73,"column":8}},"35":{"start":{"line":77,"column":4},"end":{"line":77,"column":52}},"36":{"start":{"line":77,"column":21},"end":{"line":77,"column":45}},"37":{"start":{"line":80,"column":4},"end":{"line":80,"column":22}},"38":{"start":{"line":81,"column":4},"end":{"line":81,"column":48}},"39":{"start":{"line":81,"column":26},"end":{"line":81,"column":44}},"40":{"start":{"line":83,"column":4},"end":{"line":92,"column":7}},"41":{"start":{"line":84,"column":6},"end":{"line":91,"column":7}},"42":{"start":{"line":85,"column":20},"end":{"line":85,"column":35}},"43":{"start":{"line":86,"column":8},"end":{"line":88,"column":9}},"44":{"start":{"line":87,"column":10},"end":{"line":87,"column":75}},"45":{"start":{"line":90,"column":8},"end":{"line":90,"column":84}},"46":{"start":{"line":94,"column":4},"end":{"line":96,"column":7}},"47":{"start":{"line":95,"column":6},"end":{"line":95,"column":42}},"48":{"start":{"line":98,"column":4},"end":{"line":100,"column":7}},"49":{"start":{"line":99,"column":6},"end":{"line":99,"column":67}},"50":{"start":{"line":104,"column":2},"end":{"line":113,"column":12}},"51":{"start":{"line":105,"column":4},"end":{"line":112,"column":7}},"52":{"start":{"line":106,"column":6},"end":{"line":109,"column":7}},"53":{"start":{"line":107,"column":8},"end":{"line":107,"column":40}},"54":{"start":{"line":108,"column":8},"end":{"line":108,"column":30}},"55":{"start":{"line":110,"column":6},"end":{"line":110,"column":25}},"56":{"start":{"line":111,"column":6},"end":{"line":111,"column":16}},"57":{"start":{"line":115,"column":2},"end":{"line":115,"column":51}},"58":{"start":{"line":116,"column":2},"end":{"line":116,"column":13}},"59":{"start":{"line":119,"column":15},"end":{"line":119,"column":24}},"60":{"start":{"line":119,"column":21},"end":{"line":119,"column":24}},"61":{"start":{"line":121,"column":29},"end":{"line":134,"column":1}},"62":{"start":{"line":122,"column":2},"end":{"line":125,"column":3}},"63":{"start":{"line":123,"column":4},"end":{"line":123,"column":37}},"64":{"start":{"line":124,"column":4},"end":{"line":124,"column":29}},"65":{"start":{"line":126,"column":2},"end":{"line":133,"column":3}},"66":{"start":{"line":127,"column":4},"end":{"line":132,"column":7}},"67":{"start":{"line":128,"column":6},"end":{"line":131,"column":9}},"68":{"start":{"line":129,"column":8},"end":{"line":129,"column":19}},"69":{"start":{"line":130,"column":8},"end":{"line":130,"column":18}},"70":{"start":{"line":136,"column":0},"end":{"line":136,"column":71}}},"fnMap":{"0":{"name":"(anonymous_0)","decl":{"start":{"line":11,"column":28},"end":{"line":11,"column":29}},"loc":{"start":{"line":11,"column":44},"end":{"line":117,"column":1}},"line":11},"1":{"name":"(anonymous_1)","decl":{"start":{"line":15,"column":41},"end":{"line":15,"column":42}},"loc":{"start":{"line":15,"column":50},"end":{"line":18,"column":3}},"line":15},"2":{"name":"(anonymous_2)","decl":{"start":{"line":21,"column":34},"end":{"line":21,"column":35}},"loc":{"start":{"line":21,"column":71},"end":{"line":45,"column":3}},"line":21},"3":{"name":"(anonymous_3)","decl":{"start":{"line":32,"column":26},"end":{"line":32,"column":27}},"loc":{"start":{"line":32,"column":43},"end":{"line":41,"column":7}},"line":32},"4":{"name":"(anonymous_4)","decl":{"start":{"line":47,"column":23},"end":{"line":47,"column":24}},"loc":{"start":{"line":47,"column":42},"end":{"line":101,"column":3}},"line":47},"5":{"name":"(anonymous_5)","decl":{"start":{"line":77,"column":15},"end":{"line":77,"column":16}},"loc":{"start":{"line":77,"column":21},"end":{"line":77,"column":45}},"line":77},"6":{"name":"(anonymous_6)","decl":{"start":{"line":81,"column":18},"end":{"line":81,"column":19}},"loc":{"start":{"line":81,"column":24},"end":{"line":81,"column":46}},"line":81},"7":{"name":"(anonymous_7)","decl":{"start":{"line":83,"column":21},"end":{"line":83,"column":22}},"loc":{"start":{"line":83,"column":36},"end":{"line":92,"column":5}},"line":83},"8":{"name":"(anonymous_8)","decl":{"start":{"line":94,"column":19},"end":{"line":94,"column":20}},"loc":{"start":{"line":94,"column":31},"end":{"line":96,"column":5}},"line":94},"9":{"name":"(anonymous_9)","decl":{"start":{"line":98,"column":19},"end":{"line":98,"column":20}},"loc":{"start":{"line":98,"column":28},"end":{"line":100,"column":5}},"line":98},"10":{"name":"(anonymous_10)","decl":{"start":{"line":104,"column":34},"end":{"line":104,"column":35}},"loc":{"start":{"line":104,"column":40},"end":{"line":113,"column":3}},"line":104},"11":{"name":"(anonymous_11)","decl":{"start":{"line":105,"column":24},"end":{"line":105,"column":25}},"loc":{"start":{"line":105,"column":32},"end":{"line":112,"column":5}},"line":105},"12":{"name":"(anonymous_12)","decl":{"start":{"line":119,"column":15},"end":{"line":119,"column":16}},"loc":{"start":{"line":119,"column":21},"end":{"line":119,"column":24}},"line":119},"13":{"name":"(anonymous_13)","decl":{"start":{"line":121,"column":29},"end":{"line":121,"column":30}},"loc":{"start":{"line":121,"column":41},"end":{"line":134,"column":1}},"line":121},"14":{"name":"(anonymous_14)","decl":{"start":{"line":127,"column":22},"end":{"line":127,"column":23}},"loc":{"start":{"line":127,"column":35},"end":{"line":132,"column":5}},"line":127},"15":{"name":"(anonymous_15)","decl":{"start":{"line":128,"column":16},"end":{"line":128,"column":17}},"loc":{"start":{"line":128,"column":22},"end":{"line":131,"column":7}},"line":128}},"branchMap":{"0":{"loc":{"start":{"line":16,"column":4},"end":{"line":17,"column":59}},"type":"if","locations":[{"start":{"line":16,"column":4},"end":{"line":17,"column":59}},{"start":{"line":17,"column":9},"end":{"line":17,"column":59}}],"line":16},"1":{"loc":{"start":{"line":52,"column":4},"end":{"line":55,"column":5}},"type":"if","locations":[{"start":{"line":52,"column":4},"end":{"line":55,"column":5}},{"start":{},"end":{}}],"line":52},"2":{"loc":{"start":{"line":86,"column":8},"end":{"line":88,"column":9}},"type":"if","locations":[{"start":{"line":86,"column":8},"end":{"line":88,"column":9}},{"start":{},"end":{}}],"line":86},"3":{"loc":{"start":{"line":106,"column":6},"end":{"line":109,"column":7}},"type":"if","locations":[{"start":{"line":106,"column":6},"end":{"line":109,"column":7}},{"start":{},"end":{}}],"line":106},"4":{"loc":{"start":{"line":122,"column":2},"end":{"line":125,"column":3}},"type":"if","locations":[{"start":{"line":122,"column":2},"end":{"line":125,"column":3}},{"start":{},"end":{}}],"line":122},"5":{"loc":{"start":{"line":126,"column":2},"end":{"line":133,"column":3}},"type":"if","locations":[{"start":{"line":126,"column":2},"end":{"line":133,"column":3}},{"start":{},"end":{}}],"line":126}},"s":{"0":0,"1":0,"2":0,"3":0,"4":0,"5":0,"6":0,"7":0,"8":0,"9":0,"10":0,"11":0,"12":0,"13":0,"14":0,"15":0,"16":0,"17":0,"18":0,"19":0,"20":0,"21":0,"22":0,"23":0,"24":0,"25":0,"26":0,"27":0,"28":0,"29":0,"30":0,"31":0,"32":0,"33":0,"34":0,"35":0,"36":0,"37":0,"38":0,"39":0,"40":0,"41":0,"42":0,"43":0,"44":0,"45":0,"46":0,"47":0,"48":0,"49":0,"50":0,"51":0,"52":0,"53":0,"54":0,"55":0,"56":0,"57":0,"58":0,"59":0,"60":0,"61":0,"62":0,"63":0,"64":0,"65":0,"66":0,"67":0,"68":0,"69":0,"70":0},"f":{"0":0,"1":0,"2":0,"3":0,"4":0,"5":0,"6":0,"7":0,"8":0,"9":0,"10":0,"11":0,"12":0,"13":0,"14":0,"15":0},"b":{"0":[0,0],"1":[0,0],"2":[0,0],"3":[0,0],"4":[0,0],"5":[0,0]}}
}
