{"D:\\faang\\pulsegrid\\src\\__tests__\\integration\\setup.js": {"path":"D:\\faang\\pulsegrid\\src\\__tests__\\integration\\setup.js","statementMap":{"0":{"start":{"line":2,"column":0},"end":{"line":2,"column":42}},"1":{"start":{"line":3,"column":0},"end":{"line":3,"column":58}},"2":{"start":{"line":4,"column":0},"end":{"line":4,"column":32}},"3":{"start":{"line":6,"column":16},"end":{"line":6,"column":31}},"4":{"start":{"line":7,"column":16},"end":{"line":7,"column":34}},"5":{"start":{"line":8,"column":16},"end":{"line":8,"column":31}},"6":{"start":{"line":9,"column":16},"end":{"line":9,"column":33}},"7":{"start":{"line":12,"column":0},"end":{"line":32,"column":4}},"8":{"start":{"line":12,"column":39},"end":{"line":32,"column":1}},"9":{"start":{"line":18,"column":29},"end":{"line":24,"column":5}},"10":{"start":{"line":34,"column":0},"end":{"line":41,"column":4}},"11":{"start":{"line":34,"column":27},"end":{"line":41,"column":1}},"12":{"start":{"line":35,"column":51},"end":{"line":38,"column":3}},"13":{"start":{"line":39,"column":51},"end":{"line":39,"column":68}},"14":{"start":{"line":40,"column":51},"end":{"line":40,"column":68}},"15":{"start":{"line":43,"column":18},"end":{"line":51,"column":1}},"16":{"start":{"line":44,"column":14},"end":{"line":44,"column":23}},"17":{"start":{"line":45,"column":2},"end":{"line":45,"column":20}},"18":{"start":{"line":46,"column":2},"end":{"line":46,"column":18}},"19":{"start":{"line":47,"column":2},"end":{"line":47,"column":26}},"20":{"start":{"line":48,"column":2},"end":{"line":48,"column":62}},"21":{"start":{"line":49,"column":2},"end":{"line":49,"column":63}},"22":{"start":{"line":50,"column":2},"end":{"line":50,"column":13}},"23":{"start":{"line":53,"column":0},"end":{"line":53,"column":31}}},"fnMap":{"0":{"name":"(anonymous_0)","decl":{"start":{"line":12,"column":32},"end":{"line":12,"column":33}},"loc":{"start":{"line":12,"column":39},"end":{"line":32,"column":1}},"line":12},"1":{"name":"(anonymous_1)","decl":{"start":{"line":18,"column":22},"end":{"line":18,"column":23}},"loc":{"start":{"line":18,"column":29},"end":{"line":24,"column":5}},"line":18},"2":{"name":"(anonymous_2)","decl":{"start":{"line":34,"column":20},"end":{"line":34,"column":21}},"loc":{"start":{"line":34,"column":27},"end":{"line":41,"column":1}},"line":34},"3":{"name":"(anonymous_3)","decl":{"start":{"line":35,"column":44},"end":{"line":35,"column":45}},"loc":{"start":{"line":35,"column":51},"end":{"line":38,"column":3}},"line":35},"4":{"name":"(anonymous_4)","decl":{"start":{"line":39,"column":44},"end":{"line":39,"column":45}},"loc":{"start":{"line":39,"column":51},"end":{"line":39,"column":68}},"line":39},"5":{"name":"(anonymous_5)","decl":{"start":{"line":40,"column":44},"end":{"line":40,"column":45}},"loc":{"start":{"line":40,"column":51},"end":{"line":40,"column":68}},"line":40},"6":{"name":"(anonymous_6)","decl":{"start":{"line":43,"column":18},"end":{"line":43,"column":19}},"loc":{"start":{"line":43,"column":24},"end":{"line":51,"column":1}},"line":43}},"branchMap":{},"s":{"0":2,"1":2,"2":2,"3":2,"4":2,"5":2,"6":2,"7":2,"8":2,"9":0,"10":2,"11":2,"12":6,"13":6,"14":0,"15":2,"16":2,"17":2,"18":2,"19":2,"20":2,"21":2,"22":2,"23":2},"f":{"0":2,"1":0,"2":2,"3":6,"4":6,"5":0,"6":2},"b":{},"_coverageSchema":"1a1c01bbd47fc00a2c39e90264f33305004495a9","hash":"5568dda763540c19128608d1d35b30c30aa60ed1"}
,"D:\\faang\\pulsegrid\\src\\config\\index.js": {"path":"D:\\faang\\pulsegrid\\src\\config\\index.js","statementMap":{"0":{"start":{"line":1,"column":0},"end":{"line":1,"column":27}},"1":{"start":{"line":3,"column":0},"end":{"line":24,"column":2}}},"fnMap":{},"branchMap":{"0":{"loc":{"start":{"line":4,"column":8},"end":{"line":4,"column":32}},"type":"binary-expr","locations":[{"start":{"line":4,"column":8},"end":{"line":4,"column":24}},{"start":{"line":4,"column":28},"end":{"line":4,"column":32}}],"line":4},"1":{"loc":{"start":{"line":5,"column":11},"end":{"line":5,"column":48}},"type":"binary-expr","locations":[{"start":{"line":5,"column":11},"end":{"line":5,"column":31}},{"start":{"line":5,"column":35},"end":{"line":5,"column":48}}],"line":5},"2":{"loc":{"start":{"line":9,"column":10},"end":{"line":9,"column":51}},"type":"binary-expr","locations":[{"start":{"line":9,"column":10},"end":{"line":9,"column":43}},{"start":{"line":9,"column":47},"end":{"line":9,"column":51}}],"line":9},"3":{"loc":{"start":{"line":16,"column":10},"end":{"line":16,"column":47}},"type":"binary-expr","locations":[{"start":{"line":16,"column":10},"end":{"line":16,"column":32}},{"start":{"line":16,"column":36},"end":{"line":16,"column":47}}],"line":16},"4":{"loc":{"start":{"line":17,"column":10},"end":{"line":17,"column":54}},"type":"binary-expr","locations":[{"start":{"line":17,"column":10},"end":{"line":17,"column":46}},{"start":{"line":17,"column":50},"end":{"line":17,"column":54}}],"line":17}},"s":{"0":4,"1":4},"f":{},"b":{"0":[4,0],"1":[4,0],"2":[4,0],"3":[4,0],"4":[4,0]},"_coverageSchema":"1a1c01bbd47fc00a2c39e90264f33305004495a9","hash":"641aa9401e6e6901f7e88ed713a903041630d80a"}
,"D:\\faang\\pulsegrid\\src\\config\\redis.js": {"path":"D:\\faang\\pulsegrid\\src\\config\\redis.js","statementMap":{"0":{"start":{"line":1,"column":14},"end":{"line":1,"column":32}},"1":{"start":{"line":2,"column":15},"end":{"line":2,"column":33}},"2":{"start":{"line":8,"column":26},"end":{"line":29,"column":1}},"3":{"start":{"line":9,"column":17},"end":{"line":20,"column":4}},"4":{"start":{"line":17,"column":20},"end":{"line":17,"column":46}},"5":{"start":{"line":18,"column":6},"end":{"line":18,"column":19}},"6":{"start":{"line":23,"column":2},"end":{"line":26,"column":3}},"7":{"start":{"line":24,"column":4},"end":{"line":24,"column":73}},"8":{"start":{"line":24,"column":31},"end":{"line":24,"column":71}},"9":{"start":{"line":25,"column":4},"end":{"line":25,"column":78}},"10":{"start":{"line":25,"column":32},"end":{"line":25,"column":76}},"11":{"start":{"line":28,"column":2},"end":{"line":28,"column":16}},"12":{"start":{"line":32,"column":18},"end":{"line":42,"column":1}},"13":{"start":{"line":33,"column":2},"end":{"line":33,"column":45}},"14":{"start":{"line":34,"column":2},"end":{"line":34,"column":47}},"15":{"start":{"line":35,"column":2},"end":{"line":35,"column":45}},"16":{"start":{"line":37,"column":2},"end":{"line":41,"column":5}},"17":{"start":{"line":45,"column":19},"end":{"line":51,"column":1}},"18":{"start":{"line":46,"column":2},"end":{"line":50,"column":5}},"19":{"start":{"line":54,"column":0},"end":{"line":66,"column":2}},"20":{"start":{"line":58,"column":4},"end":{"line":58,"column":21}},"21":{"start":{"line":61,"column":4},"end":{"line":61,"column":22}},"22":{"start":{"line":64,"column":4},"end":{"line":64,"column":23}}},"fnMap":{"0":{"name":"(anonymous_0)","decl":{"start":{"line":8,"column":26},"end":{"line":8,"column":27}},"loc":{"start":{"line":8,"column":36},"end":{"line":29,"column":1}},"line":8},"1":{"name":"(anonymous_1)","decl":{"start":{"line":16,"column":19},"end":{"line":16,"column":20}},"loc":{"start":{"line":16,"column":30},"end":{"line":19,"column":5}},"line":16},"2":{"name":"(anonymous_2)","decl":{"start":{"line":24,"column":25},"end":{"line":24,"column":26}},"loc":{"start":{"line":24,"column":31},"end":{"line":24,"column":71}},"line":24},"3":{"name":"(anonymous_3)","decl":{"start":{"line":25,"column":23},"end":{"line":25,"column":24}},"loc":{"start":{"line":25,"column":32},"end":{"line":25,"column":76}},"line":25},"4":{"name":"(anonymous_4)","decl":{"start":{"line":32,"column":18},"end":{"line":32,"column":19}},"loc":{"start":{"line":32,"column":30},"end":{"line":42,"column":1}},"line":32},"5":{"name":"(anonymous_5)","decl":{"start":{"line":45,"column":19},"end":{"line":45,"column":20}},"loc":{"start":{"line":45,"column":31},"end":{"line":51,"column":1}},"line":45},"6":{"name":"(anonymous_6)","decl":{"start":{"line":57,"column":2},"end":{"line":57,"column":3}},"loc":{"start":{"line":57,"column":18},"end":{"line":59,"column":3}},"line":57},"7":{"name":"(anonymous_7)","decl":{"start":{"line":60,"column":2},"end":{"line":60,"column":3}},"loc":{"start":{"line":60,"column":19},"end":{"line":62,"column":3}},"line":60},"8":{"name":"(anonymous_8)","decl":{"start":{"line":63,"column":2},"end":{"line":63,"column":3}},"loc":{"start":{"line":63,"column":20},"end":{"line":65,"column":3}},"line":63}},"branchMap":{"0":{"loc":{"start":{"line":23,"column":2},"end":{"line":26,"column":3}},"type":"if","locations":[{"start":{"line":23,"column":2},"end":{"line":26,"column":3}},{"start":{},"end":{}}],"line":23}},"s":{"0":1,"1":1,"2":1,"3":0,"4":0,"5":0,"6":0,"7":0,"8":0,"9":0,"10":0,"11":0,"12":1,"13":0,"14":0,"15":0,"16":0,"17":1,"18":0,"19":1,"20":0,"21":0,"22":3},"f":{"0":0,"1":0,"2":0,"3":0,"4":0,"5":0,"6":0,"7":0,"8":3},"b":{"0":[0,0]},"_coverageSchema":"1a1c01bbd47fc00a2c39e90264f33305004495a9","hash":"5ec26e124d95c554e6becc08e5dc002e75b7edf1"}
,"D:\\faang\\pulsegrid\\src\\controllers\\analytics.controller.js": {"path":"D:\\faang\\pulsegrid\\src\\controllers\\analytics.controller.js","statementMap":{"0":{"start":{"line":6,"column":4},"end":{"line":6,"column":42}},"1":{"start":{"line":7,"column":31},"end":{"line":7,"column":70}},"2":{"start":{"line":8,"column":31},"end":{"line":8,"column":67}},"3":{"start":{"line":9,"column":50},"end":{"line":9,"column":91}},"4":{"start":{"line":10,"column":11},"end":{"line":10,"column":27}},"5":{"start":{"line":12,"column":20},"end":{"line":42,"column":1}},"6":{"start":{"line":13,"column":2},"end":{"line":41,"column":3}},"7":{"start":{"line":15,"column":6},"end":{"line":25,"column":8}},"8":{"start":{"line":27,"column":4},"end":{"line":37,"column":7}},"9":{"start":{"line":39,"column":4},"end":{"line":39,"column":42}},"10":{"start":{"line":40,"column":4},"end":{"line":40,"column":64}},"11":{"start":{"line":44,"column":26},"end":{"line":54,"column":1}},"12":{"start":{"line":45,"column":2},"end":{"line":53,"column":3}},"13":{"start":{"line":46,"column":20},"end":{"line":46,"column":53}},"14":{"start":{"line":47,"column":20},"end":{"line":47,"column":64}},"15":{"start":{"line":48,"column":20},"end":{"line":48,"column":57}},"16":{"start":{"line":48,"column":42},"end":{"line":48,"column":53}},"17":{"start":{"line":49,"column":20},"end":{"line":49,"column":55}},"18":{"start":{"line":49,"column":46},"end":{"line":49,"column":53}},"19":{"start":{"line":50,"column":4},"end":{"line":50,"column":72}},"20":{"start":{"line":52,"column":4},"end":{"line":52,"column":66}},"21":{"start":{"line":56,"column":23},"end":{"line":67,"column":1}},"22":{"start":{"line":57,"column":2},"end":{"line":66,"column":3}},"23":{"start":{"line":58,"column":24},"end":{"line":58,"column":53}},"24":{"start":{"line":59,"column":4},"end":{"line":63,"column":7}},"25":{"start":{"line":65,"column":4},"end":{"line":65,"column":63}},"26":{"start":{"line":69,"column":21},"end":{"line":77,"column":1}},"27":{"start":{"line":70,"column":2},"end":{"line":76,"column":3}},"28":{"start":{"line":71,"column":22},"end":{"line":71,"column":53}},"29":{"start":{"line":72,"column":22},"end":{"line":72,"column":53}},"30":{"start":{"line":73,"column":4},"end":{"line":73,"column":53}},"31":{"start":{"line":75,"column":4},"end":{"line":75,"column":65}},"32":{"start":{"line":79,"column":18},"end":{"line":86,"column":1}},"33":{"start":{"line":80,"column":2},"end":{"line":85,"column":3}},"34":{"start":{"line":81,"column":19},"end":{"line":81,"column":44}},"35":{"start":{"line":82,"column":4},"end":{"line":82,"column":25}},"36":{"start":{"line":84,"column":4},"end":{"line":84,"column":62}},"37":{"start":{"line":88,"column":0},"end":{"line":94,"column":2}}},"fnMap":{"0":{"name":"(anonymous_0)","decl":{"start":{"line":12,"column":20},"end":{"line":12,"column":21}},"loc":{"start":{"line":12,"column":40},"end":{"line":42,"column":1}},"line":12},"1":{"name":"(anonymous_1)","decl":{"start":{"line":44,"column":26},"end":{"line":44,"column":27}},"loc":{"start":{"line":44,"column":46},"end":{"line":54,"column":1}},"line":44},"2":{"name":"(anonymous_2)","decl":{"start":{"line":48,"column":32},"end":{"line":48,"column":33}},"loc":{"start":{"line":48,"column":42},"end":{"line":48,"column":53}},"line":48},"3":{"name":"(anonymous_3)","decl":{"start":{"line":49,"column":41},"end":{"line":49,"column":42}},"loc":{"start":{"line":49,"column":46},"end":{"line":49,"column":53}},"line":49},"4":{"name":"(anonymous_4)","decl":{"start":{"line":56,"column":23},"end":{"line":56,"column":24}},"loc":{"start":{"line":56,"column":43},"end":{"line":67,"column":1}},"line":56},"5":{"name":"(anonymous_5)","decl":{"start":{"line":69,"column":21},"end":{"line":69,"column":22}},"loc":{"start":{"line":69,"column":41},"end":{"line":77,"column":1}},"line":69},"6":{"name":"(anonymous_6)","decl":{"start":{"line":79,"column":18},"end":{"line":79,"column":19}},"loc":{"start":{"line":79,"column":38},"end":{"line":86,"column":1}},"line":79}},"branchMap":{"0":{"loc":{"start":{"line":46,"column":20},"end":{"line":46,"column":53}},"type":"binary-expr","locations":[{"start":{"line":46,"column":20},"end":{"line":46,"column":47}},{"start":{"line":46,"column":51},"end":{"line":46,"column":53}}],"line":46},"1":{"loc":{"start":{"line":71,"column":22},"end":{"line":71,"column":53}},"type":"binary-expr","locations":[{"start":{"line":71,"column":22},"end":{"line":71,"column":47}},{"start":{"line":71,"column":51},"end":{"line":71,"column":53}}],"line":71}},"s":{"0":0,"1":0,"2":0,"3":0,"4":0,"5":0,"6":0,"7":0,"8":0,"9":0,"10":0,"11":0,"12":0,"13":0,"14":0,"15":0,"16":0,"17":0,"18":0,"19":0,"20":0,"21":0,"22":0,"23":0,"24":0,"25":0,"26":0,"27":0,"28":0,"29":0,"30":0,"31":0,"32":0,"33":0,"34":0,"35":0,"36":0,"37":0},"f":{"0":0,"1":0,"2":0,"3":0,"4":0,"5":0,"6":0},"b":{"0":[0,0],"1":[0,0]}}
,"D:\\faang\\pulsegrid\\src\\controllers\\auth.controller.js": {"path":"D:\\faang\\pulsegrid\\src\\controllers\\auth.controller.js","statementMap":{"0":{"start":{"line":1,"column":57},"end":{"line":1,"column":92}},"1":{"start":{"line":2,"column":46},"end":{"line":2,"column":73}},"2":{"start":{"line":4,"column":17},"end":{"line":31,"column":1}},"3":{"start":{"line":5,"column":2},"end":{"line":30,"column":3}},"4":{"start":{"line":6,"column":42},"end":{"line":6,"column":50}},"5":{"start":{"line":8,"column":21},"end":{"line":8,"column":45}},"6":{"start":{"line":9,"column":4},"end":{"line":11,"column":5}},"7":{"start":{"line":10,"column":6},"end":{"line":10,"column":73}},"8":{"start":{"line":13,"column":25},"end":{"line":13,"column":53}},"9":{"start":{"line":14,"column":17},"end":{"line":14,"column":68}},"10":{"start":{"line":16,"column":18},"end":{"line":16,"column":67}},"11":{"start":{"line":18,"column":4},"end":{"line":26,"column":7}},"12":{"start":{"line":28,"column":4},"end":{"line":28,"column":42}},"13":{"start":{"line":29,"column":4},"end":{"line":29,"column":66}},"14":{"start":{"line":33,"column":14},"end":{"line":62,"column":1}},"15":{"start":{"line":34,"column":2},"end":{"line":61,"column":3}},"16":{"start":{"line":35,"column":32},"end":{"line":35,"column":40}},"17":{"start":{"line":37,"column":17},"end":{"line":37,"column":41}},"18":{"start":{"line":38,"column":4},"end":{"line":40,"column":5}},"19":{"start":{"line":39,"column":6},"end":{"line":39,"column":68}},"20":{"start":{"line":42,"column":18},"end":{"line":42,"column":69}},"21":{"start":{"line":43,"column":4},"end":{"line":45,"column":5}},"22":{"start":{"line":44,"column":6},"end":{"line":44,"column":68}},"23":{"start":{"line":47,"column":18},"end":{"line":47,"column":67}},"24":{"start":{"line":49,"column":4},"end":{"line":57,"column":7}},"25":{"start":{"line":59,"column":4},"end":{"line":59,"column":39}},"26":{"start":{"line":60,"column":4},"end":{"line":60,"column":59}},"27":{"start":{"line":64,"column":14},"end":{"line":75,"column":1}},"28":{"start":{"line":65,"column":2},"end":{"line":74,"column":3}},"29":{"start":{"line":66,"column":17},"end":{"line":66,"column":44}},"30":{"start":{"line":67,"column":4},"end":{"line":69,"column":5}},"31":{"start":{"line":68,"column":6},"end":{"line":68,"column":63}},"32":{"start":{"line":70,"column":4},"end":{"line":70,"column":30}},"33":{"start":{"line":72,"column":4},"end":{"line":72,"column":39}},"34":{"start":{"line":73,"column":4},"end":{"line":73,"column":67}},"35":{"start":{"line":77,"column":0},"end":{"line":77,"column":44}}},"fnMap":{"0":{"name":"(anonymous_0)","decl":{"start":{"line":4,"column":17},"end":{"line":4,"column":18}},"loc":{"start":{"line":4,"column":37},"end":{"line":31,"column":1}},"line":4},"1":{"name":"(anonymous_1)","decl":{"start":{"line":33,"column":14},"end":{"line":33,"column":15}},"loc":{"start":{"line":33,"column":34},"end":{"line":62,"column":1}},"line":33},"2":{"name":"(anonymous_2)","decl":{"start":{"line":64,"column":14},"end":{"line":64,"column":15}},"loc":{"start":{"line":64,"column":34},"end":{"line":75,"column":1}},"line":64}},"branchMap":{"0":{"loc":{"start":{"line":9,"column":4},"end":{"line":11,"column":5}},"type":"if","locations":[{"start":{"line":9,"column":4},"end":{"line":11,"column":5}},{"start":{},"end":{}}],"line":9},"1":{"loc":{"start":{"line":38,"column":4},"end":{"line":40,"column":5}},"type":"if","locations":[{"start":{"line":38,"column":4},"end":{"line":40,"column":5}},{"start":{},"end":{}}],"line":38},"2":{"loc":{"start":{"line":43,"column":4},"end":{"line":45,"column":5}},"type":"if","locations":[{"start":{"line":43,"column":4},"end":{"line":45,"column":5}},{"start":{},"end":{}}],"line":43},"3":{"loc":{"start":{"line":67,"column":4},"end":{"line":69,"column":5}},"type":"if","locations":[{"start":{"line":67,"column":4},"end":{"line":69,"column":5}},{"start":{},"end":{}}],"line":67}},"s":{"0":2,"1":2,"2":2,"3":4,"4":4,"5":4,"6":4,"7":1,"8":3,"9":3,"10":3,"11":3,"12":0,"13":0,"14":2,"15":3,"16":3,"17":3,"18":3,"19":1,"20":2,"21":2,"22":1,"23":1,"24":1,"25":0,"26":0,"27":2,"28":0,"29":0,"30":0,"31":0,"32":0,"33":0,"34":0,"35":2},"f":{"0":4,"1":3,"2":0},"b":{"0":[1,3],"1":[1,2],"2":[1,1],"3":[0,0]},"_coverageSchema":"1a1c01bbd47fc00a2c39e90264f33305004495a9","hash":"bb1bb09355822208146d974779656f1237933498"}
,"D:\\faang\\pulsegrid\\src\\controllers\\event.controller.js": {"path":"D:\\faang\\pulsegrid\\src\\controllers\\event.controller.js","statementMap":{"0":{"start":{"line":1,"column":25},"end":{"line":1,"column":61}},"1":{"start":{"line":3,"column":16},"end":{"line":30,"column":1}},"2":{"start":{"line":4,"column":2},"end":{"line":29,"column":3}},"3":{"start":{"line":5,"column":41},"end":{"line":5,"column":49}},"4":{"start":{"line":7,"column":4},"end":{"line":9,"column":5}},"5":{"start":{"line":8,"column":6},"end":{"line":8,"column":79}},"6":{"start":{"line":11,"column":19},"end":{"line":16,"column":6}},"7":{"start":{"line":18,"column":4},"end":{"line":25,"column":7}},"8":{"start":{"line":27,"column":4},"end":{"line":27,"column":41}},"9":{"start":{"line":28,"column":4},"end":{"line":28,"column":70}},"10":{"start":{"line":32,"column":0},"end":{"line":32,"column":29}}},"fnMap":{"0":{"name":"(anonymous_0)","decl":{"start":{"line":3,"column":16},"end":{"line":3,"column":17}},"loc":{"start":{"line":3,"column":36},"end":{"line":30,"column":1}},"line":3}},"branchMap":{"0":{"loc":{"start":{"line":7,"column":4},"end":{"line":9,"column":5}},"type":"if","locations":[{"start":{"line":7,"column":4},"end":{"line":9,"column":5}},{"start":{},"end":{}}],"line":7},"1":{"loc":{"start":{"line":7,"column":8},"end":{"line":7,"column":26}},"type":"binary-expr","locations":[{"start":{"line":7,"column":8},"end":{"line":7,"column":14}},{"start":{"line":7,"column":18},"end":{"line":7,"column":26}}],"line":7}},"s":{"0":2,"1":2,"2":4,"3":4,"4":4,"5":2,"6":2,"7":2,"8":0,"9":0,"10":2},"f":{"0":4},"b":{"0":[2,2],"1":[4,3]},"_coverageSchema":"1a1c01bbd47fc00a2c39e90264f33305004495a9","hash":"cfd05e2e7417b019b55a7d739dff87a65ed48ce1"}
,"D:\\faang\\pulsegrid\\src\\db\\index.js": {"path":"D:\\faang\\pulsegrid\\src\\db\\index.js","statementMap":{"0":{"start":{"line":1,"column":17},"end":{"line":1,"column":30}},"1":{"start":{"line":2,"column":15},"end":{"line":2,"column":35}},"2":{"start":{"line":4,"column":13},"end":{"line":4,"column":32}},"3":{"start":{"line":9,"column":0},"end":{"line":13,"column":1}},"4":{"start":{"line":10,"column":2},"end":{"line":12,"column":5}},"5":{"start":{"line":11,"column":4},"end":{"line":11,"column":40}},"6":{"start":{"line":15,"column":0},"end":{"line":18,"column":3}},"7":{"start":{"line":16,"column":2},"end":{"line":16,"column":47}},"8":{"start":{"line":17,"column":2},"end":{"line":17,"column":19}},"9":{"start":{"line":20,"column":0},"end":{"line":27,"column":2}},"10":{"start":{"line":21,"column":27},"end":{"line":21,"column":51}},"11":{"start":{"line":22,"column":19},"end":{"line":22,"column":33}},"12":{"start":{"line":25,"column":4},"end":{"line":25,"column":21}}},"fnMap":{"0":{"name":"(anonymous_0)","decl":{"start":{"line":10,"column":21},"end":{"line":10,"column":22}},"loc":{"start":{"line":10,"column":27},"end":{"line":12,"column":3}},"line":10},"1":{"name":"(anonymous_1)","decl":{"start":{"line":15,"column":17},"end":{"line":15,"column":18}},"loc":{"start":{"line":15,"column":26},"end":{"line":18,"column":1}},"line":15},"2":{"name":"(anonymous_2)","decl":{"start":{"line":21,"column":9},"end":{"line":21,"column":10}},"loc":{"start":{"line":21,"column":27},"end":{"line":21,"column":51}},"line":21},"3":{"name":"(anonymous_3)","decl":{"start":{"line":22,"column":13},"end":{"line":22,"column":14}},"loc":{"start":{"line":22,"column":19},"end":{"line":22,"column":33}},"line":22},"4":{"name":"(anonymous_4)","decl":{"start":{"line":24,"column":10},"end":{"line":24,"column":11}},"loc":{"start":{"line":24,"column":22},"end":{"line":26,"column":3}},"line":24}},"branchMap":{"0":{"loc":{"start":{"line":9,"column":0},"end":{"line":13,"column":1}},"type":"if","locations":[{"start":{"line":9,"column":0},"end":{"line":13,"column":1}},{"start":{},"end":{}}],"line":9}},"s":{"0":2,"1":2,"2":2,"3":2,"4":0,"5":0,"6":2,"7":0,"8":0,"9":2,"10":16,"11":0,"12":0},"f":{"0":0,"1":0,"2":16,"3":0,"4":0},"b":{"0":[0,2]},"_coverageSchema":"1a1c01bbd47fc00a2c39e90264f33305004495a9","hash":"50a55679ea909d5d0d9db4a5d7626d8b26bdd245"}
,"D:\\faang\\pulsegrid\\src\\db\\offline.model.js": {"path":"D:\\faang\\pulsegrid\\src\\db\\offline.model.js","statementMap":{"0":{"start":{"line":1,"column":11},"end":{"line":1,"column":29}},"1":{"start":{"line":4,"column":28},"end":{"line":12,"column":1}},"2":{"start":{"line":6,"column":2},"end":{"line":11,"column":4}},"3":{"start":{"line":15,"column":25},"end":{"line":31,"column":1}},"4":{"start":{"line":16,"column":17},"end":{"line":29,"column":3}},"5":{"start":{"line":30,"column":2},"end":{"line":30,"column":21}},"6":{"start":{"line":34,"column":27},"end":{"line":40,"column":1}},"7":{"start":{"line":35,"column":17},"end":{"line":38,"column":3}},"8":{"start":{"line":39,"column":2},"end":{"line":39,"column":25}},"9":{"start":{"line":43,"column":27},"end":{"line":49,"column":1}},"10":{"start":{"line":44,"column":17},"end":{"line":47,"column":3}},"11":{"start":{"line":48,"column":2},"end":{"line":48,"column":40}},"12":{"start":{"line":51,"column":0},"end":{"line":56,"column":2}}},"fnMap":{"0":{"name":"(anonymous_0)","decl":{"start":{"line":4,"column":28},"end":{"line":4,"column":29}},"loc":{"start":{"line":4,"column":55},"end":{"line":12,"column":1}},"line":4},"1":{"name":"(anonymous_1)","decl":{"start":{"line":15,"column":25},"end":{"line":15,"column":26}},"loc":{"start":{"line":15,"column":43},"end":{"line":31,"column":1}},"line":15},"2":{"name":"(anonymous_2)","decl":{"start":{"line":34,"column":27},"end":{"line":34,"column":28}},"loc":{"start":{"line":34,"column":45},"end":{"line":40,"column":1}},"line":34},"3":{"name":"(anonymous_3)","decl":{"start":{"line":43,"column":27},"end":{"line":43,"column":28}},"loc":{"start":{"line":43,"column":45},"end":{"line":49,"column":1}},"line":43}},"branchMap":{},"s":{"0":2,"1":2,"2":0,"3":2,"4":0,"5":0,"6":2,"7":0,"8":0,"9":2,"10":0,"11":0,"12":2},"f":{"0":0,"1":0,"2":0,"3":0},"b":{},"_coverageSchema":"1a1c01bbd47fc00a2c39e90264f33305004495a9","hash":"fdf5205740e63bd109f913977e7f6f91b93cf50e"}
,"D:\\faang\\pulsegrid\\src\\db\\subscription.model.js": {"path":"D:\\faang\\pulsegrid\\src\\db\\subscription.model.js","statementMap":{"0":{"start":{"line":1,"column":11},"end":{"line":1,"column":29}},"1":{"start":{"line":3,"column":18},"end":{"line":12,"column":1}},"2":{"start":{"line":4,"column":17},"end":{"line":10,"column":3}},"3":{"start":{"line":11,"column":2},"end":{"line":11,"column":32}},"4":{"start":{"line":14,"column":20},"end":{"line":20,"column":1}},"5":{"start":{"line":15,"column":17},"end":{"line":18,"column":3}},"6":{"start":{"line":19,"column":2},"end":{"line":19,"column":29}},"7":{"start":{"line":22,"column":29},"end":{"line":28,"column":1}},"8":{"start":{"line":23,"column":17},"end":{"line":26,"column":3}},"9":{"start":{"line":27,"column":2},"end":{"line":27,"column":21}},"10":{"start":{"line":30,"column":0},"end":{"line":30,"column":66}}},"fnMap":{"0":{"name":"(anonymous_0)","decl":{"start":{"line":3,"column":18},"end":{"line":3,"column":19}},"loc":{"start":{"line":3,"column":43},"end":{"line":12,"column":1}},"line":3},"1":{"name":"(anonymous_1)","decl":{"start":{"line":14,"column":20},"end":{"line":14,"column":21}},"loc":{"start":{"line":14,"column":45},"end":{"line":20,"column":1}},"line":14},"2":{"name":"(anonymous_2)","decl":{"start":{"line":22,"column":29},"end":{"line":22,"column":30}},"loc":{"start":{"line":22,"column":47},"end":{"line":28,"column":1}},"line":22}},"branchMap":{"0":{"loc":{"start":{"line":11,"column":9},"end":{"line":11,"column":31}},"type":"binary-expr","locations":[{"start":{"line":11,"column":9},"end":{"line":11,"column":23}},{"start":{"line":11,"column":27},"end":{"line":11,"column":31}}],"line":11}},"s":{"0":0,"1":0,"2":0,"3":0,"4":0,"5":0,"6":0,"7":0,"8":0,"9":0,"10":0},"f":{"0":0,"1":0,"2":0},"b":{"0":[0,0]}}
,"D:\\faang\\pulsegrid\\src\\db\\user.model.js": {"path":"D:\\faang\\pulsegrid\\src\\db\\user.model.js","statementMap":{"0":{"start":{"line":1,"column":11},"end":{"line":1,"column":29}},"1":{"start":{"line":3,"column":19},"end":{"line":11,"column":1}},"2":{"start":{"line":4,"column":17},"end":{"line":9,"column":3}},"3":{"start":{"line":10,"column":2},"end":{"line":10,"column":24}},"4":{"start":{"line":13,"column":20},"end":{"line":20,"column":1}},"5":{"start":{"line":14,"column":17},"end":{"line":18,"column":3}},"6":{"start":{"line":19,"column":2},"end":{"line":19,"column":32}},"7":{"start":{"line":22,"column":17},"end":{"line":29,"column":1}},"8":{"start":{"line":23,"column":17},"end":{"line":27,"column":3}},"9":{"start":{"line":28,"column":2},"end":{"line":28,"column":32}},"10":{"start":{"line":31,"column":0},"end":{"line":31,"column":55}}},"fnMap":{"0":{"name":"(anonymous_0)","decl":{"start":{"line":3,"column":19},"end":{"line":3,"column":20}},"loc":{"start":{"line":3,"column":64},"end":{"line":11,"column":1}},"line":3},"1":{"name":"(anonymous_1)","decl":{"start":{"line":13,"column":20},"end":{"line":13,"column":21}},"loc":{"start":{"line":13,"column":37},"end":{"line":20,"column":1}},"line":13},"2":{"name":"(anonymous_2)","decl":{"start":{"line":22,"column":17},"end":{"line":22,"column":18}},"loc":{"start":{"line":22,"column":31},"end":{"line":29,"column":1}},"line":22}},"branchMap":{"0":{"loc":{"start":{"line":19,"column":9},"end":{"line":19,"column":31}},"type":"binary-expr","locations":[{"start":{"line":19,"column":9},"end":{"line":19,"column":23}},{"start":{"line":19,"column":27},"end":{"line":19,"column":31}}],"line":19},"1":{"loc":{"start":{"line":28,"column":9},"end":{"line":28,"column":31}},"type":"binary-expr","locations":[{"start":{"line":28,"column":9},"end":{"line":28,"column":23}},{"start":{"line":28,"column":27},"end":{"line":28,"column":31}}],"line":28}},"s":{"0":2,"1":2,"2":3,"3":3,"4":2,"5":7,"6":7,"7":2,"8":0,"9":0,"10":2},"f":{"0":3,"1":7,"2":0},"b":{"0":[7,4],"1":[0,0]},"_coverageSchema":"1a1c01bbd47fc00a2c39e90264f33305004495a9","hash":"5ccfc8ece7612fb8638f182840dc6fab4cc01897"}
,"D:\\faang\\pulsegrid\\src\\middleware\\auth.js": {"path":"D:\\faang\\pulsegrid\\src\\middleware\\auth.js","statementMap":{"0":{"start":{"line":1,"column":24},"end":{"line":1,"column":59}},"1":{"start":{"line":3,"column":21},"end":{"line":22,"column":1}},"2":{"start":{"line":4,"column":21},"end":{"line":4,"column":49}},"3":{"start":{"line":6,"column":2},"end":{"line":8,"column":3}},"4":{"start":{"line":7,"column":4},"end":{"line":7,"column":64}},"5":{"start":{"line":10,"column":16},"end":{"line":10,"column":40}},"6":{"start":{"line":12,"column":2},"end":{"line":21,"column":3}},"7":{"start":{"line":13,"column":20},"end":{"line":13,"column":38}},"8":{"start":{"line":14,"column":4},"end":{"line":14,"column":23}},"9":{"start":{"line":15,"column":4},"end":{"line":15,"column":11}},"10":{"start":{"line":17,"column":4},"end":{"line":19,"column":5}},"11":{"start":{"line":18,"column":6},"end":{"line":18,"column":62}},"12":{"start":{"line":20,"column":4},"end":{"line":20,"column":60}},"13":{"start":{"line":24,"column":0},"end":{"line":24,"column":34}}},"fnMap":{"0":{"name":"(anonymous_0)","decl":{"start":{"line":3,"column":21},"end":{"line":3,"column":22}},"loc":{"start":{"line":3,"column":41},"end":{"line":22,"column":1}},"line":3}},"branchMap":{"0":{"loc":{"start":{"line":6,"column":2},"end":{"line":8,"column":3}},"type":"if","locations":[{"start":{"line":6,"column":2},"end":{"line":8,"column":3}},{"start":{},"end":{}}],"line":6},"1":{"loc":{"start":{"line":6,"column":6},"end":{"line":6,"column":54}},"type":"binary-expr","locations":[{"start":{"line":6,"column":6},"end":{"line":6,"column":17}},{"start":{"line":6,"column":21},"end":{"line":6,"column":54}}],"line":6},"2":{"loc":{"start":{"line":17,"column":4},"end":{"line":19,"column":5}},"type":"if","locations":[{"start":{"line":17,"column":4},"end":{"line":19,"column":5}},{"start":{},"end":{}}],"line":17}},"s":{"0":2,"1":2,"2":6,"3":6,"4":1,"5":5,"6":5,"7":5,"8":4,"9":4,"10":1,"11":0,"12":1,"13":2},"f":{"0":6},"b":{"0":[1,5],"1":[6,5],"2":[0,1]},"_coverageSchema":"1a1c01bbd47fc00a2c39e90264f33305004495a9","hash":"fd1bd4603198cd00ab192f0a574a9a4b30255385"}
,"D:\\faang\\pulsegrid\\src\\middleware\\rate.limiter.js": {"path":"D:\\faang\\pulsegrid\\src\\middleware\\rate.limiter.js","statementMap":{"0":{"start":{"line":1,"column":18},"end":{"line":1,"column":47}},"1":{"start":{"line":4,"column":19},"end":{"line":10,"column":2}},"2":{"start":{"line":13,"column":20},"end":{"line":19,"column":2}},"3":{"start":{"line":22,"column":23},"end":{"line":26,"column":2}},"4":{"start":{"line":28,"column":0},"end":{"line":28,"column":61}}},"fnMap":{},"branchMap":{},"s":{"0":0,"1":0,"2":0,"3":0,"4":0},"f":{},"b":{}}
,"D:\\faang\\pulsegrid\\src\\middleware\\validate.js": {"path":"D:\\faang\\pulsegrid\\src\\middleware\\validate.js","statementMap":{"0":{"start":{"line":1,"column":25},"end":{"line":28,"column":1}},"1":{"start":{"line":2,"column":40},"end":{"line":2,"column":48}},"2":{"start":{"line":4,"column":2},"end":{"line":8,"column":3}},"3":{"start":{"line":5,"column":4},"end":{"line":7,"column":7}},"4":{"start":{"line":10,"column":21},"end":{"line":10,"column":49}},"5":{"start":{"line":11,"column":2},"end":{"line":13,"column":3}},"6":{"start":{"line":12,"column":4},"end":{"line":12,"column":67}},"7":{"start":{"line":15,"column":2},"end":{"line":19,"column":3}},"8":{"start":{"line":16,"column":4},"end":{"line":18,"column":7}},"9":{"start":{"line":21,"column":2},"end":{"line":25,"column":3}},"10":{"start":{"line":22,"column":4},"end":{"line":24,"column":7}},"11":{"start":{"line":27,"column":2},"end":{"line":27,"column":9}},"12":{"start":{"line":30,"column":22},"end":{"line":38,"column":1}},"13":{"start":{"line":31,"column":30},"end":{"line":31,"column":38}},"14":{"start":{"line":33,"column":2},"end":{"line":35,"column":3}},"15":{"start":{"line":34,"column":4},"end":{"line":34,"column":78}},"16":{"start":{"line":37,"column":2},"end":{"line":37,"column":9}},"17":{"start":{"line":40,"column":0},"end":{"line":40,"column":53}}},"fnMap":{"0":{"name":"(anonymous_0)","decl":{"start":{"line":1,"column":25},"end":{"line":1,"column":26}},"loc":{"start":{"line":1,"column":45},"end":{"line":28,"column":1}},"line":1},"1":{"name":"(anonymous_1)","decl":{"start":{"line":30,"column":22},"end":{"line":30,"column":23}},"loc":{"start":{"line":30,"column":42},"end":{"line":38,"column":1}},"line":30}},"branchMap":{"0":{"loc":{"start":{"line":4,"column":2},"end":{"line":8,"column":3}},"type":"if","locations":[{"start":{"line":4,"column":2},"end":{"line":8,"column":3}},{"start":{},"end":{}}],"line":4},"1":{"loc":{"start":{"line":4,"column":6},"end":{"line":4,"column":38}},"type":"binary-expr","locations":[{"start":{"line":4,"column":6},"end":{"line":4,"column":12}},{"start":{"line":4,"column":16},"end":{"line":4,"column":25}},{"start":{"line":4,"column":29},"end":{"line":4,"column":38}}],"line":4},"2":{"loc":{"start":{"line":11,"column":2},"end":{"line":13,"column":3}},"type":"if","locations":[{"start":{"line":11,"column":2},"end":{"line":13,"column":3}},{"start":{},"end":{}}],"line":11},"3":{"loc":{"start":{"line":15,"column":2},"end":{"line":19,"column":3}},"type":"if","locations":[{"start":{"line":15,"column":2},"end":{"line":19,"column":3}},{"start":{},"end":{}}],"line":15},"4":{"loc":{"start":{"line":15,"column":6},"end":{"line":15,"column":49}},"type":"binary-expr","locations":[{"start":{"line":15,"column":6},"end":{"line":15,"column":25}},{"start":{"line":15,"column":29},"end":{"line":15,"column":49}}],"line":15},"5":{"loc":{"start":{"line":21,"column":2},"end":{"line":25,"column":3}},"type":"if","locations":[{"start":{"line":21,"column":2},"end":{"line":25,"column":3}},{"start":{},"end":{}}],"line":21},"6":{"loc":{"start":{"line":33,"column":2},"end":{"line":35,"column":3}},"type":"if","locations":[{"start":{"line":33,"column":2},"end":{"line":35,"column":3}},{"start":{},"end":{}}],"line":33},"7":{"loc":{"start":{"line":33,"column":6},"end":{"line":33,"column":25}},"type":"binary-expr","locations":[{"start":{"line":33,"column":6},"end":{"line":33,"column":12}},{"start":{"line":33,"column":16},"end":{"line":33,"column":25}}],"line":33}},"s":{"0":2,"1":7,"2":7,"3":1,"4":6,"5":6,"6":1,"7":5,"8":0,"9":5,"10":1,"11":4,"12":2,"13":4,"14":4,"15":1,"16":3,"17":2},"f":{"0":7,"1":4},"b":{"0":[1,6],"1":[7,7,7],"2":[1,5],"3":[0,5],"4":[5,5],"5":[1,4],"6":[1,3],"7":[4,4]},"_coverageSchema":"1a1c01bbd47fc00a2c39e90264f33305004495a9","hash":"ad305a68e61f08f9438297d2aa43ad46be8ef28b"}
,"D:\\faang\\pulsegrid\\src\\routes\\analytics.routes.js": {"path":"D:\\faang\\pulsegrid\\src\\routes\\analytics.routes.js","statementMap":{"0":{"start":{"line":1,"column":16},"end":{"line":1,"column":34}},"1":{"start":{"line":2,"column":16},"end":{"line":2,"column":32}},"2":{"start":{"line":3,"column":25},"end":{"line":3,"column":54}},"3":{"start":{"line":10,"column":4},"end":{"line":10,"column":50}},"4":{"start":{"line":12,"column":0},"end":{"line":12,"column":54}},"5":{"start":{"line":13,"column":0},"end":{"line":13,"column":60}},"6":{"start":{"line":14,"column":0},"end":{"line":14,"column":57}},"7":{"start":{"line":15,"column":0},"end":{"line":15,"column":55}},"8":{"start":{"line":16,"column":0},"end":{"line":16,"column":52}},"9":{"start":{"line":18,"column":0},"end":{"line":18,"column":24}}},"fnMap":{},"branchMap":{},"s":{"0":0,"1":0,"2":0,"3":0,"4":0,"5":0,"6":0,"7":0,"8":0,"9":0},"f":{},"b":{}}
,"D:\\faang\\pulsegrid\\src\\routes\\auth.routes.js": {"path":"D:\\faang\\pulsegrid\\src\\routes\\auth.routes.js","statementMap":{"0":{"start":{"line":1,"column":16},"end":{"line":1,"column":34}},"1":{"start":{"line":2,"column":15},"end":{"line":2,"column":31}},"2":{"start":{"line":3,"column":35},"end":{"line":3,"column":76}},"3":{"start":{"line":4,"column":25},"end":{"line":4,"column":54}},"4":{"start":{"line":5,"column":44},"end":{"line":5,"column":77}},"5":{"start":{"line":7,"column":0},"end":{"line":7,"column":53}},"6":{"start":{"line":8,"column":0},"end":{"line":8,"column":44}},"7":{"start":{"line":9,"column":0},"end":{"line":9,"column":39}},"8":{"start":{"line":11,"column":0},"end":{"line":11,"column":24}}},"fnMap":{},"branchMap":{},"s":{"0":2,"1":2,"2":2,"3":2,"4":2,"5":2,"6":2,"7":2,"8":2},"f":{},"b":{},"_coverageSchema":"1a1c01bbd47fc00a2c39e90264f33305004495a9","hash":"8185f0d5e2c566bd12cc300010103b891cac44f3"}
,"D:\\faang\\pulsegrid\\src\\routes\\event.routes.js": {"path":"D:\\faang\\pulsegrid\\src\\routes\\event.routes.js","statementMap":{"0":{"start":{"line":1,"column":16},"end":{"line":1,"column":34}},"1":{"start":{"line":2,"column":15},"end":{"line":2,"column":31}},"2":{"start":{"line":3,"column":20},"end":{"line":3,"column":62}},"3":{"start":{"line":4,"column":25},"end":{"line":4,"column":54}},"4":{"start":{"line":6,"column":0},"end":{"line":6,"column":47}},"5":{"start":{"line":8,"column":0},"end":{"line":8,"column":24}}},"fnMap":{},"branchMap":{},"s":{"0":2,"1":2,"2":2,"3":2,"4":2,"5":2},"f":{},"b":{},"_coverageSchema":"1a1c01bbd47fc00a2c39e90264f33305004495a9","hash":"ed28928516475c60b1959aea4ec6bfd1679b4a04"}
,"D:\\faang\\pulsegrid\\src\\routes\\subscription.routes.js": {"path":"D:\\faang\\pulsegrid\\src\\routes\\subscription.routes.js","statementMap":{"0":{"start":{"line":1,"column":16},"end":{"line":1,"column":34}},"1":{"start":{"line":2,"column":15},"end":{"line":2,"column":31}},"2":{"start":{"line":3,"column":25},"end":{"line":3,"column":54}},"3":{"start":{"line":4,"column":57},"end":{"line":4,"column":92}},"4":{"start":{"line":6,"column":0},"end":{"line":11,"column":3}},"5":{"start":{"line":7,"column":20},"end":{"line":7,"column":28}},"6":{"start":{"line":8,"column":2},"end":{"line":8,"column":74}},"7":{"start":{"line":8,"column":14},"end":{"line":8,"column":74}},"8":{"start":{"line":9,"column":14},"end":{"line":9,"column":49}},"9":{"start":{"line":10,"column":2},"end":{"line":10,"column":86}},"10":{"start":{"line":13,"column":0},"end":{"line":18,"column":3}},"11":{"start":{"line":14,"column":20},"end":{"line":14,"column":28}},"12":{"start":{"line":15,"column":2},"end":{"line":15,"column":74}},"13":{"start":{"line":15,"column":14},"end":{"line":15,"column":74}},"14":{"start":{"line":16,"column":18},"end":{"line":16,"column":55}},"15":{"start":{"line":17,"column":2},"end":{"line":17,"column":76}},"16":{"start":{"line":20,"column":0},"end":{"line":23,"column":3}},"17":{"start":{"line":21,"column":15},"end":{"line":21,"column":54}},"18":{"start":{"line":22,"column":2},"end":{"line":22,"column":36}},"19":{"start":{"line":25,"column":0},"end":{"line":25,"column":24}}},"fnMap":{"0":{"name":"(anonymous_0)","decl":{"start":{"line":6,"column":40},"end":{"line":6,"column":41}},"loc":{"start":{"line":6,"column":60},"end":{"line":11,"column":1}},"line":6},"1":{"name":"(anonymous_1)","decl":{"start":{"line":13,"column":44},"end":{"line":13,"column":45}},"loc":{"start":{"line":13,"column":64},"end":{"line":18,"column":1}},"line":13},"2":{"name":"(anonymous_2)","decl":{"start":{"line":20,"column":32},"end":{"line":20,"column":33}},"loc":{"start":{"line":20,"column":52},"end":{"line":23,"column":1}},"line":20}},"branchMap":{"0":{"loc":{"start":{"line":8,"column":2},"end":{"line":8,"column":74}},"type":"if","locations":[{"start":{"line":8,"column":2},"end":{"line":8,"column":74}},{"start":{},"end":{}}],"line":8},"1":{"loc":{"start":{"line":10,"column":34},"end":{"line":10,"column":75}},"type":"cond-expr","locations":[{"start":{"line":10,"column":40},"end":{"line":10,"column":52}},{"start":{"line":10,"column":55},"end":{"line":10,"column":75}}],"line":10},"2":{"loc":{"start":{"line":15,"column":2},"end":{"line":15,"column":74}},"type":"if","locations":[{"start":{"line":15,"column":2},"end":{"line":15,"column":74}},{"start":{},"end":{}}],"line":15},"3":{"loc":{"start":{"line":17,"column":22},"end":{"line":17,"column":65}},"type":"cond-expr","locations":[{"start":{"line":17,"column":32},"end":{"line":17,"column":46}},{"start":{"line":17,"column":49},"end":{"line":17,"column":65}}],"line":17}},"s":{"0":0,"1":0,"2":0,"3":0,"4":0,"5":0,"6":0,"7":0,"8":0,"9":0,"10":0,"11":0,"12":0,"13":0,"14":0,"15":0,"16":0,"17":0,"18":0,"19":0},"f":{"0":0,"1":0,"2":0},"b":{"0":[0,0],"1":[0,0],"2":[0,0],"3":[0,0]}}
,"D:\\faang\\pulsegrid\\src\\services\\anomaly.detector.js": {"path":"D:\\faang\\pulsegrid\\src\\services\\anomaly.detector.js","statementMap":{"0":{"start":{"line":1,"column":24},"end":{"line":1,"column":50}},"1":{"start":{"line":2,"column":26},"end":{"line":2,"column":54}},"2":{"start":{"line":3,"column":23},"end":{"line":3,"column":54}},"3":{"start":{"line":4,"column":29},"end":{"line":4,"column":60}},"4":{"start":{"line":6,"column":26},"end":{"line":6,"column":29}},"5":{"start":{"line":7,"column":25},"end":{"line":7,"column":26}},"6":{"start":{"line":8,"column":25},"end":{"line":8,"column":32}},"7":{"start":{"line":15,"column":24},"end":{"line":29,"column":1}},"8":{"start":{"line":16,"column":2},"end":{"line":16,"column":76}},"9":{"start":{"line":16,"column":35},"end":{"line":16,"column":76}},"10":{"start":{"line":18,"column":15},"end":{"line":18,"column":64}},"11":{"start":{"line":18,"column":39},"end":{"line":18,"column":44}},"12":{"start":{"line":19,"column":19},"end":{"line":19,"column":88}},"13":{"start":{"line":19,"column":43},"end":{"line":19,"column":68}},"14":{"start":{"line":20,"column":17},"end":{"line":20,"column":36}},"15":{"start":{"line":23,"column":2},"end":{"line":23,"column":58}},"16":{"start":{"line":23,"column":20},"end":{"line":23,"column":58}},"17":{"start":{"line":25,"column":17},"end":{"line":25,"column":42}},"18":{"start":{"line":26,"column":17},"end":{"line":26,"column":41}},"19":{"start":{"line":28,"column":2},"end":{"line":28,"column":125}},"20":{"start":{"line":35,"column":21},"end":{"line":73,"column":1}},"21":{"start":{"line":37,"column":21},"end":{"line":37,"column":44}},"22":{"start":{"line":38,"column":17},"end":{"line":38,"column":45}},"23":{"start":{"line":38,"column":37},"end":{"line":38,"column":44}},"24":{"start":{"line":40,"column":35},"end":{"line":40,"column":58}},"25":{"start":{"line":42,"column":2},"end":{"line":42,"column":46}},"26":{"start":{"line":42,"column":34},"end":{"line":42,"column":46}},"27":{"start":{"line":45,"column":18},"end":{"line":54,"column":3}},"28":{"start":{"line":57,"column":2},"end":{"line":57,"column":68}},"29":{"start":{"line":58,"column":2},"end":{"line":58,"column":50}},"30":{"start":{"line":59,"column":2},"end":{"line":59,"column":57}},"31":{"start":{"line":62,"column":22},"end":{"line":62,"column":40}},"32":{"start":{"line":63,"column":2},"end":{"line":68,"column":5}},"33":{"start":{"line":64,"column":4},"end":{"line":67,"column":7}},"34":{"start":{"line":70,"column":2},"end":{"line":70,"column":126}},"35":{"start":{"line":72,"column":2},"end":{"line":72,"column":17}},"36":{"start":{"line":78,"column":27},"end":{"line":81,"column":1}},"37":{"start":{"line":79,"column":14},"end":{"line":79,"column":69}},"38":{"start":{"line":80,"column":2},"end":{"line":80,"column":37}},"39":{"start":{"line":80,"column":22},"end":{"line":80,"column":35}},"40":{"start":{"line":83,"column":0},"end":{"line":83,"column":71}}},"fnMap":{"0":{"name":"(anonymous_0)","decl":{"start":{"line":15,"column":24},"end":{"line":15,"column":25}},"loc":{"start":{"line":15,"column":36},"end":{"line":29,"column":1}},"line":15},"1":{"name":"(anonymous_1)","decl":{"start":{"line":18,"column":29},"end":{"line":18,"column":30}},"loc":{"start":{"line":18,"column":39},"end":{"line":18,"column":44}},"line":18},"2":{"name":"(anonymous_2)","decl":{"start":{"line":19,"column":33},"end":{"line":19,"column":34}},"loc":{"start":{"line":19,"column":43},"end":{"line":19,"column":68}},"line":19},"3":{"name":"(anonymous_3)","decl":{"start":{"line":35,"column":21},"end":{"line":35,"column":22}},"loc":{"start":{"line":35,"column":38},"end":{"line":73,"column":1}},"line":35},"4":{"name":"(anonymous_4)","decl":{"start":{"line":38,"column":32},"end":{"line":38,"column":33}},"loc":{"start":{"line":38,"column":37},"end":{"line":38,"column":44}},"line":38},"5":{"name":"(anonymous_5)","decl":{"start":{"line":63,"column":22},"end":{"line":63,"column":23}},"loc":{"start":{"line":63,"column":32},"end":{"line":68,"column":3}},"line":63},"6":{"name":"(anonymous_6)","decl":{"start":{"line":78,"column":27},"end":{"line":78,"column":28}},"loc":{"start":{"line":78,"column":49},"end":{"line":81,"column":1}},"line":78},"7":{"name":"(anonymous_7)","decl":{"start":{"line":80,"column":17},"end":{"line":80,"column":18}},"loc":{"start":{"line":80,"column":22},"end":{"line":80,"column":35}},"line":80}},"branchMap":{"0":{"loc":{"start":{"line":16,"column":2},"end":{"line":16,"column":76}},"type":"if","locations":[{"start":{"line":16,"column":2},"end":{"line":16,"column":76}},{"start":{},"end":{}}],"line":16},"1":{"loc":{"start":{"line":23,"column":2},"end":{"line":23,"column":58}},"type":"if","locations":[{"start":{"line":23,"column":2},"end":{"line":23,"column":58}},{"start":{},"end":{}}],"line":23},"2":{"loc":{"start":{"line":42,"column":2},"end":{"line":42,"column":46}},"type":"if","locations":[{"start":{"line":42,"column":2},"end":{"line":42,"column":46}},{"start":{},"end":{}}],"line":42},"3":{"loc":{"start":{"line":52,"column":15},"end":{"line":52,"column":53}},"type":"cond-expr","locations":[{"start":{"line":52,"column":31},"end":{"line":52,"column":41}},{"start":{"line":52,"column":44},"end":{"line":52,"column":53}}],"line":52},"4":{"loc":{"start":{"line":78,"column":34},"end":{"line":78,"column":44}},"type":"default-arg","locations":[{"start":{"line":78,"column":42},"end":{"line":78,"column":44}}],"line":78}},"s":{"0":3,"1":3,"2":3,"3":3,"4":3,"5":3,"6":3,"7":3,"8":8,"9":2,"10":6,"11":50,"12":6,"13":50,"14":6,"15":6,"16":1,"17":5,"18":5,"19":5,"20":3,"21":0,"22":0,"23":0,"24":0,"25":0,"26":0,"27":0,"28":0,"29":0,"30":0,"31":0,"32":0,"33":0,"34":0,"35":0,"36":3,"37":0,"38":0,"39":0,"40":3},"f":{"0":8,"1":50,"2":50,"3":0,"4":0,"5":0,"6":0,"7":0},"b":{"0":[2,6],"1":[1,5],"2":[0,0],"3":[0,0],"4":[0]},"_coverageSchema":"1a1c01bbd47fc00a2c39e90264f33305004495a9","hash":"75502032ad8fce565049cb14768775fe429f54c0"}
,"D:\\faang\\pulsegrid\\src\\services\\auth.service.js": {"path":"D:\\faang\\pulsegrid\\src\\services\\auth.service.js","statementMap":{"0":{"start":{"line":1,"column":15},"end":{"line":1,"column":34}},"1":{"start":{"line":2,"column":12},"end":{"line":2,"column":35}},"2":{"start":{"line":3,"column":15},"end":{"line":3,"column":35}},"3":{"start":{"line":5,"column":20},"end":{"line":5,"column":22}},"4":{"start":{"line":7,"column":21},"end":{"line":9,"column":1}},"5":{"start":{"line":8,"column":2},"end":{"line":8,"column":44}},"6":{"start":{"line":11,"column":24},"end":{"line":13,"column":1}},"7":{"start":{"line":12,"column":2},"end":{"line":12,"column":39}},"8":{"start":{"line":15,"column":22},"end":{"line":19,"column":1}},"9":{"start":{"line":16,"column":2},"end":{"line":18,"column":5}},"10":{"start":{"line":21,"column":20},"end":{"line":23,"column":1}},"11":{"start":{"line":22,"column":2},"end":{"line":22,"column":46}},"12":{"start":{"line":25,"column":0},"end":{"line":25,"column":79}}},"fnMap":{"0":{"name":"(anonymous_0)","decl":{"start":{"line":7,"column":21},"end":{"line":7,"column":22}},"loc":{"start":{"line":7,"column":41},"end":{"line":9,"column":1}},"line":7},"1":{"name":"(anonymous_1)","decl":{"start":{"line":11,"column":24},"end":{"line":11,"column":25}},"loc":{"start":{"line":11,"column":49},"end":{"line":13,"column":1}},"line":11},"2":{"name":"(anonymous_2)","decl":{"start":{"line":15,"column":22},"end":{"line":15,"column":23}},"loc":{"start":{"line":15,"column":35},"end":{"line":19,"column":1}},"line":15},"3":{"name":"(anonymous_3)","decl":{"start":{"line":21,"column":20},"end":{"line":21,"column":21}},"loc":{"start":{"line":21,"column":31},"end":{"line":23,"column":1}},"line":21}},"branchMap":{},"s":{"0":3,"1":3,"2":3,"3":3,"4":3,"5":8,"6":3,"7":4,"8":3,"9":7,"10":3,"11":8,"12":3},"f":{"0":8,"1":4,"2":7,"3":8},"b":{},"_coverageSchema":"1a1c01bbd47fc00a2c39e90264f33305004495a9","hash":"71c39399a394eabc07b30a9c794c3f31e8b9b6d0"}
,"D:\\faang\\pulsegrid\\src\\services\\connection.manager.js": {"path":"D:\\faang\\pulsegrid\\src\\services\\connection.manager.js","statementMap":{"0":{"start":{"line":1,"column":24},"end":{"line":1,"column":50}},"1":{"start":{"line":4,"column":20},"end":{"line":4,"column":29}},"2":{"start":{"line":6,"column":22},"end":{"line":15,"column":1}},"3":{"start":{"line":7,"column":2},"end":{"line":9,"column":3}},"4":{"start":{"line":8,"column":4},"end":{"line":8,"column":39}},"5":{"start":{"line":10,"column":2},"end":{"line":10,"column":34}},"6":{"start":{"line":13,"column":2},"end":{"line":13,"column":62}},"7":{"start":{"line":14,"column":2},"end":{"line":14,"column":92}},"8":{"start":{"line":17,"column":25},"end":{"line":27,"column":1}},"9":{"start":{"line":18,"column":20},"end":{"line":18,"column":43}},"10":{"start":{"line":19,"column":2},"end":{"line":26,"column":3}},"11":{"start":{"line":20,"column":4},"end":{"line":20,"column":25}},"12":{"start":{"line":21,"column":4},"end":{"line":25,"column":5}},"13":{"start":{"line":22,"column":6},"end":{"line":22,"column":33}},"14":{"start":{"line":23,"column":6},"end":{"line":23,"column":50}},"15":{"start":{"line":24,"column":6},"end":{"line":24,"column":60}},"16":{"start":{"line":29,"column":19},"end":{"line":44,"column":1}},"17":{"start":{"line":30,"column":20},"end":{"line":30,"column":43}},"18":{"start":{"line":31,"column":2},"end":{"line":31,"column":31}},"19":{"start":{"line":31,"column":18},"end":{"line":31,"column":31}},"20":{"start":{"line":33,"column":18},"end":{"line":33,"column":41}},"21":{"start":{"line":34,"column":18},"end":{"line":34,"column":23}},"22":{"start":{"line":36,"column":2},"end":{"line":41,"column":5}},"23":{"start":{"line":37,"column":4},"end":{"line":40,"column":5}},"24":{"start":{"line":38,"column":6},"end":{"line":38,"column":23}},"25":{"start":{"line":39,"column":6},"end":{"line":39,"column":23}},"26":{"start":{"line":43,"column":2},"end":{"line":43,"column":19}},"27":{"start":{"line":46,"column":17},"end":{"line":46,"column":52}},"28":{"start":{"line":46,"column":29},"end":{"line":46,"column":52}},"29":{"start":{"line":48,"column":28},"end":{"line":52,"column":1}},"30":{"start":{"line":49,"column":14},"end":{"line":49,"column":15}},"31":{"start":{"line":50,"column":2},"end":{"line":50,"column":56}},"32":{"start":{"line":50,"column":34},"end":{"line":50,"column":53}},"33":{"start":{"line":51,"column":2},"end":{"line":51,"column":15}},"34":{"start":{"line":54,"column":25},"end":{"line":54,"column":61}},"35":{"start":{"line":54,"column":31},"end":{"line":54,"column":61}},"36":{"start":{"line":56,"column":0},"end":{"line":63,"column":2}}},"fnMap":{"0":{"name":"(anonymous_0)","decl":{"start":{"line":6,"column":22},"end":{"line":6,"column":23}},"loc":{"start":{"line":6,"column":44},"end":{"line":15,"column":1}},"line":6},"1":{"name":"(anonymous_1)","decl":{"start":{"line":17,"column":25},"end":{"line":17,"column":26}},"loc":{"start":{"line":17,"column":47},"end":{"line":27,"column":1}},"line":17},"2":{"name":"(anonymous_2)","decl":{"start":{"line":29,"column":19},"end":{"line":29,"column":20}},"loc":{"start":{"line":29,"column":40},"end":{"line":44,"column":1}},"line":29},"3":{"name":"(anonymous_3)","decl":{"start":{"line":36,"column":20},"end":{"line":36,"column":21}},"loc":{"start":{"line":36,"column":28},"end":{"line":41,"column":3}},"line":36},"4":{"name":"(anonymous_4)","decl":{"start":{"line":46,"column":17},"end":{"line":46,"column":18}},"loc":{"start":{"line":46,"column":29},"end":{"line":46,"column":52}},"line":46},"5":{"name":"(anonymous_5)","decl":{"start":{"line":48,"column":28},"end":{"line":48,"column":29}},"loc":{"start":{"line":48,"column":34},"end":{"line":52,"column":1}},"line":48},"6":{"name":"(anonymous_6)","decl":{"start":{"line":50,"column":22},"end":{"line":50,"column":23}},"loc":{"start":{"line":50,"column":34},"end":{"line":50,"column":53}},"line":50},"7":{"name":"(anonymous_7)","decl":{"start":{"line":54,"column":25},"end":{"line":54,"column":26}},"loc":{"start":{"line":54,"column":31},"end":{"line":54,"column":61}},"line":54}},"branchMap":{"0":{"loc":{"start":{"line":7,"column":2},"end":{"line":9,"column":3}},"type":"if","locations":[{"start":{"line":7,"column":2},"end":{"line":9,"column":3}},{"start":{},"end":{}}],"line":7},"1":{"loc":{"start":{"line":19,"column":2},"end":{"line":26,"column":3}},"type":"if","locations":[{"start":{"line":19,"column":2},"end":{"line":26,"column":3}},{"start":{},"end":{}}],"line":19},"2":{"loc":{"start":{"line":21,"column":4},"end":{"line":25,"column":5}},"type":"if","locations":[{"start":{"line":21,"column":4},"end":{"line":25,"column":5}},{"start":{},"end":{}}],"line":21},"3":{"loc":{"start":{"line":31,"column":2},"end":{"line":31,"column":31}},"type":"if","locations":[{"start":{"line":31,"column":2},"end":{"line":31,"column":31}},{"start":{},"end":{}}],"line":31},"4":{"loc":{"start":{"line":37,"column":4},"end":{"line":40,"column":5}},"type":"if","locations":[{"start":{"line":37,"column":4},"end":{"line":40,"column":5}},{"start":{},"end":{}}],"line":37}},"s":{"0":3,"1":3,"2":3,"3":0,"4":0,"5":0,"6":0,"7":0,"8":3,"9":0,"10":0,"11":0,"12":0,"13":0,"14":0,"15":0,"16":3,"17":0,"18":0,"19":0,"20":0,"21":0,"22":0,"23":0,"24":0,"25":0,"26":0,"27":3,"28":0,"29":3,"30":0,"31":0,"32":0,"33":0,"34":3,"35":0,"36":3},"f":{"0":0,"1":0,"2":0,"3":0,"4":0,"5":0,"6":0,"7":0},"b":{"0":[0,0],"1":[0,0],"2":[0,0],"3":[0,0],"4":[0,0]},"_coverageSchema":"1a1c01bbd47fc00a2c39e90264f33305004495a9","hash":"c5235a507fe2d35d54adc89a3bbe896edb43e726"}
,"D:\\faang\\pulsegrid\\src\\services\\event.service.js": {"path":"D:\\faang\\pulsegrid\\src\\services\\event.service.js","statementMap":{"0":{"start":{"line":1,"column":11},"end":{"line":1,"column":27}},"1":{"start":{"line":2,"column":29},"end":{"line":2,"column":61}},"2":{"start":{"line":3,"column":25},"end":{"line":3,"column":51}},"3":{"start":{"line":5,"column":21},"end":{"line":31,"column":1}},"4":{"start":{"line":7,"column":43},"end":{"line":7,"column":91}},"5":{"start":{"line":10,"column":17},"end":{"line":15,"column":3}},"6":{"start":{"line":16,"column":16},"end":{"line":16,"column":30}},"7":{"start":{"line":19,"column":2},"end":{"line":22,"column":4}},"8":{"start":{"line":24,"column":2},"end":{"line":30,"column":4}},"9":{"start":{"line":33,"column":0},"end":{"line":33,"column":34}}},"fnMap":{"0":{"name":"(anonymous_0)","decl":{"start":{"line":5,"column":21},"end":{"line":5,"column":22}},"loc":{"start":{"line":5,"column":89},"end":{"line":31,"column":1}},"line":5}},"branchMap":{},"s":{"0":2,"1":2,"2":2,"3":2,"4":2,"5":2,"6":2,"7":2,"8":2,"9":2},"f":{"0":2},"b":{},"_coverageSchema":"1a1c01bbd47fc00a2c39e90264f33305004495a9","hash":"67da4b0cb13695cdd35b0a66c71ddb6a77751be8"}
,"D:\\faang\\pulsegrid\\src\\services\\metrics.service.js": {"path":"D:\\faang\\pulsegrid\\src\\services\\metrics.service.js","statementMap":{"0":{"start":{"line":1,"column":24},"end":{"line":1,"column":50}},"1":{"start":{"line":3,"column":20},"end":{"line":3,"column":32}},"2":{"start":{"line":9,"column":20},"end":{"line":34,"column":1}},"3":{"start":{"line":10,"column":14},"end":{"line":10,"column":24}},"4":{"start":{"line":11,"column":23},"end":{"line":11,"column":46}},"5":{"start":{"line":13,"column":19},"end":{"line":13,"column":41}},"6":{"start":{"line":16,"column":2},"end":{"line":16,"column":54}},"7":{"start":{"line":17,"column":2},"end":{"line":17,"column":69}},"8":{"start":{"line":20,"column":2},"end":{"line":20,"column":42}},"9":{"start":{"line":21,"column":2},"end":{"line":21,"column":57}},"10":{"start":{"line":24,"column":2},"end":{"line":24,"column":48}},"11":{"start":{"line":25,"column":2},"end":{"line":25,"column":63}},"12":{"start":{"line":28,"column":2},"end":{"line":31,"column":3}},"13":{"start":{"line":29,"column":4},"end":{"line":29,"column":70}},"14":{"start":{"line":30,"column":4},"end":{"line":30,"column":78}},"15":{"start":{"line":33,"column":2},"end":{"line":33,"column":24}},"16":{"start":{"line":40,"column":22},"end":{"line":55,"column":1}},"17":{"start":{"line":41,"column":14},"end":{"line":41,"column":24}},"18":{"start":{"line":42,"column":24},"end":{"line":42,"column":47}},"19":{"start":{"line":43,"column":19},"end":{"line":43,"column":41}},"20":{"start":{"line":45,"column":2},"end":{"line":47,"column":3}},"21":{"start":{"line":45,"column":15},"end":{"line":45,"column":26}},"22":{"start":{"line":46,"column":4},"end":{"line":46,"column":60}},"23":{"start":{"line":49,"column":18},"end":{"line":49,"column":39}},"24":{"start":{"line":51,"column":2},"end":{"line":54,"column":6}},"25":{"start":{"line":51,"column":43},"end":{"line":54,"column":3}},"26":{"start":{"line":60,"column":30},"end":{"line":80,"column":1}},"27":{"start":{"line":61,"column":18},"end":{"line":61,"column":68}},"28":{"start":{"line":63,"column":2},"end":{"line":65,"column":3}},"29":{"start":{"line":64,"column":4},"end":{"line":64,"column":50}},"30":{"start":{"line":67,"column":20},"end":{"line":70,"column":26}},"31":{"start":{"line":68,"column":14},"end":{"line":68,"column":39}},"32":{"start":{"line":69,"column":17},"end":{"line":69,"column":26}},"33":{"start":{"line":70,"column":20},"end":{"line":70,"column":25}},"34":{"start":{"line":72,"column":21},"end":{"line":72,"column":77}},"35":{"start":{"line":72,"column":33},"end":{"line":72,"column":77}},"36":{"start":{"line":74,"column":2},"end":{"line":79,"column":4}},"37":{"start":{"line":85,"column":26},"end":{"line":97,"column":1}},"38":{"start":{"line":86,"column":15},"end":{"line":86,"column":56}},"39":{"start":{"line":87,"column":2},"end":{"line":87,"column":35}},"40":{"start":{"line":87,"column":25},"end":{"line":87,"column":35}},"41":{"start":{"line":89,"column":19},"end":{"line":89,"column":41}},"42":{"start":{"line":90,"column":2},"end":{"line":90,"column":37}},"43":{"start":{"line":90,"column":20},"end":{"line":90,"column":35}},"44":{"start":{"line":91,"column":18},"end":{"line":91,"column":39}},"45":{"start":{"line":93,"column":2},"end":{"line":96,"column":40}},"46":{"start":{"line":93,"column":31},"end":{"line":96,"column":3}},"47":{"start":{"line":96,"column":21},"end":{"line":96,"column":38}},"48":{"start":{"line":102,"column":29},"end":{"line":112,"column":1}},"49":{"start":{"line":103,"column":21},"end":{"line":103,"column":48}},"50":{"start":{"line":104,"column":19},"end":{"line":104,"column":41}},"51":{"start":{"line":105,"column":2},"end":{"line":105,"column":65}},"52":{"start":{"line":105,"column":26},"end":{"line":105,"column":63}},"53":{"start":{"line":106,"column":18},"end":{"line":106,"column":39}},"54":{"start":{"line":108,"column":2},"end":{"line":111,"column":6}},"55":{"start":{"line":108,"column":35},"end":{"line":111,"column":3}},"56":{"start":{"line":114,"column":0},"end":{"line":120,"column":2}}},"fnMap":{"0":{"name":"(anonymous_0)","decl":{"start":{"line":9,"column":20},"end":{"line":9,"column":21}},"loc":{"start":{"line":9,"column":68},"end":{"line":34,"column":1}},"line":9},"1":{"name":"(anonymous_1)","decl":{"start":{"line":40,"column":22},"end":{"line":40,"column":23}},"loc":{"start":{"line":40,"column":46},"end":{"line":55,"column":1}},"line":40},"2":{"name":"(anonymous_2)","decl":{"start":{"line":51,"column":21},"end":{"line":51,"column":22}},"loc":{"start":{"line":51,"column":43},"end":{"line":54,"column":3}},"line":51},"3":{"name":"(anonymous_3)","decl":{"start":{"line":60,"column":30},"end":{"line":60,"column":31}},"loc":{"start":{"line":60,"column":42},"end":{"line":80,"column":1}},"line":60},"4":{"name":"(anonymous_4)","decl":{"start":{"line":68,"column":9},"end":{"line":68,"column":10}},"loc":{"start":{"line":68,"column":14},"end":{"line":68,"column":39}},"line":68},"5":{"name":"(anonymous_5)","decl":{"start":{"line":69,"column":12},"end":{"line":69,"column":13}},"loc":{"start":{"line":69,"column":17},"end":{"line":69,"column":26}},"line":69},"6":{"name":"(anonymous_6)","decl":{"start":{"line":70,"column":10},"end":{"line":70,"column":11}},"loc":{"start":{"line":70,"column":20},"end":{"line":70,"column":25}},"line":70},"7":{"name":"(anonymous_7)","decl":{"start":{"line":72,"column":21},"end":{"line":72,"column":22}},"loc":{"start":{"line":72,"column":33},"end":{"line":72,"column":77}},"line":72},"8":{"name":"(anonymous_8)","decl":{"start":{"line":85,"column":26},"end":{"line":85,"column":27}},"loc":{"start":{"line":85,"column":38},"end":{"line":97,"column":1}},"line":85},"9":{"name":"(anonymous_9)","decl":{"start":{"line":90,"column":15},"end":{"line":90,"column":16}},"loc":{"start":{"line":90,"column":20},"end":{"line":90,"column":35}},"line":90},"10":{"name":"(anonymous_10)","decl":{"start":{"line":93,"column":18},"end":{"line":93,"column":19}},"loc":{"start":{"line":93,"column":31},"end":{"line":96,"column":3}},"line":93},"11":{"name":"(anonymous_11)","decl":{"start":{"line":96,"column":11},"end":{"line":96,"column":12}},"loc":{"start":{"line":96,"column":21},"end":{"line":96,"column":38}},"line":96},"12":{"name":"(anonymous_12)","decl":{"start":{"line":102,"column":29},"end":{"line":102,"column":30}},"loc":{"start":{"line":102,"column":41},"end":{"line":112,"column":1}},"line":102},"13":{"name":"(anonymous_13)","decl":{"start":{"line":105,"column":21},"end":{"line":105,"column":22}},"loc":{"start":{"line":105,"column":26},"end":{"line":105,"column":63}},"line":105},"14":{"name":"(anonymous_14)","decl":{"start":{"line":108,"column":24},"end":{"line":108,"column":25}},"loc":{"start":{"line":108,"column":35},"end":{"line":111,"column":3}},"line":108}},"branchMap":{"0":{"loc":{"start":{"line":28,"column":2},"end":{"line":31,"column":3}},"type":"if","locations":[{"start":{"line":28,"column":2},"end":{"line":31,"column":3}},{"start":{},"end":{}}],"line":28},"1":{"loc":{"start":{"line":40,"column":29},"end":{"line":40,"column":41}},"type":"default-arg","locations":[{"start":{"line":40,"column":39},"end":{"line":40,"column":41}}],"line":40},"2":{"loc":{"start":{"line":53,"column":11},"end":{"line":53,"column":29}},"type":"binary-expr","locations":[{"start":{"line":53,"column":11},"end":{"line":53,"column":24}},{"start":{"line":53,"column":28},"end":{"line":53,"column":29}}],"line":53},"3":{"loc":{"start":{"line":63,"column":2},"end":{"line":65,"column":3}},"type":"if","locations":[{"start":{"line":63,"column":2},"end":{"line":65,"column":3}},{"start":{},"end":{}}],"line":63},"4":{"loc":{"start":{"line":72,"column":33},"end":{"line":72,"column":77}},"type":"binary-expr","locations":[{"start":{"line":72,"column":33},"end":{"line":72,"column":72}},{"start":{"line":72,"column":76},"end":{"line":72,"column":77}}],"line":72},"5":{"loc":{"start":{"line":87,"column":2},"end":{"line":87,"column":35}},"type":"if","locations":[{"start":{"line":87,"column":2},"end":{"line":87,"column":35}},{"start":{},"end":{}}],"line":87},"6":{"loc":{"start":{"line":95,"column":11},"end":{"line":95,"column":39}},"type":"binary-expr","locations":[{"start":{"line":95,"column":11},"end":{"line":95,"column":34}},{"start":{"line":95,"column":38},"end":{"line":95,"column":39}}],"line":95},"7":{"loc":{"start":{"line":110,"column":11},"end":{"line":110,"column":39}},"type":"binary-expr","locations":[{"start":{"line":110,"column":11},"end":{"line":110,"column":34}},{"start":{"line":110,"column":38},"end":{"line":110,"column":39}}],"line":110}},"s":{"0":3,"1":3,"2":3,"3":0,"4":0,"5":0,"6":0,"7":0,"8":0,"9":0,"10":0,"11":0,"12":0,"13":0,"14":0,"15":0,"16":3,"17":0,"18":0,"19":0,"20":0,"21":0,"22":0,"23":0,"24":0,"25":0,"26":3,"27":0,"28":0,"29":0,"30":0,"31":0,"32":0,"33":0,"34":0,"35":0,"36":0,"37":3,"38":0,"39":0,"40":0,"41":0,"42":0,"43":0,"44":0,"45":0,"46":0,"47":0,"48":3,"49":0,"50":0,"51":0,"52":0,"53":0,"54":0,"55":0,"56":3},"f":{"0":0,"1":0,"2":0,"3":0,"4":0,"5":0,"6":0,"7":0,"8":0,"9":0,"10":0,"11":0,"12":0,"13":0,"14":0},"b":{"0":[0,0],"1":[0],"2":[0,0],"3":[0,0],"4":[0,0],"5":[0,0],"6":[0,0],"7":[0,0]},"_coverageSchema":"1a1c01bbd47fc00a2c39e90264f33305004495a9","hash":"d8e0afc4df56f1ee7447ecf048b9e86a4ac16169"}
,"D:\\faang\\pulsegrid\\src\\services\\offline.sync.service.js": {"path":"D:\\faang\\pulsegrid\\src\\services\\offline.sync.service.js","statementMap":{"0":{"start":{"line":1,"column":33},"end":{"line":1,"column":64}},"1":{"start":{"line":7,"column":4},"end":{"line":7,"column":34}},"2":{"start":{"line":8,"column":11},"end":{"line":8,"column":27}},"3":{"start":{"line":14,"column":27},"end":{"line":35,"column":1}},"4":{"start":{"line":16,"column":17},"end":{"line":19,"column":3}},"5":{"start":{"line":21,"column":23},"end":{"line":21,"column":25}},"6":{"start":{"line":23,"column":2},"end":{"line":28,"column":3}},"7":{"start":{"line":24,"column":4},"end":{"line":27,"column":5}},"8":{"start":{"line":25,"column":6},"end":{"line":25,"column":50}},"9":{"start":{"line":26,"column":6},"end":{"line":26,"column":33}},"10":{"start":{"line":30,"column":2},"end":{"line":32,"column":3}},"11":{"start":{"line":31,"column":4},"end":{"line":31,"column":100}},"12":{"start":{"line":34,"column":2},"end":{"line":34,"column":22}},"13":{"start":{"line":42,"column":24},"end":{"line":95,"column":1}},"14":{"start":{"line":43,"column":23},"end":{"line":43,"column":55}},"15":{"start":{"line":45,"column":2},"end":{"line":52,"column":3}},"16":{"start":{"line":46,"column":4},"end":{"line":50,"column":7}},"17":{"start":{"line":51,"column":4},"end":{"line":51,"column":13}},"18":{"start":{"line":54,"column":2},"end":{"line":54,"column":83}},"19":{"start":{"line":57,"column":2},"end":{"line":61,"column":5}},"20":{"start":{"line":63,"column":17},"end":{"line":63,"column":47}},"21":{"start":{"line":64,"column":18},"end":{"line":64,"column":19}},"22":{"start":{"line":66,"column":2},"end":{"line":81,"column":3}},"23":{"start":{"line":67,"column":20},"end":{"line":75,"column":6}},"24":{"start":{"line":77,"column":4},"end":{"line":77,"column":29}},"25":{"start":{"line":77,"column":17},"end":{"line":77,"column":29}},"26":{"start":{"line":80,"column":4},"end":{"line":80,"column":46}},"27":{"start":{"line":80,"column":27},"end":{"line":80,"column":44}},"28":{"start":{"line":84,"column":2},"end":{"line":84,"column":35}},"29":{"start":{"line":86,"column":2},"end":{"line":91,"column":5}},"30":{"start":{"line":93,"column":2},"end":{"line":93,"column":99}},"31":{"start":{"line":94,"column":2},"end":{"line":94,"column":19}},"32":{"start":{"line":97,"column":0},"end":{"line":97,"column":57}}},"fnMap":{"0":{"name":"(anonymous_0)","decl":{"start":{"line":14,"column":27},"end":{"line":14,"column":28}},"loc":{"start":{"line":14,"column":53},"end":{"line":35,"column":1}},"line":14},"1":{"name":"(anonymous_1)","decl":{"start":{"line":42,"column":24},"end":{"line":42,"column":25}},"loc":{"start":{"line":42,"column":42},"end":{"line":95,"column":1}},"line":42},"2":{"name":"(anonymous_2)","decl":{"start":{"line":80,"column":22},"end":{"line":80,"column":23}},"loc":{"start":{"line":80,"column":27},"end":{"line":80,"column":44}},"line":80}},"branchMap":{"0":{"loc":{"start":{"line":24,"column":4},"end":{"line":27,"column":5}},"type":"if","locations":[{"start":{"line":24,"column":4},"end":{"line":27,"column":5}},{"start":{},"end":{}}],"line":24},"1":{"loc":{"start":{"line":30,"column":2},"end":{"line":32,"column":3}},"type":"if","locations":[{"start":{"line":30,"column":2},"end":{"line":32,"column":3}},{"start":{},"end":{}}],"line":30},"2":{"loc":{"start":{"line":45,"column":2},"end":{"line":52,"column":3}},"type":"if","locations":[{"start":{"line":45,"column":2},"end":{"line":52,"column":3}},{"start":{},"end":{}}],"line":45},"3":{"loc":{"start":{"line":77,"column":4},"end":{"line":77,"column":29}},"type":"if","locations":[{"start":{"line":77,"column":4},"end":{"line":77,"column":29}},{"start":{},"end":{}}],"line":77}},"s":{"0":2,"1":2,"2":2,"3":2,"4":0,"5":0,"6":0,"7":0,"8":0,"9":0,"10":0,"11":0,"12":0,"13":2,"14":0,"15":0,"16":0,"17":0,"18":0,"19":0,"20":0,"21":0,"22":0,"23":0,"24":0,"25":0,"26":0,"27":0,"28":0,"29":0,"30":0,"31":0,"32":2},"f":{"0":0,"1":0,"2":0},"b":{"0":[0,0],"1":[0,0],"2":[0,0],"3":[0,0]},"_coverageSchema":"1a1c01bbd47fc00a2c39e90264f33305004495a9","hash":"bb8542e8aea4eacf4f957cfc3334e819d2dacaf0"}
,"D:\\faang\\pulsegrid\\src\\services\\priority.classifier.js": {"path":"D:\\faang\\pulsegrid\\src\\services\\priority.classifier.js","statementMap":{"0":{"start":{"line":8,"column":24},"end":{"line":12,"column":1}},"1":{"start":{"line":14,"column":21},"end":{"line":17,"column":1}},"2":{"start":{"line":19,"column":22},"end":{"line":19,"column":74}},"3":{"start":{"line":20,"column":19},"end":{"line":20,"column":72}},"4":{"start":{"line":22,"column":21},"end":{"line":53,"column":1}},"5":{"start":{"line":23,"column":15},"end":{"line":23,"column":52}},"6":{"start":{"line":24,"column":14},"end":{"line":24,"column":15}},"7":{"start":{"line":26,"column":2},"end":{"line":28,"column":5}},"8":{"start":{"line":27,"column":4},"end":{"line":27,"column":39}},"9":{"start":{"line":27,"column":27},"end":{"line":27,"column":39}},"10":{"start":{"line":30,"column":2},"end":{"line":32,"column":5}},"11":{"start":{"line":31,"column":4},"end":{"line":31,"column":38}},"12":{"start":{"line":31,"column":27},"end":{"line":31,"column":38}},"13":{"start":{"line":39,"column":2},"end":{"line":45,"column":3}},"14":{"start":{"line":40,"column":4},"end":{"line":40,"column":16}},"15":{"start":{"line":41,"column":9},"end":{"line":45,"column":3}},"16":{"start":{"line":42,"column":4},"end":{"line":42,"column":16}},"17":{"start":{"line":43,"column":9},"end":{"line":45,"column":3}},"18":{"start":{"line":44,"column":4},"end":{"line":44,"column":15}},"19":{"start":{"line":48,"column":2},"end":{"line":48,"column":54}},"20":{"start":{"line":48,"column":42},"end":{"line":48,"column":54}},"21":{"start":{"line":49,"column":2},"end":{"line":49,"column":53}},"22":{"start":{"line":49,"column":41},"end":{"line":49,"column":53}},"23":{"start":{"line":50,"column":2},"end":{"line":50,"column":54}},"24":{"start":{"line":50,"column":43},"end":{"line":50,"column":54}},"25":{"start":{"line":52,"column":2},"end":{"line":52,"column":15}},"26":{"start":{"line":55,"column":25},"end":{"line":76,"column":1}},"27":{"start":{"line":57,"column":2},"end":{"line":59,"column":3}},"28":{"start":{"line":58,"column":4},"end":{"line":58,"column":75}},"29":{"start":{"line":62,"column":12},"end":{"line":62,"column":31}},"30":{"start":{"line":63,"column":2},"end":{"line":65,"column":3}},"31":{"start":{"line":63,"column":31},"end":{"line":63,"column":45}},"32":{"start":{"line":64,"column":4},"end":{"line":64,"column":73}},"33":{"start":{"line":66,"column":2},"end":{"line":68,"column":3}},"34":{"start":{"line":66,"column":28},"end":{"line":66,"column":42}},"35":{"start":{"line":67,"column":4},"end":{"line":67,"column":70}},"36":{"start":{"line":71,"column":16},"end":{"line":71,"column":37}},"37":{"start":{"line":73,"column":2},"end":{"line":73,"column":108}},"38":{"start":{"line":73,"column":19},"end":{"line":73,"column":108}},"39":{"start":{"line":74,"column":2},"end":{"line":74,"column":85}},"40":{"start":{"line":74,"column":19},"end":{"line":74,"column":85}},"41":{"start":{"line":75,"column":2},"end":{"line":75,"column":71}},"42":{"start":{"line":78,"column":0},"end":{"line":78,"column":38}}},"fnMap":{"0":{"name":"(anonymous_0)","decl":{"start":{"line":22,"column":21},"end":{"line":22,"column":22}},"loc":{"start":{"line":22,"column":34},"end":{"line":53,"column":1}},"line":22},"1":{"name":"(anonymous_1)","decl":{"start":{"line":26,"column":26},"end":{"line":26,"column":27}},"loc":{"start":{"line":26,"column":32},"end":{"line":28,"column":3}},"line":26},"2":{"name":"(anonymous_2)","decl":{"start":{"line":30,"column":23},"end":{"line":30,"column":24}},"loc":{"start":{"line":30,"column":29},"end":{"line":32,"column":3}},"line":30},"3":{"name":"(anonymous_3)","decl":{"start":{"line":55,"column":25},"end":{"line":55,"column":26}},"loc":{"start":{"line":55,"column":78},"end":{"line":76,"column":1}},"line":55},"4":{"name":"(anonymous_4)","decl":{"start":{"line":63,"column":25},"end":{"line":63,"column":26}},"loc":{"start":{"line":63,"column":31},"end":{"line":63,"column":45}},"line":63},"5":{"name":"(anonymous_5)","decl":{"start":{"line":66,"column":22},"end":{"line":66,"column":23}},"loc":{"start":{"line":66,"column":28},"end":{"line":66,"column":42}},"line":66}},"branchMap":{"0":{"loc":{"start":{"line":27,"column":4},"end":{"line":27,"column":39}},"type":"if","locations":[{"start":{"line":27,"column":4},"end":{"line":27,"column":39}},{"start":{},"end":{}}],"line":27},"1":{"loc":{"start":{"line":31,"column":4},"end":{"line":31,"column":38}},"type":"if","locations":[{"start":{"line":31,"column":4},"end":{"line":31,"column":38}},{"start":{},"end":{}}],"line":31},"2":{"loc":{"start":{"line":39,"column":2},"end":{"line":45,"column":3}},"type":"if","locations":[{"start":{"line":39,"column":2},"end":{"line":45,"column":3}},{"start":{"line":41,"column":9},"end":{"line":45,"column":3}}],"line":39},"3":{"loc":{"start":{"line":39,"column":6},"end":{"line":39,"column":46}},"type":"binary-expr","locations":[{"start":{"line":39,"column":6},"end":{"line":39,"column":20}},{"start":{"line":39,"column":24},"end":{"line":39,"column":46}}],"line":39},"4":{"loc":{"start":{"line":41,"column":9},"end":{"line":45,"column":3}},"type":"if","locations":[{"start":{"line":41,"column":9},"end":{"line":45,"column":3}},{"start":{"line":43,"column":9},"end":{"line":45,"column":3}}],"line":41},"5":{"loc":{"start":{"line":41,"column":13},"end":{"line":41,"column":53}},"type":"binary-expr","locations":[{"start":{"line":41,"column":13},"end":{"line":41,"column":27}},{"start":{"line":41,"column":31},"end":{"line":41,"column":53}}],"line":41},"6":{"loc":{"start":{"line":43,"column":9},"end":{"line":45,"column":3}},"type":"if","locations":[{"start":{"line":43,"column":9},"end":{"line":45,"column":3}},{"start":{},"end":{}}],"line":43},"7":{"loc":{"start":{"line":43,"column":13},"end":{"line":43,"column":52}},"type":"binary-expr","locations":[{"start":{"line":43,"column":13},"end":{"line":43,"column":27}},{"start":{"line":43,"column":31},"end":{"line":43,"column":52}}],"line":43},"8":{"loc":{"start":{"line":48,"column":2},"end":{"line":48,"column":54}},"type":"if","locations":[{"start":{"line":48,"column":2},"end":{"line":48,"column":54}},{"start":{},"end":{}}],"line":48},"9":{"loc":{"start":{"line":49,"column":2},"end":{"line":49,"column":53}},"type":"if","locations":[{"start":{"line":49,"column":2},"end":{"line":49,"column":53}},{"start":{},"end":{}}],"line":49},"10":{"loc":{"start":{"line":50,"column":2},"end":{"line":50,"column":54}},"type":"if","locations":[{"start":{"line":50,"column":2},"end":{"line":50,"column":54}},{"start":{},"end":{}}],"line":50},"11":{"loc":{"start":{"line":55,"column":26},"end":{"line":55,"column":36}},"type":"default-arg","locations":[{"start":{"line":55,"column":34},"end":{"line":55,"column":36}}],"line":55},"12":{"loc":{"start":{"line":55,"column":38},"end":{"line":55,"column":50}},"type":"default-arg","locations":[{"start":{"line":55,"column":48},"end":{"line":55,"column":50}}],"line":55},"13":{"loc":{"start":{"line":55,"column":52},"end":{"line":55,"column":73}},"type":"default-arg","locations":[{"start":{"line":55,"column":69},"end":{"line":55,"column":73}}],"line":55},"14":{"loc":{"start":{"line":57,"column":2},"end":{"line":59,"column":3}},"type":"if","locations":[{"start":{"line":57,"column":2},"end":{"line":59,"column":3}},{"start":{},"end":{}}],"line":57},"15":{"loc":{"start":{"line":57,"column":6},"end":{"line":57,"column":76}},"type":"binary-expr","locations":[{"start":{"line":57,"column":6},"end":{"line":57,"column":20}},{"start":{"line":57,"column":24},"end":{"line":57,"column":76}}],"line":57},"16":{"loc":{"start":{"line":63,"column":2},"end":{"line":65,"column":3}},"type":"if","locations":[{"start":{"line":63,"column":2},"end":{"line":65,"column":3}},{"start":{},"end":{}}],"line":63},"17":{"loc":{"start":{"line":66,"column":2},"end":{"line":68,"column":3}},"type":"if","locations":[{"start":{"line":66,"column":2},"end":{"line":68,"column":3}},{"start":{},"end":{}}],"line":66},"18":{"loc":{"start":{"line":73,"column":2},"end":{"line":73,"column":108}},"type":"if","locations":[{"start":{"line":73,"column":2},"end":{"line":73,"column":108}},{"start":{},"end":{}}],"line":73},"19":{"loc":{"start":{"line":74,"column":2},"end":{"line":74,"column":85}},"type":"if","locations":[{"start":{"line":74,"column":2},"end":{"line":74,"column":85}},{"start":{},"end":{}}],"line":74}},"s":{"0":3,"1":3,"2":3,"3":3,"4":3,"5":8,"6":8,"7":8,"8":120,"9":3,"10":8,"11":80,"12":3,"13":8,"14":1,"15":7,"16":0,"17":7,"18":0,"19":8,"20":1,"21":8,"22":0,"23":8,"24":0,"25":8,"26":3,"27":17,"28":3,"29":14,"30":14,"31":55,"32":4,"33":10,"34":43,"35":2,"36":8,"37":8,"38":3,"39":5,"40":1,"41":4,"42":3},"f":{"0":8,"1":120,"2":80,"3":17,"4":55,"5":43},"b":{"0":[3,117],"1":[3,77],"2":[1,7],"3":[8,2],"4":[0,7],"5":[7,1],"6":[0,7],"7":[7,1],"8":[1,7],"9":[0,8],"10":[0,8],"11":[0],"12":[0],"13":[13],"14":[3,14],"15":[17,4],"16":[4,10],"17":[2,8],"18":[3,5],"19":[1,4]},"_coverageSchema":"1a1c01bbd47fc00a2c39e90264f33305004495a9","hash":"06c54608da1bda617a7b476da092f86bc6a883bf"}
,"D:\\faang\\pulsegrid\\src\\services\\queue.manager.js": {"path":"D:\\faang\\pulsegrid\\src\\services\\queue.manager.js","statementMap":{"0":{"start":{"line":1,"column":31},"end":{"line":1,"column":64}},"1":{"start":{"line":2,"column":26},"end":{"line":2,"column":43}},"2":{"start":{"line":3,"column":22},"end":{"line":3,"column":48}},"3":{"start":{"line":4,"column":11},"end":{"line":4,"column":27}},"4":{"start":{"line":6,"column":25},"end":{"line":6,"column":53}},"5":{"start":{"line":7,"column":25},"end":{"line":7,"column":54}},"6":{"start":{"line":10,"column":24},"end":{"line":13,"column":1}},"7":{"start":{"line":15,"column":15},"end":{"line":19,"column":1}},"8":{"start":{"line":22,"column":20},"end":{"line":22,"column":77}},"9":{"start":{"line":23,"column":20},"end":{"line":23,"column":77}},"10":{"start":{"line":24,"column":17},"end":{"line":24,"column":71}},"11":{"start":{"line":27,"column":21},"end":{"line":27,"column":54}},"12":{"start":{"line":30,"column":21},"end":{"line":60,"column":1}},"13":{"start":{"line":31,"column":63},"end":{"line":31,"column":72}},"14":{"start":{"line":33,"column":20},"end":{"line":40,"column":5}},"15":{"start":{"line":42,"column":17},"end":{"line":48,"column":5}},"16":{"start":{"line":50,"column":20},"end":{"line":50,"column":36}},"17":{"start":{"line":52,"column":4},"end":{"line":59,"column":5}},"18":{"start":{"line":54,"column":12},"end":{"line":54,"column":59}},"19":{"start":{"line":56,"column":12},"end":{"line":56,"column":56}},"20":{"start":{"line":58,"column":12},"end":{"line":58,"column":59}},"21":{"start":{"line":63,"column":19},"end":{"line":95,"column":1}},"22":{"start":{"line":64,"column":59},"end":{"line":64,"column":67}},"23":{"start":{"line":65,"column":20},"end":{"line":65,"column":30}},"24":{"start":{"line":68,"column":2},"end":{"line":70,"column":6}},"25":{"start":{"line":73,"column":2},"end":{"line":73,"column":43}},"26":{"start":{"line":76,"column":21},"end":{"line":76,"column":43}},"27":{"start":{"line":79,"column":2},"end":{"line":81,"column":4}},"28":{"start":{"line":80,"column":4},"end":{"line":80,"column":55}},"29":{"start":{"line":84,"column":2},"end":{"line":86,"column":4}},"30":{"start":{"line":85,"column":4},"end":{"line":85,"column":56}},"31":{"start":{"line":89,"column":2},"end":{"line":92,"column":4}},"32":{"start":{"line":94,"column":2},"end":{"line":94,"column":50}},"33":{"start":{"line":98,"column":21},"end":{"line":101,"column":2}},"34":{"start":{"line":103,"column":21},"end":{"line":106,"column":2}},"35":{"start":{"line":108,"column":18},"end":{"line":111,"column":2}},"36":{"start":{"line":114,"column":0},"end":{"line":122,"column":3}},"37":{"start":{"line":115,"column":4},"end":{"line":117,"column":7}},"38":{"start":{"line":116,"column":8},"end":{"line":116,"column":78}},"39":{"start":{"line":119,"column":4},"end":{"line":121,"column":7}},"40":{"start":{"line":120,"column":8},"end":{"line":120,"column":69}},"41":{"start":{"line":125,"column":22},"end":{"line":137,"column":1}},"42":{"start":{"line":126,"column":40},"end":{"line":130,"column":6}},"43":{"start":{"line":132,"column":4},"end":{"line":136,"column":6}},"44":{"start":{"line":139,"column":0},"end":{"line":145,"column":2}}},"fnMap":{"0":{"name":"(anonymous_0)","decl":{"start":{"line":30,"column":21},"end":{"line":30,"column":22}},"loc":{"start":{"line":30,"column":63},"end":{"line":60,"column":1}},"line":30},"1":{"name":"(anonymous_1)","decl":{"start":{"line":63,"column":19},"end":{"line":63,"column":20}},"loc":{"start":{"line":63,"column":34},"end":{"line":95,"column":1}},"line":63},"2":{"name":"(anonymous_2)","decl":{"start":{"line":79,"column":58},"end":{"line":79,"column":59}},"loc":{"start":{"line":80,"column":4},"end":{"line":80,"column":55}},"line":80},"3":{"name":"(anonymous_3)","decl":{"start":{"line":84,"column":28},"end":{"line":84,"column":29}},"loc":{"start":{"line":85,"column":4},"end":{"line":85,"column":56}},"line":85},"4":{"name":"(anonymous_4)","decl":{"start":{"line":114,"column":48},"end":{"line":114,"column":49}},"loc":{"start":{"line":114,"column":60},"end":{"line":122,"column":1}},"line":114},"5":{"name":"(anonymous_5)","decl":{"start":{"line":115,"column":27},"end":{"line":115,"column":28}},"loc":{"start":{"line":115,"column":36},"end":{"line":117,"column":5}},"line":115},"6":{"name":"(anonymous_6)","decl":{"start":{"line":119,"column":24},"end":{"line":119,"column":25}},"loc":{"start":{"line":119,"column":38},"end":{"line":121,"column":5}},"line":119},"7":{"name":"(anonymous_7)","decl":{"start":{"line":125,"column":22},"end":{"line":125,"column":23}},"loc":{"start":{"line":125,"column":34},"end":{"line":137,"column":1}},"line":125}},"branchMap":{"0":{"loc":{"start":{"line":11,"column":10},"end":{"line":11,"column":47}},"type":"binary-expr","locations":[{"start":{"line":11,"column":10},"end":{"line":11,"column":32}},{"start":{"line":11,"column":36},"end":{"line":11,"column":47}}],"line":11},"1":{"loc":{"start":{"line":12,"column":10},"end":{"line":12,"column":54}},"type":"binary-expr","locations":[{"start":{"line":12,"column":10},"end":{"line":12,"column":46}},{"start":{"line":12,"column":50},"end":{"line":12,"column":54}}],"line":12},"2":{"loc":{"start":{"line":30,"column":39},"end":{"line":30,"column":58}},"type":"default-arg","locations":[{"start":{"line":30,"column":50},"end":{"line":30,"column":58}}],"line":30},"3":{"loc":{"start":{"line":43,"column":18},"end":{"line":43,"column":45}},"type":"binary-expr","locations":[{"start":{"line":43,"column":18},"end":{"line":43,"column":40}},{"start":{"line":43,"column":44},"end":{"line":43,"column":45}}],"line":43},"4":{"loc":{"start":{"line":52,"column":4},"end":{"line":59,"column":5}},"type":"switch","locations":[{"start":{"line":53,"column":8},"end":{"line":54,"column":59}},{"start":{"line":55,"column":8},"end":{"line":56,"column":56}},{"start":{"line":57,"column":8},"end":{"line":58,"column":59}}],"line":52}},"s":{"0":2,"1":2,"2":2,"3":2,"4":2,"5":2,"6":2,"7":2,"8":2,"9":2,"10":2,"11":2,"12":2,"13":2,"14":2,"15":2,"16":2,"17":2,"18":1,"19":1,"20":0,"21":2,"22":0,"23":0,"24":0,"25":0,"26":0,"27":0,"28":0,"29":0,"30":0,"31":0,"32":0,"33":2,"34":2,"35":2,"36":2,"37":6,"38":0,"39":6,"40":0,"41":2,"42":0,"43":0,"44":2},"f":{"0":2,"1":0,"2":0,"3":0,"4":6,"5":0,"6":0,"7":0},"b":{"0":[2,0],"1":[2,0],"2":[0],"3":[2,0],"4":[1,1,0]},"_coverageSchema":"1a1c01bbd47fc00a2c39e90264f33305004495a9","hash":"c2bce90a42c8176d4b62e2bd59dc8b31615049b5"}
,"D:\\faang\\pulsegrid\\src\\services\\websocket.server.js": {"path":"D:\\faang\\pulsegrid\\src\\services\\websocket.server.js","statementMap":{"0":{"start":{"line":1,"column":18},"end":{"line":1,"column":31}},"1":{"start":{"line":2,"column":24},"end":{"line":2,"column":49}},"2":{"start":{"line":3,"column":28},"end":{"line":3,"column":61}},"3":{"start":{"line":4,"column":77},"end":{"line":4,"column":108}},"4":{"start":{"line":5,"column":23},"end":{"line":5,"column":49}},"5":{"start":{"line":6,"column":11},"end":{"line":6,"column":27}},"6":{"start":{"line":8,"column":10},"end":{"line":8,"column":14}},"7":{"start":{"line":10,"column":28},"end":{"line":118,"column":1}},"8":{"start":{"line":11,"column":2},"end":{"line":11,"column":53}},"9":{"start":{"line":14,"column":2},"end":{"line":17,"column":5}},"10":{"start":{"line":15,"column":4},"end":{"line":16,"column":59}},"11":{"start":{"line":15,"column":13},"end":{"line":15,"column":64}},"12":{"start":{"line":16,"column":9},"end":{"line":16,"column":59}},"13":{"start":{"line":20,"column":2},"end":{"line":44,"column":5}},"14":{"start":{"line":21,"column":4},"end":{"line":43,"column":5}},"15":{"start":{"line":22,"column":19},"end":{"line":22,"column":38}},"16":{"start":{"line":23,"column":20},"end":{"line":23,"column":49}},"17":{"start":{"line":26,"column":21},"end":{"line":29,"column":7}},"18":{"start":{"line":31,"column":6},"end":{"line":40,"column":9}},"19":{"start":{"line":32,"column":8},"end":{"line":39,"column":11}},"20":{"start":{"line":42,"column":6},"end":{"line":42,"column":57}},"21":{"start":{"line":46,"column":2},"end":{"line":100,"column":5}},"22":{"start":{"line":48,"column":16},"end":{"line":48,"column":52}},"23":{"start":{"line":49,"column":18},"end":{"line":49,"column":47}},"24":{"start":{"line":51,"column":4},"end":{"line":54,"column":5}},"25":{"start":{"line":52,"column":6},"end":{"line":52,"column":42}},"26":{"start":{"line":53,"column":6},"end":{"line":53,"column":13}},"27":{"start":{"line":57,"column":4},"end":{"line":62,"column":5}},"28":{"start":{"line":58,"column":6},"end":{"line":58,"column":32}},"29":{"start":{"line":60,"column":6},"end":{"line":60,"column":38}},"30":{"start":{"line":61,"column":6},"end":{"line":61,"column":13}},"31":{"start":{"line":64,"column":4},"end":{"line":64,"column":24}},"32":{"start":{"line":65,"column":4},"end":{"line":65,"column":37}},"33":{"start":{"line":68,"column":4},"end":{"line":72,"column":8}},"34":{"start":{"line":76,"column":4},"end":{"line":76,"column":52}},"35":{"start":{"line":76,"column":21},"end":{"line":76,"column":45}},"36":{"start":{"line":79,"column":4},"end":{"line":79,"column":22}},"37":{"start":{"line":80,"column":4},"end":{"line":80,"column":48}},"38":{"start":{"line":80,"column":26},"end":{"line":80,"column":44}},"39":{"start":{"line":82,"column":4},"end":{"line":91,"column":7}},"40":{"start":{"line":83,"column":6},"end":{"line":90,"column":7}},"41":{"start":{"line":84,"column":20},"end":{"line":84,"column":35}},"42":{"start":{"line":85,"column":8},"end":{"line":87,"column":9}},"43":{"start":{"line":86,"column":10},"end":{"line":86,"column":75}},"44":{"start":{"line":89,"column":8},"end":{"line":89,"column":84}},"45":{"start":{"line":93,"column":4},"end":{"line":95,"column":7}},"46":{"start":{"line":94,"column":6},"end":{"line":94,"column":42}},"47":{"start":{"line":97,"column":4},"end":{"line":99,"column":7}},"48":{"start":{"line":98,"column":6},"end":{"line":98,"column":67}},"49":{"start":{"line":103,"column":28},"end":{"line":112,"column":11}},"50":{"start":{"line":104,"column":4},"end":{"line":111,"column":7}},"51":{"start":{"line":105,"column":6},"end":{"line":108,"column":7}},"52":{"start":{"line":106,"column":8},"end":{"line":106,"column":40}},"53":{"start":{"line":107,"column":8},"end":{"line":107,"column":30}},"54":{"start":{"line":109,"column":6},"end":{"line":109,"column":25}},"55":{"start":{"line":110,"column":6},"end":{"line":110,"column":16}},"56":{"start":{"line":114,"column":2},"end":{"line":114,"column":58}},"57":{"start":{"line":114,"column":24},"end":{"line":114,"column":56}},"58":{"start":{"line":116,"column":2},"end":{"line":116,"column":51}},"59":{"start":{"line":117,"column":2},"end":{"line":117,"column":13}},"60":{"start":{"line":120,"column":15},"end":{"line":120,"column":24}},"61":{"start":{"line":120,"column":21},"end":{"line":120,"column":24}},"62":{"start":{"line":122,"column":0},"end":{"line":122,"column":49}}},"fnMap":{"0":{"name":"(anonymous_0)","decl":{"start":{"line":10,"column":28},"end":{"line":10,"column":29}},"loc":{"start":{"line":10,"column":44},"end":{"line":118,"column":1}},"line":10},"1":{"name":"(anonymous_1)","decl":{"start":{"line":14,"column":35},"end":{"line":14,"column":36}},"loc":{"start":{"line":14,"column":44},"end":{"line":17,"column":3}},"line":14},"2":{"name":"(anonymous_2)","decl":{"start":{"line":20,"column":28},"end":{"line":20,"column":29}},"loc":{"start":{"line":20,"column":65},"end":{"line":44,"column":3}},"line":20},"3":{"name":"(anonymous_3)","decl":{"start":{"line":31,"column":26},"end":{"line":31,"column":27}},"loc":{"start":{"line":31,"column":43},"end":{"line":40,"column":7}},"line":31},"4":{"name":"(anonymous_4)","decl":{"start":{"line":46,"column":23},"end":{"line":46,"column":24}},"loc":{"start":{"line":46,"column":42},"end":{"line":100,"column":3}},"line":46},"5":{"name":"(anonymous_5)","decl":{"start":{"line":76,"column":15},"end":{"line":76,"column":16}},"loc":{"start":{"line":76,"column":21},"end":{"line":76,"column":45}},"line":76},"6":{"name":"(anonymous_6)","decl":{"start":{"line":80,"column":18},"end":{"line":80,"column":19}},"loc":{"start":{"line":80,"column":24},"end":{"line":80,"column":46}},"line":80},"7":{"name":"(anonymous_7)","decl":{"start":{"line":82,"column":21},"end":{"line":82,"column":22}},"loc":{"start":{"line":82,"column":36},"end":{"line":91,"column":5}},"line":82},"8":{"name":"(anonymous_8)","decl":{"start":{"line":93,"column":19},"end":{"line":93,"column":20}},"loc":{"start":{"line":93,"column":31},"end":{"line":95,"column":5}},"line":93},"9":{"name":"(anonymous_9)","decl":{"start":{"line":97,"column":19},"end":{"line":97,"column":20}},"loc":{"start":{"line":97,"column":28},"end":{"line":99,"column":5}},"line":97},"10":{"name":"(anonymous_10)","decl":{"start":{"line":103,"column":40},"end":{"line":103,"column":41}},"loc":{"start":{"line":103,"column":46},"end":{"line":112,"column":3}},"line":103},"11":{"name":"(anonymous_11)","decl":{"start":{"line":104,"column":24},"end":{"line":104,"column":25}},"loc":{"start":{"line":104,"column":32},"end":{"line":111,"column":5}},"line":104},"12":{"name":"(anonymous_12)","decl":{"start":{"line":114,"column":18},"end":{"line":114,"column":19}},"loc":{"start":{"line":114,"column":24},"end":{"line":114,"column":56}},"line":114},"13":{"name":"(anonymous_13)","decl":{"start":{"line":120,"column":15},"end":{"line":120,"column":16}},"loc":{"start":{"line":120,"column":21},"end":{"line":120,"column":24}},"line":120}},"branchMap":{"0":{"loc":{"start":{"line":15,"column":4},"end":{"line":16,"column":59}},"type":"if","locations":[{"start":{"line":15,"column":4},"end":{"line":16,"column":59}},{"start":{"line":16,"column":9},"end":{"line":16,"column":59}}],"line":15},"1":{"loc":{"start":{"line":51,"column":4},"end":{"line":54,"column":5}},"type":"if","locations":[{"start":{"line":51,"column":4},"end":{"line":54,"column":5}},{"start":{},"end":{}}],"line":51},"2":{"loc":{"start":{"line":85,"column":8},"end":{"line":87,"column":9}},"type":"if","locations":[{"start":{"line":85,"column":8},"end":{"line":87,"column":9}},{"start":{},"end":{}}],"line":85},"3":{"loc":{"start":{"line":105,"column":6},"end":{"line":108,"column":7}},"type":"if","locations":[{"start":{"line":105,"column":6},"end":{"line":108,"column":7}},{"start":{},"end":{}}],"line":105}},"s":{"0":0,"1":0,"2":0,"3":0,"4":0,"5":0,"6":0,"7":0,"8":0,"9":0,"10":0,"11":0,"12":0,"13":0,"14":0,"15":0,"16":0,"17":0,"18":0,"19":0,"20":0,"21":0,"22":0,"23":0,"24":0,"25":0,"26":0,"27":0,"28":0,"29":0,"30":0,"31":0,"32":0,"33":0,"34":0,"35":0,"36":0,"37":0,"38":0,"39":0,"40":0,"41":0,"42":0,"43":0,"44":0,"45":0,"46":0,"47":0,"48":0,"49":0,"50":0,"51":0,"52":0,"53":0,"54":0,"55":0,"56":0,"57":0,"58":0,"59":0,"60":0,"61":0,"62":0},"f":{"0":0,"1":0,"2":0,"3":0,"4":0,"5":0,"6":0,"7":0,"8":0,"9":0,"10":0,"11":0,"12":0,"13":0},"b":{"0":[0,0],"1":[0,0],"2":[0,0],"3":[0,0]}}
}
