TN:
SF:src\__tests__\integration\setup.js
FN:12,(anonymous_0)
FN:18,(anonymous_1)
FN:34,(anonymous_2)
FN:35,(anonymous_3)
FN:39,(anonymous_4)
FN:40,(anonymous_5)
FN:43,(anonymous_6)
FNF:7
FNH:5
FNDA:2,(anonymous_0)
FNDA:0,(anonymous_1)
FNDA:2,(anonymous_2)
FNDA:6,(anonymous_3)
FNDA:6,(anonymous_4)
FNDA:0,(anonymous_5)
FNDA:2,(anonymous_6)
DA:2,2
DA:3,2
DA:4,2
DA:6,2
DA:7,2
DA:8,2
DA:9,2
DA:12,2
DA:18,0
DA:34,2
DA:35,6
DA:39,6
DA:40,0
DA:43,2
DA:44,2
DA:45,2
DA:46,2
DA:47,2
DA:48,2
DA:49,2
DA:50,2
DA:53,2
LF:22
LH:20
BRF:0
BRH:0
end_of_record
TN:
SF:src\config\index.js
FNF:0
FNH:0
DA:1,4
DA:3,4
LF:2
LH:2
BRDA:4,0,0,4
BRDA:4,0,1,0
BRDA:5,1,0,4
BRDA:5,1,1,0
BRDA:9,2,0,4
BRDA:9,2,1,0
BRDA:16,3,0,4
BRDA:16,3,1,0
BRDA:17,4,0,4
BRDA:17,4,1,0
BRF:10
BRH:5
end_of_record
TN:
SF:src\config\redis.js
FN:8,(anonymous_0)
FN:16,(anonymous_1)
FN:24,(anonymous_2)
FN:25,(anonymous_3)
FN:32,(anonymous_4)
FN:45,(anonymous_5)
FN:57,(anonymous_6)
FN:60,(anonymous_7)
FN:63,(anonymous_8)
FNF:9
FNH:1
FNDA:0,(anonymous_0)
FNDA:0,(anonymous_1)
FNDA:0,(anonymous_2)
FNDA:0,(anonymous_3)
FNDA:0,(anonymous_4)
FNDA:0,(anonymous_5)
FNDA:0,(anonymous_6)
FNDA:0,(anonymous_7)
FNDA:3,(anonymous_8)
DA:1,1
DA:2,1
DA:8,1
DA:9,0
DA:17,0
DA:18,0
DA:23,0
DA:24,0
DA:25,0
DA:28,0
DA:32,1
DA:33,0
DA:34,0
DA:35,0
DA:37,0
DA:45,1
DA:46,0
DA:54,1
DA:58,0
DA:61,0
DA:64,3
LF:21
LH:7
BRDA:23,0,0,0
BRDA:23,0,1,0
BRF:2
BRH:0
end_of_record
TN:
SF:src\controllers\analytics.controller.js
FN:12,(anonymous_0)
FN:44,(anonymous_1)
FN:48,(anonymous_2)
FN:49,(anonymous_3)
FN:56,(anonymous_4)
FN:69,(anonymous_5)
FN:79,(anonymous_6)
FNF:7
FNH:0
FNDA:0,(anonymous_0)
FNDA:0,(anonymous_1)
FNDA:0,(anonymous_2)
FNDA:0,(anonymous_3)
FNDA:0,(anonymous_4)
FNDA:0,(anonymous_5)
FNDA:0,(anonymous_6)
DA:6,0
DA:7,0
DA:8,0
DA:9,0
DA:10,0
DA:12,0
DA:13,0
DA:15,0
DA:27,0
DA:39,0
DA:40,0
DA:44,0
DA:45,0
DA:46,0
DA:47,0
DA:48,0
DA:49,0
DA:50,0
DA:52,0
DA:56,0
DA:57,0
DA:58,0
DA:59,0
DA:65,0
DA:69,0
DA:70,0
DA:71,0
DA:72,0
DA:73,0
DA:75,0
DA:79,0
DA:80,0
DA:81,0
DA:82,0
DA:84,0
DA:88,0
LF:36
LH:0
BRDA:46,0,0,0
BRDA:46,0,1,0
BRDA:71,1,0,0
BRDA:71,1,1,0
BRF:4
BRH:0
end_of_record
TN:
SF:src\controllers\auth.controller.js
FN:4,(anonymous_0)
FN:33,(anonymous_1)
FN:64,(anonymous_2)
FNF:3
FNH:2
FNDA:4,(anonymous_0)
FNDA:3,(anonymous_1)
FNDA:0,(anonymous_2)
DA:1,2
DA:2,2
DA:4,2
DA:5,4
DA:6,4
DA:8,4
DA:9,4
DA:10,1
DA:13,3
DA:14,3
DA:16,3
DA:18,3
DA:28,0
DA:29,0
DA:33,2
DA:34,3
DA:35,3
DA:37,3
DA:38,3
DA:39,1
DA:42,2
DA:43,2
DA:44,1
DA:47,1
DA:49,1
DA:59,0
DA:60,0
DA:64,2
DA:65,0
DA:66,0
DA:67,0
DA:68,0
DA:70,0
DA:72,0
DA:73,0
DA:77,2
LF:36
LH:25
BRDA:9,0,0,1
BRDA:9,0,1,3
BRDA:38,1,0,1
BRDA:38,1,1,2
BRDA:43,2,0,1
BRDA:43,2,1,1
BRDA:67,3,0,0
BRDA:67,3,1,0
BRF:8
BRH:6
end_of_record
TN:
SF:src\controllers\event.controller.js
FN:3,(anonymous_0)
FNF:1
FNH:1
FNDA:4,(anonymous_0)
DA:1,2
DA:3,2
DA:4,4
DA:5,4
DA:7,4
DA:8,2
DA:11,2
DA:18,2
DA:27,0
DA:28,0
DA:32,2
LF:11
LH:9
BRDA:7,0,0,2
BRDA:7,0,1,2
BRDA:7,1,0,4
BRDA:7,1,1,3
BRF:4
BRH:4
end_of_record
TN:
SF:src\db\index.js
FN:10,(anonymous_0)
FN:15,(anonymous_1)
FN:21,(anonymous_2)
FN:22,(anonymous_3)
FN:24,(anonymous_4)
FNF:5
FNH:1
FNDA:0,(anonymous_0)
FNDA:0,(anonymous_1)
FNDA:16,(anonymous_2)
FNDA:0,(anonymous_3)
FNDA:0,(anonymous_4)
DA:1,2
DA:2,2
DA:4,2
DA:9,2
DA:10,0
DA:11,0
DA:15,2
DA:16,0
DA:17,0
DA:20,2
DA:21,16
DA:22,0
DA:25,0
LF:13
LH:7
BRDA:9,0,0,0
BRDA:9,0,1,2
BRF:2
BRH:1
end_of_record
TN:
SF:src\db\offline.model.js
FN:4,(anonymous_0)
FN:15,(anonymous_1)
FN:34,(anonymous_2)
FN:43,(anonymous_3)
FNF:4
FNH:0
FNDA:0,(anonymous_0)
FNDA:0,(anonymous_1)
FNDA:0,(anonymous_2)
FNDA:0,(anonymous_3)
DA:1,2
DA:4,2
DA:6,0
DA:15,2
DA:16,0
DA:30,0
DA:34,2
DA:35,0
DA:39,0
DA:43,2
DA:44,0
DA:48,0
DA:51,2
LF:13
LH:6
BRF:0
BRH:0
end_of_record
TN:
SF:src\db\subscription.model.js
FN:3,(anonymous_0)
FN:14,(anonymous_1)
FN:22,(anonymous_2)
FNF:3
FNH:0
FNDA:0,(anonymous_0)
FNDA:0,(anonymous_1)
FNDA:0,(anonymous_2)
DA:1,0
DA:3,0
DA:4,0
DA:11,0
DA:14,0
DA:15,0
DA:19,0
DA:22,0
DA:23,0
DA:27,0
DA:30,0
LF:11
LH:0
BRDA:11,0,0,0
BRDA:11,0,1,0
BRF:2
BRH:0
end_of_record
TN:
SF:src\db\user.model.js
FN:3,(anonymous_0)
FN:13,(anonymous_1)
FN:22,(anonymous_2)
FNF:3
FNH:2
FNDA:3,(anonymous_0)
FNDA:7,(anonymous_1)
FNDA:0,(anonymous_2)
DA:1,2
DA:3,2
DA:4,3
DA:10,3
DA:13,2
DA:14,7
DA:19,7
DA:22,2
DA:23,0
DA:28,0
DA:31,2
LF:11
LH:9
BRDA:19,0,0,7
BRDA:19,0,1,4
BRDA:28,1,0,0
BRDA:28,1,1,0
BRF:4
BRH:2
end_of_record
TN:
SF:src\middleware\auth.js
FN:3,(anonymous_0)
FNF:1
FNH:1
FNDA:6,(anonymous_0)
DA:1,2
DA:3,2
DA:4,6
DA:6,6
DA:7,1
DA:10,5
DA:12,5
DA:13,5
DA:14,4
DA:15,4
DA:17,1
DA:18,0
DA:20,1
DA:24,2
LF:14
LH:13
BRDA:6,0,0,1
BRDA:6,0,1,5
BRDA:6,1,0,6
BRDA:6,1,1,5
BRDA:17,2,0,0
BRDA:17,2,1,1
BRF:6
BRH:5
end_of_record
TN:
SF:src\middleware\rate.limiter.js
FNF:0
FNH:0
DA:1,0
DA:4,0
DA:13,0
DA:22,0
DA:28,0
LF:5
LH:0
BRF:0
BRH:0
end_of_record
TN:
SF:src\middleware\validate.js
FN:1,(anonymous_0)
FN:30,(anonymous_1)
FNF:2
FNH:2
FNDA:7,(anonymous_0)
FNDA:4,(anonymous_1)
DA:1,2
DA:2,7
DA:4,7
DA:5,1
DA:10,6
DA:11,6
DA:12,1
DA:15,5
DA:16,0
DA:21,5
DA:22,1
DA:27,4
DA:30,2
DA:31,4
DA:33,4
DA:34,1
DA:37,3
DA:40,2
LF:18
LH:17
BRDA:4,0,0,1
BRDA:4,0,1,6
BRDA:4,1,0,7
BRDA:4,1,1,7
BRDA:4,1,2,7
BRDA:11,2,0,1
BRDA:11,2,1,5
BRDA:15,3,0,0
BRDA:15,3,1,5
BRDA:15,4,0,5
BRDA:15,4,1,5
BRDA:21,5,0,1
BRDA:21,5,1,4
BRDA:33,6,0,1
BRDA:33,6,1,3
BRDA:33,7,0,4
BRDA:33,7,1,4
BRF:17
BRH:16
end_of_record
TN:
SF:src\routes\analytics.routes.js
FNF:0
FNH:0
DA:1,0
DA:2,0
DA:3,0
DA:10,0
DA:12,0
DA:13,0
DA:14,0
DA:15,0
DA:16,0
DA:18,0
LF:10
LH:0
BRF:0
BRH:0
end_of_record
TN:
SF:src\routes\auth.routes.js
FNF:0
FNH:0
DA:1,2
DA:2,2
DA:3,2
DA:4,2
DA:5,2
DA:7,2
DA:8,2
DA:9,2
DA:11,2
LF:9
LH:9
BRF:0
BRH:0
end_of_record
TN:
SF:src\routes\event.routes.js
FNF:0
FNH:0
DA:1,2
DA:2,2
DA:3,2
DA:4,2
DA:6,2
DA:8,2
LF:6
LH:6
BRF:0
BRH:0
end_of_record
TN:
SF:src\routes\subscription.routes.js
FN:6,(anonymous_0)
FN:13,(anonymous_1)
FN:20,(anonymous_2)
FNF:3
FNH:0
FNDA:0,(anonymous_0)
FNDA:0,(anonymous_1)
FNDA:0,(anonymous_2)
DA:1,0
DA:2,0
DA:3,0
DA:4,0
DA:6,0
DA:7,0
DA:8,0
DA:9,0
DA:10,0
DA:13,0
DA:14,0
DA:15,0
DA:16,0
DA:17,0
DA:20,0
DA:21,0
DA:22,0
DA:25,0
LF:18
LH:0
BRDA:8,0,0,0
BRDA:8,0,1,0
BRDA:10,1,0,0
BRDA:10,1,1,0
BRDA:15,2,0,0
BRDA:15,2,1,0
BRDA:17,3,0,0
BRDA:17,3,1,0
BRF:8
BRH:0
end_of_record
TN:
SF:src\services\anomaly.detector.js
FN:15,(anonymous_0)
FN:18,(anonymous_1)
FN:19,(anonymous_2)
FN:35,(anonymous_3)
FN:38,(anonymous_4)
FN:63,(anonymous_5)
FN:78,(anonymous_6)
FN:80,(anonymous_7)
FNF:8
FNH:3
FNDA:8,(anonymous_0)
FNDA:50,(anonymous_1)
FNDA:50,(anonymous_2)
FNDA:0,(anonymous_3)
FNDA:0,(anonymous_4)
FNDA:0,(anonymous_5)
FNDA:0,(anonymous_6)
FNDA:0,(anonymous_7)
DA:1,3
DA:2,3
DA:3,3
DA:4,3
DA:6,3
DA:7,3
DA:8,3
DA:15,3
DA:16,8
DA:18,50
DA:19,50
DA:20,6
DA:23,6
DA:25,5
DA:26,5
DA:28,5
DA:35,3
DA:37,0
DA:38,0
DA:40,0
DA:42,0
DA:45,0
DA:57,0
DA:58,0
DA:59,0
DA:62,0
DA:63,0
DA:64,0
DA:70,0
DA:72,0
DA:78,3
DA:79,0
DA:80,0
DA:83,3
LF:34
LH:19
BRDA:16,0,0,2
BRDA:16,0,1,6
BRDA:23,1,0,1
BRDA:23,1,1,5
BRDA:42,2,0,0
BRDA:42,2,1,0
BRDA:52,3,0,0
BRDA:52,3,1,0
BRDA:78,4,0,0
BRF:9
BRH:4
end_of_record
TN:
SF:src\services\auth.service.js
FN:7,(anonymous_0)
FN:11,(anonymous_1)
FN:15,(anonymous_2)
FN:21,(anonymous_3)
FNF:4
FNH:4
FNDA:8,(anonymous_0)
FNDA:4,(anonymous_1)
FNDA:7,(anonymous_2)
FNDA:8,(anonymous_3)
DA:1,3
DA:2,3
DA:3,3
DA:5,3
DA:7,3
DA:8,8
DA:11,3
DA:12,4
DA:15,3
DA:16,7
DA:21,3
DA:22,8
DA:25,3
LF:13
LH:13
BRF:0
BRH:0
end_of_record
TN:
SF:src\services\connection.manager.js
FN:6,(anonymous_0)
FN:17,(anonymous_1)
FN:29,(anonymous_2)
FN:36,(anonymous_3)
FN:46,(anonymous_4)
FN:48,(anonymous_5)
FN:50,(anonymous_6)
FN:54,(anonymous_7)
FNF:8
FNH:0
FNDA:0,(anonymous_0)
FNDA:0,(anonymous_1)
FNDA:0,(anonymous_2)
FNDA:0,(anonymous_3)
FNDA:0,(anonymous_4)
FNDA:0,(anonymous_5)
FNDA:0,(anonymous_6)
FNDA:0,(anonymous_7)
DA:1,3
DA:4,3
DA:6,3
DA:7,0
DA:8,0
DA:10,0
DA:13,0
DA:14,0
DA:17,3
DA:18,0
DA:19,0
DA:20,0
DA:21,0
DA:22,0
DA:23,0
DA:24,0
DA:29,3
DA:30,0
DA:31,0
DA:33,0
DA:34,0
DA:36,0
DA:37,0
DA:38,0
DA:39,0
DA:43,0
DA:46,3
DA:48,3
DA:49,0
DA:50,0
DA:51,0
DA:54,3
DA:56,3
LF:33
LH:9
BRDA:7,0,0,0
BRDA:7,0,1,0
BRDA:19,1,0,0
BRDA:19,1,1,0
BRDA:21,2,0,0
BRDA:21,2,1,0
BRDA:31,3,0,0
BRDA:31,3,1,0
BRDA:37,4,0,0
BRDA:37,4,1,0
BRF:10
BRH:0
end_of_record
TN:
SF:src\services\event.service.js
FN:5,(anonymous_0)
FNF:1
FNH:1
FNDA:2,(anonymous_0)
DA:1,2
DA:2,2
DA:3,2
DA:5,2
DA:7,2
DA:10,2
DA:16,2
DA:19,2
DA:24,2
DA:33,2
LF:10
LH:10
BRF:0
BRH:0
end_of_record
TN:
SF:src\services\metrics.service.js
FN:9,(anonymous_0)
FN:40,(anonymous_1)
FN:51,(anonymous_2)
FN:60,(anonymous_3)
FN:68,(anonymous_4)
FN:69,(anonymous_5)
FN:70,(anonymous_6)
FN:72,(anonymous_7)
FN:85,(anonymous_8)
FN:90,(anonymous_9)
FN:93,(anonymous_10)
FN:96,(anonymous_11)
FN:102,(anonymous_12)
FN:105,(anonymous_13)
FN:108,(anonymous_14)
FNF:15
FNH:0
FNDA:0,(anonymous_0)
FNDA:0,(anonymous_1)
FNDA:0,(anonymous_2)
FNDA:0,(anonymous_3)
FNDA:0,(anonymous_4)
FNDA:0,(anonymous_5)
FNDA:0,(anonymous_6)
FNDA:0,(anonymous_7)
FNDA:0,(anonymous_8)
FNDA:0,(anonymous_9)
FNDA:0,(anonymous_10)
FNDA:0,(anonymous_11)
FNDA:0,(anonymous_12)
FNDA:0,(anonymous_13)
FNDA:0,(anonymous_14)
DA:1,3
DA:3,3
DA:9,3
DA:10,0
DA:11,0
DA:13,0
DA:16,0
DA:17,0
DA:20,0
DA:21,0
DA:24,0
DA:25,0
DA:28,0
DA:29,0
DA:30,0
DA:33,0
DA:40,3
DA:41,0
DA:42,0
DA:43,0
DA:45,0
DA:46,0
DA:49,0
DA:51,0
DA:60,3
DA:61,0
DA:63,0
DA:64,0
DA:67,0
DA:68,0
DA:69,0
DA:70,0
DA:72,0
DA:74,0
DA:85,3
DA:86,0
DA:87,0
DA:89,0
DA:90,0
DA:91,0
DA:93,0
DA:96,0
DA:102,3
DA:103,0
DA:104,0
DA:105,0
DA:106,0
DA:108,0
DA:114,3
LF:49
LH:8
BRDA:28,0,0,0
BRDA:28,0,1,0
BRDA:40,1,0,0
BRDA:53,2,0,0
BRDA:53,2,1,0
BRDA:63,3,0,0
BRDA:63,3,1,0
BRDA:72,4,0,0
BRDA:72,4,1,0
BRDA:87,5,0,0
BRDA:87,5,1,0
BRDA:95,6,0,0
BRDA:95,6,1,0
BRDA:110,7,0,0
BRDA:110,7,1,0
BRF:15
BRH:0
end_of_record
TN:
SF:src\services\offline.sync.service.js
FN:14,(anonymous_0)
FN:42,(anonymous_1)
FN:80,(anonymous_2)
FNF:3
FNH:0
FNDA:0,(anonymous_0)
FNDA:0,(anonymous_1)
FNDA:0,(anonymous_2)
DA:1,2
DA:7,2
DA:8,2
DA:14,2
DA:16,0
DA:21,0
DA:23,0
DA:24,0
DA:25,0
DA:26,0
DA:30,0
DA:31,0
DA:34,0
DA:42,2
DA:43,0
DA:45,0
DA:46,0
DA:51,0
DA:54,0
DA:57,0
DA:63,0
DA:64,0
DA:66,0
DA:67,0
DA:77,0
DA:80,0
DA:84,0
DA:86,0
DA:93,0
DA:94,0
DA:97,2
LF:31
LH:6
BRDA:24,0,0,0
BRDA:24,0,1,0
BRDA:30,1,0,0
BRDA:30,1,1,0
BRDA:45,2,0,0
BRDA:45,2,1,0
BRDA:77,3,0,0
BRDA:77,3,1,0
BRF:8
BRH:0
end_of_record
TN:
SF:src\services\priority.classifier.js
FN:22,(anonymous_0)
FN:26,(anonymous_1)
FN:30,(anonymous_2)
FN:55,(anonymous_3)
FN:63,(anonymous_4)
FN:66,(anonymous_5)
FNF:6
FNH:6
FNDA:8,(anonymous_0)
FNDA:120,(anonymous_1)
FNDA:80,(anonymous_2)
FNDA:17,(anonymous_3)
FNDA:55,(anonymous_4)
FNDA:43,(anonymous_5)
DA:8,3
DA:14,3
DA:19,3
DA:20,3
DA:22,3
DA:23,8
DA:24,8
DA:26,8
DA:27,120
DA:30,8
DA:31,80
DA:39,8
DA:40,1
DA:41,7
DA:42,0
DA:43,7
DA:44,0
DA:48,8
DA:49,8
DA:50,8
DA:52,8
DA:55,3
DA:57,17
DA:58,3
DA:62,14
DA:63,55
DA:64,4
DA:66,43
DA:67,2
DA:71,8
DA:73,8
DA:74,5
DA:75,4
DA:78,3
LF:34
LH:32
BRDA:27,0,0,3
BRDA:27,0,1,117
BRDA:31,1,0,3
BRDA:31,1,1,77
BRDA:39,2,0,1
BRDA:39,2,1,7
BRDA:39,3,0,8
BRDA:39,3,1,2
BRDA:41,4,0,0
BRDA:41,4,1,7
BRDA:41,5,0,7
BRDA:41,5,1,1
BRDA:43,6,0,0
BRDA:43,6,1,7
BRDA:43,7,0,7
BRDA:43,7,1,1
BRDA:48,8,0,1
BRDA:48,8,1,7
BRDA:49,9,0,0
BRDA:49,9,1,8
BRDA:50,10,0,0
BRDA:50,10,1,8
BRDA:55,11,0,0
BRDA:55,12,0,0
BRDA:55,13,0,13
BRDA:57,14,0,3
BRDA:57,14,1,14
BRDA:57,15,0,17
BRDA:57,15,1,4
BRDA:63,16,0,4
BRDA:63,16,1,10
BRDA:66,17,0,2
BRDA:66,17,1,8
BRDA:73,18,0,3
BRDA:73,18,1,5
BRDA:74,19,0,1
BRDA:74,19,1,4
BRF:37
BRH:31
end_of_record
TN:
SF:src\services\queue.manager.js
FN:30,(anonymous_0)
FN:63,(anonymous_1)
FN:79,(anonymous_2)
FN:84,(anonymous_3)
FN:114,(anonymous_4)
FN:115,(anonymous_5)
FN:119,(anonymous_6)
FN:125,(anonymous_7)
FNF:8
FNH:2
FNDA:2,(anonymous_0)
FNDA:0,(anonymous_1)
FNDA:0,(anonymous_2)
FNDA:0,(anonymous_3)
FNDA:6,(anonymous_4)
FNDA:0,(anonymous_5)
FNDA:0,(anonymous_6)
FNDA:0,(anonymous_7)
DA:1,2
DA:2,2
DA:3,2
DA:4,2
DA:6,2
DA:7,2
DA:10,2
DA:15,2
DA:22,2
DA:23,2
DA:24,2
DA:27,2
DA:30,2
DA:31,2
DA:33,2
DA:42,2
DA:50,2
DA:52,2
DA:54,1
DA:56,1
DA:58,0
DA:63,2
DA:64,0
DA:65,0
DA:68,0
DA:73,0
DA:76,0
DA:79,0
DA:80,0
DA:84,0
DA:85,0
DA:89,0
DA:94,0
DA:98,2
DA:103,2
DA:108,2
DA:114,2
DA:115,6
DA:116,0
DA:119,6
DA:120,0
DA:125,2
DA:126,0
DA:132,0
DA:139,2
LF:45
LH:29
BRDA:11,0,0,2
BRDA:11,0,1,0
BRDA:12,1,0,2
BRDA:12,1,1,0
BRDA:30,2,0,0
BRDA:43,3,0,2
BRDA:43,3,1,0
BRDA:52,4,0,1
BRDA:52,4,1,1
BRDA:52,4,2,0
BRF:10
BRH:5
end_of_record
TN:
SF:src\services\websocket.server.js
FN:10,(anonymous_0)
FN:14,(anonymous_1)
FN:20,(anonymous_2)
FN:31,(anonymous_3)
FN:46,(anonymous_4)
FN:76,(anonymous_5)
FN:80,(anonymous_6)
FN:82,(anonymous_7)
FN:93,(anonymous_8)
FN:97,(anonymous_9)
FN:103,(anonymous_10)
FN:104,(anonymous_11)
FN:114,(anonymous_12)
FN:120,(anonymous_13)
FNF:14
FNH:0
FNDA:0,(anonymous_0)
FNDA:0,(anonymous_1)
FNDA:0,(anonymous_2)
FNDA:0,(anonymous_3)
FNDA:0,(anonymous_4)
FNDA:0,(anonymous_5)
FNDA:0,(anonymous_6)
FNDA:0,(anonymous_7)
FNDA:0,(anonymous_8)
FNDA:0,(anonymous_9)
FNDA:0,(anonymous_10)
FNDA:0,(anonymous_11)
FNDA:0,(anonymous_12)
FNDA:0,(anonymous_13)
DA:1,0
DA:2,0
DA:3,0
DA:4,0
DA:5,0
DA:6,0
DA:8,0
DA:10,0
DA:11,0
DA:14,0
DA:15,0
DA:16,0
DA:20,0
DA:21,0
DA:22,0
DA:23,0
DA:26,0
DA:31,0
DA:32,0
DA:42,0
DA:46,0
DA:48,0
DA:49,0
DA:51,0
DA:52,0
DA:53,0
DA:57,0
DA:58,0
DA:60,0
DA:61,0
DA:64,0
DA:65,0
DA:68,0
DA:76,0
DA:79,0
DA:80,0
DA:82,0
DA:83,0
DA:84,0
DA:85,0
DA:86,0
DA:89,0
DA:93,0
DA:94,0
DA:97,0
DA:98,0
DA:103,0
DA:104,0
DA:105,0
DA:106,0
DA:107,0
DA:109,0
DA:110,0
DA:114,0
DA:116,0
DA:117,0
DA:120,0
DA:122,0
LF:58
LH:0
BRDA:15,0,0,0
BRDA:15,0,1,0
BRDA:51,1,0,0
BRDA:51,1,1,0
BRDA:85,2,0,0
BRDA:85,2,1,0
BRDA:105,3,0,0
BRDA:105,3,1,0
BRF:8
BRH:0
end_of_record
