TN:
SF:src\__tests__\integration\loadTest.js
FN:5,(anonymous_0)
FN:5,(anonymous_1)
FN:11,getAuthToken
FN:22,(anonymous_3)
FN:47,runSimulation
FN:59,(anonymous_5)
FN:72,(anonymous_6)
FNF:7
FNH:0
FNDA:0,(anonymous_0)
FNDA:0,(anonymous_1)
FNDA:0,getAuthToken
FNDA:0,(anonymous_3)
FNDA:0,runSimulation
FNDA:0,(anonymous_5)
FNDA:0,(anonymous_6)
DA:1,0
DA:3,0
DA:5,0
DA:7,0
DA:8,0
DA:12,0
DA:18,0
DA:22,0
DA:23,0
DA:24,0
DA:43,0
DA:49,0
DA:51,0
DA:52,0
DA:53,0
DA:54,0
DA:57,0
DA:58,0
DA:59,0
DA:62,0
DA:64,0
DA:65,0
DA:66,0
DA:67,0
DA:70,0
DA:71,0
DA:72,0
DA:75,0
DA:78,0
LF:29
LH:0
BRF:0
BRH:0
end_of_record
TN:
SF:src\__tests__\integration\setup.js
FN:12,(anonymous_0)
FN:18,(anonymous_1)
FN:34,(anonymous_2)
FN:35,(anonymous_3)
FN:39,(anonymous_4)
FN:40,(anonymous_5)
FN:43,(anonymous_6)
FNF:7
FNH:5
FNDA:5,(anonymous_0)
FNDA:0,(anonymous_1)
FNDA:5,(anonymous_2)
FNDA:15,(anonymous_3)
FNDA:15,(anonymous_4)
FNDA:0,(anonymous_5)
FNDA:5,(anonymous_6)
DA:2,5
DA:3,5
DA:4,5
DA:6,5
DA:7,5
DA:8,5
DA:9,5
DA:12,5
DA:18,0
DA:34,5
DA:35,15
DA:39,15
DA:40,0
DA:43,5
DA:44,5
DA:45,5
DA:46,5
DA:47,5
DA:48,5
DA:49,5
DA:50,5
DA:53,5
LF:22
LH:20
BRF:0
BRH:0
end_of_record
TN:
SF:src\config\index.js
FNF:0
FNH:0
DA:1,7
DA:17,7
LF:2
LH:2
BRDA:18,0,0,7
BRDA:18,0,1,0
BRDA:19,1,0,7
BRDA:19,1,1,0
BRDA:22,2,0,7
BRDA:22,2,1,7
BRDA:23,3,0,7
BRDA:23,3,1,7
BRDA:27,4,0,7
BRDA:27,4,1,0
BRDA:28,5,0,7
BRDA:28,5,1,0
BRDA:29,6,0,7
BRDA:29,6,1,0
BRDA:30,7,0,7
BRDA:30,7,1,0
BRDA:31,8,0,7
BRDA:31,8,1,0
BRDA:36,9,0,7
BRDA:36,9,1,0
BRDA:37,10,0,7
BRDA:37,10,1,0
BRDA:42,11,0,7
BRDA:42,11,1,0
BRDA:43,12,0,7
BRDA:43,12,1,0
BRF:26
BRH:15
end_of_record
TN:
SF:src\config\redis.js
FN:11,(anonymous_0)
FN:12,(anonymous_1)
FN:33,(anonymous_2)
FN:39,(anonymous_3)
FN:45,(anonymous_4)
FN:49,(anonymous_5)
FNF:6
FNH:1
FNDA:3,(anonymous_0)
FNDA:0,(anonymous_1)
FNDA:0,(anonymous_2)
FNDA:0,(anonymous_3)
FNDA:0,(anonymous_4)
FNDA:0,(anonymous_5)
DA:1,1
DA:2,1
DA:11,1
DA:12,3
DA:13,0
DA:14,0
DA:15,0
DA:18,3
DA:33,3
DA:34,0
DA:35,0
DA:39,3
DA:40,0
DA:41,0
DA:45,3
DA:46,0
DA:49,3
DA:50,0
DA:51,0
DA:55,3
DA:59,1
DA:62,1
DA:65,1
DA:67,1
LF:24
LH:14
BRDA:18,0,0,0
BRDA:18,0,1,3
BRDA:34,1,0,0
BRDA:34,1,1,0
BRDA:40,2,0,0
BRDA:40,2,1,0
BRDA:50,3,0,0
BRDA:50,3,1,0
BRF:8
BRH:1
end_of_record
TN:
SF:src\controllers\analytics.controller.js
FN:118,(anonymous_0)
FN:144,(anonymous_1)
FN:185,(anonymous_2)
FN:189,(anonymous_3)
FN:190,(anonymous_4)
FN:210,(anonymous_5)
FN:227,(anonymous_6)
FN:245,(anonymous_7)
FNF:8
FNH:0
FNDA:0,(anonymous_0)
FNDA:0,(anonymous_1)
FNDA:0,(anonymous_2)
FNDA:0,(anonymous_3)
FNDA:0,(anonymous_4)
FNDA:0,(anonymous_5)
FNDA:0,(anonymous_6)
FNDA:0,(anonymous_7)
DA:103,0
DA:104,0
DA:105,0
DA:106,0
DA:107,0
DA:118,0
DA:119,0
DA:127,0
DA:144,0
DA:152,0
DA:177,0
DA:178,0
DA:185,0
DA:186,0
DA:187,0
DA:188,0
DA:189,0
DA:190,0
DA:191,0
DA:193,0
DA:202,0
DA:203,0
DA:210,0
DA:211,0
DA:212,0
DA:213,0
DA:219,0
DA:220,0
DA:227,0
DA:228,0
DA:229,0
DA:230,0
DA:231,0
DA:237,0
DA:238,0
DA:245,0
DA:246,0
DA:247,0
DA:248,0
DA:254,0
DA:255,0
DA:259,0
LF:42
LH:0
BRDA:145,0,0,0
BRDA:145,0,1,0
BRDA:146,1,0,0
BRDA:146,1,1,0
BRDA:147,2,0,0
BRDA:147,2,1,0
BRDA:148,3,0,0
BRDA:148,3,1,0
BRDA:149,4,0,0
BRDA:149,4,1,0
BRDA:187,5,0,0
BRDA:187,5,1,0
BRDA:191,6,0,0
BRDA:191,6,1,0
BRDA:229,7,0,0
BRDA:229,7,1,0
BRF:16
BRH:0
end_of_record
TN:
SF:src\controllers\auth.controller.js
FN:4,(anonymous_0)
FN:33,(anonymous_1)
FN:64,(anonymous_2)
FNF:3
FNH:2
FNDA:8,(anonymous_0)
FNDA:4,(anonymous_1)
FNDA:0,(anonymous_2)
DA:1,5
DA:2,5
DA:4,5
DA:5,8
DA:6,8
DA:8,8
DA:9,8
DA:10,1
DA:13,7
DA:14,7
DA:16,7
DA:18,7
DA:28,0
DA:29,0
DA:33,5
DA:34,4
DA:35,4
DA:37,4
DA:38,4
DA:39,1
DA:42,3
DA:43,3
DA:44,1
DA:47,2
DA:49,2
DA:59,0
DA:60,0
DA:64,5
DA:65,0
DA:66,0
DA:67,0
DA:68,0
DA:70,0
DA:72,0
DA:73,0
DA:77,5
LF:36
LH:25
BRDA:9,0,0,1
BRDA:9,0,1,7
BRDA:38,1,0,1
BRDA:38,1,1,3
BRDA:43,2,0,1
BRDA:43,2,1,2
BRDA:67,3,0,0
BRDA:67,3,1,0
BRF:8
BRH:6
end_of_record
TN:
SF:src\controllers\auth.profile.controller.js
FN:8,(anonymous_0)
FN:50,(anonymous_1)
FNF:2
FNH:2
FNDA:7,(anonymous_0)
FNDA:6,(anonymous_1)
DA:1,5
DA:2,5
DA:8,5
DA:9,7
DA:10,7
DA:12,7
DA:13,2
DA:16,5
DA:17,1
DA:20,4
DA:28,3
DA:29,0
DA:32,3
DA:38,1
DA:39,1
DA:41,0
DA:42,0
DA:50,5
DA:51,6
DA:52,6
DA:54,6
DA:55,2
DA:58,4
DA:59,1
DA:63,3
DA:68,3
DA:69,0
DA:73,3
DA:74,3
DA:75,1
DA:79,2
DA:80,2
DA:85,2
DA:87,0
DA:88,0
DA:92,5
LF:36
LH:30
BRDA:12,0,0,2
BRDA:12,0,1,5
BRDA:12,1,0,7
BRDA:12,1,1,6
BRDA:16,2,0,1
BRDA:16,2,1,4
BRDA:28,3,0,0
BRDA:28,3,1,3
BRDA:38,4,0,1
BRDA:38,4,1,0
BRDA:54,5,0,2
BRDA:54,5,1,4
BRDA:54,6,0,6
BRDA:54,6,1,5
BRDA:58,7,0,1
BRDA:58,7,1,3
BRDA:68,8,0,0
BRDA:68,8,1,3
BRDA:74,9,0,1
BRDA:74,9,1,2
BRF:20
BRH:17
end_of_record
TN:
SF:src\controllers\event.controller.js
FN:3,(anonymous_0)
FNF:1
FNH:1
FNDA:4,(anonymous_0)
DA:1,5
DA:3,5
DA:4,4
DA:5,4
DA:7,4
DA:8,2
DA:11,2
DA:18,2
DA:27,0
DA:28,0
DA:32,5
LF:11
LH:9
BRDA:7,0,0,2
BRDA:7,0,1,2
BRDA:7,1,0,4
BRDA:7,1,1,3
BRF:4
BRH:4
end_of_record
TN:
SF:src\controllers\events.list.controller.js
FN:8,(anonymous_0)
FN:44,(anonymous_1)
FN:59,(anonymous_2)
FNF:3
FNH:2
FNDA:13,(anonymous_0)
FNDA:0,(anonymous_1)
FNDA:4,(anonymous_2)
DA:1,5
DA:2,5
DA:8,5
DA:9,13
DA:10,13
DA:13,13
DA:14,13
DA:16,13
DA:17,1
DA:19,12
DA:20,1
DA:23,11
DA:24,11
DA:26,11
DA:34,11
DA:36,0
DA:37,0
DA:44,5
DA:45,0
DA:46,0
DA:47,0
DA:48,0
DA:50,0
DA:51,0
DA:59,5
DA:60,4
DA:61,4
DA:62,4
DA:63,2
DA:67,2
DA:78,2
DA:85,0
DA:86,0
DA:90,5
LF:34
LH:24
BRDA:10,0,0,9
BRDA:10,1,0,7
BRDA:16,2,0,1
BRDA:16,2,1,12
BRDA:16,3,0,13
BRDA:16,3,1,3
BRDA:19,4,0,1
BRDA:19,4,1,11
BRDA:19,5,0,12
BRDA:19,5,1,3
BRDA:23,6,0,11
BRDA:23,6,1,0
BRDA:24,7,0,11
BRDA:24,7,1,0
BRDA:47,8,0,0
BRDA:47,8,1,0
BRDA:62,9,0,2
BRDA:62,9,1,2
BRF:18
BRH:14
end_of_record
TN:
SF:src\db\event.model.js
FN:7,(anonymous_0)
FN:48,(anonymous_1)
FN:60,(anonymous_2)
FNF:3
FNH:2
FNDA:11,(anonymous_0)
FNDA:0,(anonymous_1)
FNDA:4,(anonymous_2)
DA:1,5
DA:7,5
DA:8,11
DA:9,11
DA:10,11
DA:11,11
DA:13,11
DA:14,11
DA:15,11
DA:17,11
DA:19,11
DA:37,11
DA:48,5
DA:49,0
DA:54,0
DA:60,5
DA:61,4
DA:68,4
DA:71,5
LF:19
LH:17
BRDA:7,0,0,0
BRDA:7,1,0,0
BRDA:7,2,0,0
BRDA:13,3,0,2
BRDA:13,3,1,9
BRDA:14,4,0,2
BRDA:14,4,1,9
BRDA:15,5,0,2
BRDA:15,5,1,9
BRDA:17,6,0,5
BRDA:17,6,1,6
BRDA:54,7,0,0
BRDA:54,7,1,0
BRDA:68,8,0,4
BRDA:68,8,1,2
BRF:15
BRH:10
end_of_record
TN:
SF:src\db\index.js
FN:63,(anonymous_0)
FN:69,(anonymous_1)
FN:75,(anonymous_2)
FN:76,(anonymous_3)
FNF:4
FNH:2
FNDA:9,(anonymous_0)
FNDA:0,(anonymous_1)
FNDA:72,(anonymous_2)
FNDA:0,(anonymous_3)
DA:34,5
DA:35,5
DA:46,5
DA:61,5
DA:63,5
DA:64,9
DA:65,0
DA:69,5
DA:70,0
DA:74,5
DA:75,72
DA:76,0
LF:12
LH:9
BRDA:46,0,0,0
BRDA:46,0,1,5
BRDA:64,1,0,0
BRDA:64,1,1,9
BRF:4
BRH:2
end_of_record
TN:
SF:src\db\offline.model.js
FN:4,(anonymous_0)
FN:15,(anonymous_1)
FN:34,(anonymous_2)
FN:43,(anonymous_3)
FNF:4
FNH:0
FNDA:0,(anonymous_0)
FNDA:0,(anonymous_1)
FNDA:0,(anonymous_2)
FNDA:0,(anonymous_3)
DA:1,5
DA:4,5
DA:6,0
DA:15,5
DA:16,0
DA:30,0
DA:34,5
DA:35,0
DA:39,0
DA:43,5
DA:44,0
DA:48,0
DA:51,5
LF:13
LH:6
BRF:0
BRH:0
end_of_record
TN:
SF:src\db\subscription.model.js
FN:3,(anonymous_0)
FN:14,(anonymous_1)
FN:22,(anonymous_2)
FNF:3
FNH:0
FNDA:0,(anonymous_0)
FNDA:0,(anonymous_1)
FNDA:0,(anonymous_2)
DA:1,0
DA:3,0
DA:4,0
DA:11,0
DA:14,0
DA:15,0
DA:19,0
DA:22,0
DA:23,0
DA:27,0
DA:30,0
LF:11
LH:0
BRDA:11,0,0,0
BRDA:11,0,1,0
BRF:2
BRH:0
end_of_record
TN:
SF:src\db\user.model.js
FN:3,(anonymous_0)
FN:13,(anonymous_1)
FN:22,(anonymous_2)
FNF:3
FNH:2
FNDA:7,(anonymous_0)
FNDA:12,(anonymous_1)
FNDA:0,(anonymous_2)
DA:1,5
DA:3,5
DA:4,7
DA:10,7
DA:13,5
DA:14,12
DA:19,12
DA:22,5
DA:23,0
DA:28,0
DA:31,5
LF:11
LH:9
BRDA:19,0,0,12
BRDA:19,0,1,8
BRDA:28,1,0,0
BRDA:28,1,1,0
BRF:4
BRH:2
end_of_record
TN:
SF:src\middleware\auth.js
FN:3,(anonymous_0)
FNF:1
FNH:1
FNDA:42,(anonymous_0)
DA:1,5
DA:3,5
DA:4,42
DA:6,42
DA:7,5
DA:10,37
DA:12,37
DA:13,37
DA:14,34
DA:15,34
DA:17,3
DA:18,0
DA:20,3
DA:24,5
LF:14
LH:13
BRDA:6,0,0,5
BRDA:6,0,1,37
BRDA:6,1,0,42
BRDA:6,1,1,37
BRDA:17,2,0,0
BRDA:17,2,1,3
BRF:6
BRH:5
end_of_record
TN:
SF:src\middleware\rate.limiter.js
FNF:0
FNH:0
DA:1,0
DA:2,0
DA:5,0
DA:17,0
DA:29,0
DA:35,0
LF:6
LH:0
BRDA:10,0,0,0
BRDA:10,0,1,0
BRDA:22,1,0,0
BRDA:22,1,1,0
BRF:4
BRH:0
end_of_record
TN:
SF:src\middleware\validate.js
FN:1,(anonymous_0)
FN:30,(anonymous_1)
FNF:2
FNH:2
FNDA:11,(anonymous_0)
FNDA:5,(anonymous_1)
DA:1,5
DA:2,11
DA:4,11
DA:5,1
DA:10,10
DA:11,10
DA:12,1
DA:15,9
DA:16,0
DA:21,9
DA:22,1
DA:27,8
DA:30,5
DA:31,5
DA:33,5
DA:34,1
DA:37,4
DA:40,5
LF:18
LH:17
BRDA:4,0,0,1
BRDA:4,0,1,10
BRDA:4,1,0,11
BRDA:4,1,1,11
BRDA:4,1,2,11
BRDA:11,2,0,1
BRDA:11,2,1,9
BRDA:15,3,0,0
BRDA:15,3,1,9
BRDA:15,4,0,9
BRDA:15,4,1,9
BRDA:21,5,0,1
BRDA:21,5,1,8
BRDA:33,6,0,1
BRDA:33,6,1,4
BRDA:33,7,0,5
BRDA:33,7,1,5
BRF:17
BRH:16
end_of_record
TN:
SF:src\routes\analytics.routes.js
FNF:0
FNH:0
DA:1,0
DA:2,0
DA:3,0
DA:10,0
DA:12,0
DA:13,0
DA:14,0
DA:15,0
DA:16,0
DA:18,0
LF:10
LH:0
BRF:0
BRH:0
end_of_record
TN:
SF:src\routes\auth.routes.js
FNF:0
FNH:0
DA:1,5
DA:2,5
DA:3,5
DA:4,5
DA:5,5
DA:6,5
DA:9,5
DA:10,5
DA:11,5
DA:14,5
DA:15,5
DA:17,5
LF:12
LH:12
BRF:0
BRH:0
end_of_record
TN:
SF:src\routes\event.routes.js
FNF:0
FNH:0
DA:1,5
DA:2,5
DA:3,5
DA:4,5
DA:5,5
DA:8,5
DA:11,5
DA:14,5
DA:17,5
DA:19,5
LF:10
LH:10
BRF:0
BRH:0
end_of_record
TN:
SF:src\routes\subscription.routes.js
FN:6,(anonymous_0)
FN:13,(anonymous_1)
FN:20,(anonymous_2)
FNF:3
FNH:0
FNDA:0,(anonymous_0)
FNDA:0,(anonymous_1)
FNDA:0,(anonymous_2)
DA:1,0
DA:2,0
DA:3,0
DA:4,0
DA:6,0
DA:7,0
DA:8,0
DA:9,0
DA:10,0
DA:13,0
DA:14,0
DA:15,0
DA:16,0
DA:17,0
DA:20,0
DA:21,0
DA:22,0
DA:25,0
LF:18
LH:0
BRDA:8,0,0,0
BRDA:8,0,1,0
BRDA:10,1,0,0
BRDA:10,1,1,0
BRDA:15,2,0,0
BRDA:15,2,1,0
BRDA:17,3,0,0
BRDA:17,3,1,0
BRF:8
BRH:0
end_of_record
TN:
SF:src\services\anomaly.detector.js
FN:15,(anonymous_0)
FN:18,(anonymous_1)
FN:19,(anonymous_2)
FN:35,(anonymous_3)
FN:38,(anonymous_4)
FN:63,(anonymous_5)
FN:78,(anonymous_6)
FN:80,(anonymous_7)
FNF:8
FNH:3
FNDA:8,(anonymous_0)
FNDA:50,(anonymous_1)
FNDA:50,(anonymous_2)
FNDA:0,(anonymous_3)
FNDA:0,(anonymous_4)
FNDA:0,(anonymous_5)
FNDA:0,(anonymous_6)
FNDA:0,(anonymous_7)
DA:1,6
DA:2,6
DA:3,6
DA:4,6
DA:6,6
DA:7,6
DA:8,6
DA:15,6
DA:16,8
DA:18,50
DA:19,50
DA:20,6
DA:23,6
DA:25,5
DA:26,5
DA:28,5
DA:35,6
DA:37,0
DA:38,0
DA:40,0
DA:42,0
DA:45,0
DA:57,0
DA:58,0
DA:59,0
DA:62,0
DA:63,0
DA:64,0
DA:70,0
DA:72,0
DA:78,6
DA:79,0
DA:80,0
DA:83,6
LF:34
LH:19
BRDA:16,0,0,2
BRDA:16,0,1,6
BRDA:23,1,0,1
BRDA:23,1,1,5
BRDA:42,2,0,0
BRDA:42,2,1,0
BRDA:52,3,0,0
BRDA:52,3,1,0
BRDA:78,4,0,0
BRF:9
BRH:4
end_of_record
TN:
SF:src\services\auth.service.js
FN:7,(anonymous_0)
FN:11,(anonymous_1)
FN:15,(anonymous_2)
FN:21,(anonymous_3)
FNF:4
FNH:4
FNDA:14,(anonymous_0)
FNDA:8,(anonymous_1)
FNDA:12,(anonymous_2)
FNDA:40,(anonymous_3)
DA:1,6
DA:2,6
DA:3,6
DA:5,6
DA:7,6
DA:8,14
DA:11,6
DA:12,8
DA:15,6
DA:16,12
DA:21,6
DA:22,40
DA:25,6
LF:13
LH:13
BRF:0
BRH:0
end_of_record
TN:
SF:src\services\connection.manager.js
FN:6,(anonymous_0)
FN:17,(anonymous_1)
FN:29,(anonymous_2)
FN:36,(anonymous_3)
FN:46,(anonymous_4)
FN:48,(anonymous_5)
FN:50,(anonymous_6)
FN:54,(anonymous_7)
FNF:8
FNH:0
FNDA:0,(anonymous_0)
FNDA:0,(anonymous_1)
FNDA:0,(anonymous_2)
FNDA:0,(anonymous_3)
FNDA:0,(anonymous_4)
FNDA:0,(anonymous_5)
FNDA:0,(anonymous_6)
FNDA:0,(anonymous_7)
DA:1,6
DA:4,6
DA:6,6
DA:7,0
DA:8,0
DA:10,0
DA:13,0
DA:14,0
DA:17,6
DA:18,0
DA:19,0
DA:20,0
DA:21,0
DA:22,0
DA:23,0
DA:24,0
DA:29,6
DA:30,0
DA:31,0
DA:33,0
DA:34,0
DA:36,0
DA:37,0
DA:38,0
DA:39,0
DA:43,0
DA:46,6
DA:48,6
DA:49,0
DA:50,0
DA:51,0
DA:54,6
DA:56,6
LF:33
LH:9
BRDA:7,0,0,0
BRDA:7,0,1,0
BRDA:19,1,0,0
BRDA:19,1,1,0
BRDA:21,2,0,0
BRDA:21,2,1,0
BRDA:31,3,0,0
BRDA:31,3,1,0
BRDA:37,4,0,0
BRDA:37,4,1,0
BRF:10
BRH:0
end_of_record
TN:
SF:src\services\event.service.js
FN:5,(anonymous_0)
FNF:1
FNH:1
FNDA:2,(anonymous_0)
DA:1,5
DA:2,5
DA:3,5
DA:5,5
DA:7,2
DA:10,2
DA:16,2
DA:19,2
DA:24,2
DA:33,5
LF:10
LH:10
BRF:0
BRH:0
end_of_record
TN:
SF:src\services\metrics.service.js
FN:9,(anonymous_0)
FN:40,(anonymous_1)
FN:51,(anonymous_2)
FN:60,(anonymous_3)
FN:68,(anonymous_4)
FN:69,(anonymous_5)
FN:70,(anonymous_6)
FN:72,(anonymous_7)
FN:85,(anonymous_8)
FN:90,(anonymous_9)
FN:93,(anonymous_10)
FN:96,(anonymous_11)
FN:102,(anonymous_12)
FN:105,(anonymous_13)
FN:108,(anonymous_14)
FNF:15
FNH:0
FNDA:0,(anonymous_0)
FNDA:0,(anonymous_1)
FNDA:0,(anonymous_2)
FNDA:0,(anonymous_3)
FNDA:0,(anonymous_4)
FNDA:0,(anonymous_5)
FNDA:0,(anonymous_6)
FNDA:0,(anonymous_7)
FNDA:0,(anonymous_8)
FNDA:0,(anonymous_9)
FNDA:0,(anonymous_10)
FNDA:0,(anonymous_11)
FNDA:0,(anonymous_12)
FNDA:0,(anonymous_13)
FNDA:0,(anonymous_14)
DA:1,6
DA:3,6
DA:9,6
DA:10,0
DA:11,0
DA:13,0
DA:16,0
DA:17,0
DA:20,0
DA:21,0
DA:24,0
DA:25,0
DA:28,0
DA:29,0
DA:30,0
DA:33,0
DA:40,6
DA:41,0
DA:42,0
DA:43,0
DA:45,0
DA:46,0
DA:49,0
DA:51,0
DA:60,6
DA:61,0
DA:63,0
DA:64,0
DA:67,0
DA:68,0
DA:69,0
DA:70,0
DA:72,0
DA:74,0
DA:85,6
DA:86,0
DA:87,0
DA:89,0
DA:90,0
DA:91,0
DA:93,0
DA:96,0
DA:102,6
DA:103,0
DA:104,0
DA:105,0
DA:106,0
DA:108,0
DA:114,6
LF:49
LH:8
BRDA:28,0,0,0
BRDA:28,0,1,0
BRDA:40,1,0,0
BRDA:53,2,0,0
BRDA:53,2,1,0
BRDA:63,3,0,0
BRDA:63,3,1,0
BRDA:72,4,0,0
BRDA:72,4,1,0
BRDA:87,5,0,0
BRDA:87,5,1,0
BRDA:95,6,0,0
BRDA:95,6,1,0
BRDA:110,7,0,0
BRDA:110,7,1,0
BRF:15
BRH:0
end_of_record
TN:
SF:src\services\offline.sync.service.js
FN:14,(anonymous_0)
FN:42,(anonymous_1)
FN:80,(anonymous_2)
FNF:3
FNH:0
FNDA:0,(anonymous_0)
FNDA:0,(anonymous_1)
FNDA:0,(anonymous_2)
DA:1,5
DA:7,5
DA:8,5
DA:14,5
DA:16,0
DA:21,0
DA:23,0
DA:24,0
DA:25,0
DA:26,0
DA:30,0
DA:31,0
DA:34,0
DA:42,5
DA:43,0
DA:45,0
DA:46,0
DA:51,0
DA:54,0
DA:57,0
DA:63,0
DA:64,0
DA:66,0
DA:67,0
DA:77,0
DA:80,0
DA:84,0
DA:86,0
DA:93,0
DA:94,0
DA:97,5
LF:31
LH:6
BRDA:24,0,0,0
BRDA:24,0,1,0
BRDA:30,1,0,0
BRDA:30,1,1,0
BRDA:45,2,0,0
BRDA:45,2,1,0
BRDA:77,3,0,0
BRDA:77,3,1,0
BRF:8
BRH:0
end_of_record
TN:
SF:src\services\priority.classifier.js
FN:22,(anonymous_0)
FN:26,(anonymous_1)
FN:30,(anonymous_2)
FN:55,(anonymous_3)
FN:63,(anonymous_4)
FN:66,(anonymous_5)
FNF:6
FNH:6
FNDA:8,(anonymous_0)
FNDA:120,(anonymous_1)
FNDA:80,(anonymous_2)
FNDA:17,(anonymous_3)
FNDA:55,(anonymous_4)
FNDA:43,(anonymous_5)
DA:8,6
DA:14,6
DA:19,6
DA:20,6
DA:22,6
DA:23,8
DA:24,8
DA:26,8
DA:27,120
DA:30,8
DA:31,80
DA:39,8
DA:40,1
DA:41,7
DA:42,0
DA:43,7
DA:44,0
DA:48,8
DA:49,8
DA:50,8
DA:52,8
DA:55,6
DA:57,17
DA:58,3
DA:62,14
DA:63,55
DA:64,4
DA:66,43
DA:67,2
DA:71,8
DA:73,8
DA:74,5
DA:75,4
DA:78,6
LF:34
LH:32
BRDA:27,0,0,3
BRDA:27,0,1,117
BRDA:31,1,0,3
BRDA:31,1,1,77
BRDA:39,2,0,1
BRDA:39,2,1,7
BRDA:39,3,0,8
BRDA:39,3,1,2
BRDA:41,4,0,0
BRDA:41,4,1,7
BRDA:41,5,0,7
BRDA:41,5,1,1
BRDA:43,6,0,0
BRDA:43,6,1,7
BRDA:43,7,0,7
BRDA:43,7,1,1
BRDA:48,8,0,1
BRDA:48,8,1,7
BRDA:49,9,0,0
BRDA:49,9,1,8
BRDA:50,10,0,0
BRDA:50,10,1,8
BRDA:55,11,0,0
BRDA:55,12,0,0
BRDA:55,13,0,13
BRDA:57,14,0,3
BRDA:57,14,1,14
BRDA:57,15,0,17
BRDA:57,15,1,4
BRDA:63,16,0,4
BRDA:63,16,1,10
BRDA:66,17,0,2
BRDA:66,17,1,8
BRDA:73,18,0,3
BRDA:73,18,1,5
BRDA:74,19,0,1
BRDA:74,19,1,4
BRF:37
BRH:31
end_of_record
TN:
SF:src\services\queue.manager.js
FN:30,(anonymous_0)
FN:63,(anonymous_1)
FN:79,(anonymous_2)
FN:84,(anonymous_3)
FN:114,(anonymous_4)
FN:115,(anonymous_5)
FN:119,(anonymous_6)
FN:125,(anonymous_7)
FNF:8
FNH:2
FNDA:4,(anonymous_0)
FNDA:0,(anonymous_1)
FNDA:0,(anonymous_2)
FNDA:0,(anonymous_3)
FNDA:15,(anonymous_4)
FNDA:0,(anonymous_5)
FNDA:0,(anonymous_6)
FNDA:0,(anonymous_7)
DA:1,5
DA:2,5
DA:3,5
DA:4,5
DA:6,5
DA:7,5
DA:10,5
DA:15,5
DA:22,5
DA:23,5
DA:24,5
DA:27,5
DA:30,5
DA:31,4
DA:33,4
DA:42,4
DA:50,4
DA:52,4
DA:54,2
DA:56,1
DA:58,1
DA:63,5
DA:64,0
DA:65,0
DA:68,0
DA:73,0
DA:76,0
DA:79,0
DA:80,0
DA:84,0
DA:85,0
DA:89,0
DA:94,0
DA:98,5
DA:103,5
DA:108,5
DA:114,5
DA:115,15
DA:116,0
DA:119,15
DA:120,0
DA:125,5
DA:126,0
DA:132,0
DA:139,5
LF:45
LH:30
BRDA:11,0,0,5
BRDA:11,0,1,0
BRDA:12,1,0,5
BRDA:12,1,1,0
BRDA:30,2,0,0
BRDA:43,3,0,4
BRDA:43,3,1,0
BRDA:52,4,0,2
BRDA:52,4,1,1
BRDA:52,4,2,1
BRF:10
BRH:6
end_of_record
TN:
SF:src\services\websocket.server.js
FN:10,(anonymous_0)
FN:14,(anonymous_1)
FN:20,(anonymous_2)
FN:31,(anonymous_3)
FN:46,(anonymous_4)
FN:76,(anonymous_5)
FN:80,(anonymous_6)
FN:82,(anonymous_7)
FN:93,(anonymous_8)
FN:97,(anonymous_9)
FN:103,(anonymous_10)
FN:104,(anonymous_11)
FN:114,(anonymous_12)
FN:120,(anonymous_13)
FNF:14
FNH:0
FNDA:0,(anonymous_0)
FNDA:0,(anonymous_1)
FNDA:0,(anonymous_2)
FNDA:0,(anonymous_3)
FNDA:0,(anonymous_4)
FNDA:0,(anonymous_5)
FNDA:0,(anonymous_6)
FNDA:0,(anonymous_7)
FNDA:0,(anonymous_8)
FNDA:0,(anonymous_9)
FNDA:0,(anonymous_10)
FNDA:0,(anonymous_11)
FNDA:0,(anonymous_12)
FNDA:0,(anonymous_13)
DA:1,0
DA:2,0
DA:3,0
DA:4,0
DA:5,0
DA:6,0
DA:8,0
DA:10,0
DA:11,0
DA:14,0
DA:15,0
DA:16,0
DA:20,0
DA:21,0
DA:22,0
DA:23,0
DA:26,0
DA:31,0
DA:32,0
DA:42,0
DA:46,0
DA:48,0
DA:49,0
DA:51,0
DA:52,0
DA:53,0
DA:57,0
DA:58,0
DA:60,0
DA:61,0
DA:64,0
DA:65,0
DA:68,0
DA:76,0
DA:79,0
DA:80,0
DA:82,0
DA:83,0
DA:84,0
DA:85,0
DA:86,0
DA:89,0
DA:93,0
DA:94,0
DA:97,0
DA:98,0
DA:103,0
DA:104,0
DA:105,0
DA:106,0
DA:107,0
DA:109,0
DA:110,0
DA:114,0
DA:116,0
DA:117,0
DA:120,0
DA:122,0
LF:58
LH:0
BRDA:15,0,0,0
BRDA:15,0,1,0
BRDA:51,1,0,0
BRDA:51,1,1,0
BRDA:85,2,0,0
BRDA:85,2,1,0
BRDA:105,3,0,0
BRDA:105,3,1,0
BRF:8
BRH:0
end_of_record
